/home/projectcloudbristol/express_worker/app.js:55
	var obj = [object:'test'];
	                 ^
SyntaxError: Unexpected token :
    at Object.exports.runInThisContext (vm.js:76:16)
    at Module._compile (module.js:542:28)
    at Object.Module._extensions..js (module.js:579:10)
    at Module.load (module.js:487:32)
    at tryModuleLoad (module.js:446:12)
    at Function.Module._load (module.js:438:3)
    at Function._load (/usr/lib/node_modules/pm2/node_modules/pmx/lib/transaction.js:62:21)
    at Object.<anonymous> (/usr/lib/node_modules/pm2/lib/ProcessContainerFork.js:52:21)
    at Module._compile (module.js:570:32)
    at Object.Module._extensions..js (module.js:579:10)
/home/projectcloudbristol/express_worker/app.js:55
	var obj = [object:'test'];
	                 ^
SyntaxError: Unexpected token :
    at Object.exports.runInThisContext (vm.js:76:16)
    at Module._compile (module.js:542:28)
    at Object.Module._extensions..js (module.js:579:10)
    at Module.load (module.js:487:32)
    at tryModuleLoad (module.js:446:12)
    at Function.Module._load (module.js:438:3)
    at Function._load (/usr/lib/node_modules/pm2/node_modules/pmx/lib/transaction.js:62:21)
    at Object.<anonymous> (/usr/lib/node_modules/pm2/lib/ProcessContainerFork.js:52:21)
    at Module._compile (module.js:570:32)
    at Object.Module._extensions..js (module.js:579:10)
/home/projectcloudbristol/express_worker/app.js:55
	var obj = [object:'test'];
	                 ^
SyntaxError: Unexpected token :
    at Object.exports.runInThisContext (vm.js:76:16)
    at Module._compile (module.js:542:28)
    at Object.Module._extensions..js (module.js:579:10)
    at Module.load (module.js:487:32)
    at tryModuleLoad (module.js:446:12)
    at Function.Module._load (module.js:438:3)
    at Function._load (/usr/lib/node_modules/pm2/node_modules/pmx/lib/transaction.js:62:21)
    at Object.<anonymous> (/usr/lib/node_modules/pm2/lib/ProcessContainerFork.js:52:21)
    at Module._compile (module.js:570:32)
    at Object.Module._extensions..js (module.js:579:10)
/home/projectcloudbristol/express_worker/app.js:55
	var obj = [object:'test'];
	                 ^
SyntaxError: Unexpected token :
    at Object.exports.runInThisContext (vm.js:76:16)
    at Module._compile (module.js:542:28)
    at Object.Module._extensions..js (module.js:579:10)
    at Module.load (module.js:487:32)
    at tryModuleLoad (module.js:446:12)
    at Function.Module._load (module.js:438:3)
    at Function._load (/usr/lib/node_modules/pm2/node_modules/pmx/lib/transaction.js:62:21)
    at Object.<anonymous> (/usr/lib/node_modules/pm2/lib/ProcessContainerFork.js:52:21)
    at Module._compile (module.js:570:32)
    at Object.Module._extensions..js (module.js:579:10)
/home/projectcloudbristol/express_worker/app.js:55
	var obj = [object:'test'];
	                 ^
SyntaxError: Unexpected token :
    at Object.exports.runInThisContext (vm.js:76:16)
    at Module._compile (module.js:542:28)
    at Object.Module._extensions..js (module.js:579:10)
    at Module.load (module.js:487:32)
    at tryModuleLoad (module.js:446:12)
    at Function.Module._load (module.js:438:3)
    at Function._load (/usr/lib/node_modules/pm2/node_modules/pmx/lib/transaction.js:62:21)
    at Object.<anonymous> (/usr/lib/node_modules/pm2/lib/ProcessContainerFork.js:52:21)
    at Module._compile (module.js:570:32)
    at Object.Module._extensions..js (module.js:579:10)
/home/projectcloudbristol/express_worker/app.js:55
	var obj = [object:'test'];
	                 ^
SyntaxError: Unexpected token :
    at Object.exports.runInThisContext (vm.js:76:16)
    at Module._compile (module.js:542:28)
    at Object.Module._extensions..js (module.js:579:10)
    at Module.load (module.js:487:32)
    at tryModuleLoad (module.js:446:12)
    at Function.Module._load (module.js:438:3)
    at Function._load (/usr/lib/node_modules/pm2/node_modules/pmx/lib/transaction.js:62:21)
    at Object.<anonymous> (/usr/lib/node_modules/pm2/lib/ProcessContainerFork.js:52:21)
    at Module._compile (module.js:570:32)
    at Object.Module._extensions..js (module.js:579:10)
/home/projectcloudbristol/express_worker/app.js:55
	var obj = [object:'test'];
	                 ^
SyntaxError: Unexpected token :
    at Object.exports.runInThisContext (vm.js:76:16)
    at Module._compile (module.js:542:28)
    at Object.Module._extensions..js (module.js:579:10)
    at Module.load (module.js:487:32)
    at tryModuleLoad (module.js:446:12)
    at Function.Module._load (module.js:438:3)
    at Function._load (/usr/lib/node_modules/pm2/node_modules/pmx/lib/transaction.js:62:21)
    at Object.<anonymous> (/usr/lib/node_modules/pm2/lib/ProcessContainerFork.js:52:21)
    at Module._compile (module.js:570:32)
    at Object.Module._extensions..js (module.js:579:10)
/home/projectcloudbristol/express_worker/app.js:55
	var obj = [object:'test'];
	                 ^
SyntaxError: Unexpected token :
    at Object.exports.runInThisContext (vm.js:76:16)
    at Module._compile (module.js:542:28)
    at Object.Module._extensions..js (module.js:579:10)
    at Module.load (module.js:487:32)
    at tryModuleLoad (module.js:446:12)
    at Function.Module._load (module.js:438:3)
    at Function._load (/usr/lib/node_modules/pm2/node_modules/pmx/lib/transaction.js:62:21)
    at Object.<anonymous> (/usr/lib/node_modules/pm2/lib/ProcessContainerFork.js:52:21)
    at Module._compile (module.js:570:32)
    at Object.Module._extensions..js (module.js:579:10)
/home/projectcloudbristol/express_worker/app.js:55
	var obj = [object:'test'];
	                 ^
SyntaxError: Unexpected token :
    at Object.exports.runInThisContext (vm.js:76:16)
    at Module._compile (module.js:542:28)
    at Object.Module._extensions..js (module.js:579:10)
    at Module.load (module.js:487:32)
    at tryModuleLoad (module.js:446:12)
    at Function.Module._load (module.js:438:3)
    at Function._load (/usr/lib/node_modules/pm2/node_modules/pmx/lib/transaction.js:62:21)
    at Object.<anonymous> (/usr/lib/node_modules/pm2/lib/ProcessContainerFork.js:52:21)
    at Module._compile (module.js:570:32)
    at Object.Module._extensions..js (module.js:579:10)
/home/projectcloudbristol/express_worker/app.js:55
	var obj = [object:'test'];
	                 ^
SyntaxError: Unexpected token :
    at Object.exports.runInThisContext (vm.js:76:16)
    at Module._compile (module.js:542:28)
    at Object.Module._extensions..js (module.js:579:10)
    at Module.load (module.js:487:32)
    at tryModuleLoad (module.js:446:12)
    at Function.Module._load (module.js:438:3)
    at Function._load (/usr/lib/node_modules/pm2/node_modules/pmx/lib/transaction.js:62:21)
    at Object.<anonymous> (/usr/lib/node_modules/pm2/lib/ProcessContainerFork.js:52:21)
    at Module._compile (module.js:570:32)
    at Object.Module._extensions..js (module.js:579:10)
/home/projectcloudbristol/express_worker/app.js:55
	var obj = [object:'test'];
	                 ^
SyntaxError: Unexpected token :
    at Object.exports.runInThisContext (vm.js:76:16)
    at Module._compile (module.js:542:28)
    at Object.Module._extensions..js (module.js:579:10)
    at Module.load (module.js:487:32)
    at tryModuleLoad (module.js:446:12)
    at Function.Module._load (module.js:438:3)
    at Function._load (/usr/lib/node_modules/pm2/node_modules/pmx/lib/transaction.js:62:21)
    at Object.<anonymous> (/usr/lib/node_modules/pm2/lib/ProcessContainerFork.js:52:21)
    at Module._compile (module.js:570:32)
    at Object.Module._extensions..js (module.js:579:10)
/home/projectcloudbristol/express_worker/app.js:55
	var obj = [object:'test'];
	                 ^
SyntaxError: Unexpected token :
    at Object.exports.runInThisContext (vm.js:76:16)
    at Module._compile (module.js:542:28)
    at Object.Module._extensions..js (module.js:579:10)
    at Module.load (module.js:487:32)
    at tryModuleLoad (module.js:446:12)
    at Function.Module._load (module.js:438:3)
    at Function._load (/usr/lib/node_modules/pm2/node_modules/pmx/lib/transaction.js:62:21)
    at Object.<anonymous> (/usr/lib/node_modules/pm2/lib/ProcessContainerFork.js:52:21)
    at Module._compile (module.js:570:32)
    at Object.Module._extensions..js (module.js:579:10)
/home/projectcloudbristol/express_worker/app.js:55
	var obj = [object:'test'];
	                 ^
SyntaxError: Unexpected token :
    at Object.exports.runInThisContext (vm.js:76:16)
    at Module._compile (module.js:542:28)
    at Object.Module._extensions..js (module.js:579:10)
    at Module.load (module.js:487:32)
    at tryModuleLoad (module.js:446:12)
    at Function.Module._load (module.js:438:3)
    at Function._load (/usr/lib/node_modules/pm2/node_modules/pmx/lib/transaction.js:62:21)
    at Object.<anonymous> (/usr/lib/node_modules/pm2/lib/ProcessContainerFork.js:52:21)
    at Module._compile (module.js:570:32)
    at Object.Module._extensions..js (module.js:579:10)
/home/projectcloudbristol/express_worker/app.js:55
	var obj = [object:'test'];
	                 ^
SyntaxError: Unexpected token :
    at Object.exports.runInThisContext (vm.js:76:16)
    at Module._compile (module.js:542:28)
    at Object.Module._extensions..js (module.js:579:10)
    at Module.load (module.js:487:32)
    at tryModuleLoad (module.js:446:12)
    at Function.Module._load (module.js:438:3)
    at Function._load (/usr/lib/node_modules/pm2/node_modules/pmx/lib/transaction.js:62:21)
    at Object.<anonymous> (/usr/lib/node_modules/pm2/lib/ProcessContainerFork.js:52:21)
    at Module._compile (module.js:570:32)
    at Object.Module._extensions..js (module.js:579:10)
/home/projectcloudbristol/express_worker/app.js:55
	var obj = [object:'test'];
	                 ^
SyntaxError: Unexpected token :
    at Object.exports.runInThisContext (vm.js:76:16)
    at Module._compile (module.js:542:28)
    at Object.Module._extensions..js (module.js:579:10)
    at Module.load (module.js:487:32)
    at tryModuleLoad (module.js:446:12)
    at Function.Module._load (module.js:438:3)
    at Function._load (/usr/lib/node_modules/pm2/node_modules/pmx/lib/transaction.js:62:21)
    at Object.<anonymous> (/usr/lib/node_modules/pm2/lib/ProcessContainerFork.js:52:21)
    at Module._compile (module.js:570:32)
    at Object.Module._extensions..js (module.js:579:10)
/home/projectcloudbristol/express_worker/app.js:55
	var obj = [object:'test'];
	                 ^
SyntaxError: Unexpected token :
    at Object.exports.runInThisContext (vm.js:76:16)
    at Module._compile (module.js:542:28)
    at Object.Module._extensions..js (module.js:579:10)
    at Module.load (module.js:487:32)
    at tryModuleLoad (module.js:446:12)
    at Function.Module._load (module.js:438:3)
    at Function._load (/usr/lib/node_modules/pm2/node_modules/pmx/lib/transaction.js:62:21)
    at Object.<anonymous> (/usr/lib/node_modules/pm2/lib/ProcessContainerFork.js:52:21)
    at Module._compile (module.js:570:32)
    at Object.Module._extensions..js (module.js:579:10)
/home/projectcloudbristol/express_worker/app.js:55
	var obj = [object:'test'];
	                 ^
SyntaxError: Unexpected token :
    at Object.exports.runInThisContext (vm.js:76:16)
    at Module._compile (module.js:542:28)
    at Object.Module._extensions..js (module.js:579:10)
    at Module.load (module.js:487:32)
    at tryModuleLoad (module.js:446:12)
    at Function.Module._load (module.js:438:3)
    at Function._load (/usr/lib/node_modules/pm2/node_modules/pmx/lib/transaction.js:62:21)
    at Object.<anonymous> (/usr/lib/node_modules/pm2/lib/ProcessContainerFork.js:52:21)
    at Module._compile (module.js:570:32)
    at Object.Module._extensions..js (module.js:579:10)
/home/projectcloudbristol/express_worker/app.js:55
	var obj = [object:'test'];
	                 ^
SyntaxError: Unexpected token :
    at Object.exports.runInThisContext (vm.js:76:16)
    at Module._compile (module.js:542:28)
    at Object.Module._extensions..js (module.js:579:10)
    at Module.load (module.js:487:32)
    at tryModuleLoad (module.js:446:12)
    at Function.Module._load (module.js:438:3)
    at Function._load (/usr/lib/node_modules/pm2/node_modules/pmx/lib/transaction.js:62:21)
    at Object.<anonymous> (/usr/lib/node_modules/pm2/lib/ProcessContainerFork.js:52:21)
    at Module._compile (module.js:570:32)
    at Object.Module._extensions..js (module.js:579:10)
/home/projectcloudbristol/express_worker/app.js:55
	var obj = [object:'test'];
	                 ^
SyntaxError: Unexpected token :
    at Object.exports.runInThisContext (vm.js:76:16)
    at Module._compile (module.js:542:28)
    at Object.Module._extensions..js (module.js:579:10)
    at Module.load (module.js:487:32)
    at tryModuleLoad (module.js:446:12)
    at Function.Module._load (module.js:438:3)
    at Function._load (/usr/lib/node_modules/pm2/node_modules/pmx/lib/transaction.js:62:21)
    at Object.<anonymous> (/usr/lib/node_modules/pm2/lib/ProcessContainerFork.js:52:21)
    at Module._compile (module.js:570:32)
    at Object.Module._extensions..js (module.js:579:10)
/home/projectcloudbristol/express_worker/app.js:55
	var obj = [object:'test'];
	                 ^
SyntaxError: Unexpected token :
    at Object.exports.runInThisContext (vm.js:76:16)
    at Module._compile (module.js:542:28)
    at Object.Module._extensions..js (module.js:579:10)
    at Module.load (module.js:487:32)
    at tryModuleLoad (module.js:446:12)
    at Function.Module._load (module.js:438:3)
    at Function._load (/usr/lib/node_modules/pm2/node_modules/pmx/lib/transaction.js:62:21)
    at Object.<anonymous> (/usr/lib/node_modules/pm2/lib/ProcessContainerFork.js:52:21)
    at Module._compile (module.js:570:32)
    at Object.Module._extensions..js (module.js:579:10)
/home/projectcloudbristol/express_worker/app.js:55
	var obj = [object:'test'];
	                 ^
SyntaxError: Unexpected token :
    at Object.exports.runInThisContext (vm.js:76:16)
    at Module._compile (module.js:542:28)
    at Object.Module._extensions..js (module.js:579:10)
    at Module.load (module.js:487:32)
    at tryModuleLoad (module.js:446:12)
    at Function.Module._load (module.js:438:3)
    at Function._load (/usr/lib/node_modules/pm2/node_modules/pmx/lib/transaction.js:62:21)
    at Object.<anonymous> (/usr/lib/node_modules/pm2/lib/ProcessContainerFork.js:52:21)
    at Module._compile (module.js:570:32)
    at Object.Module._extensions..js (module.js:579:10)
/home/projectcloudbristol/express_worker/app.js:55
	var obj = [object:'test'];
	                 ^
SyntaxError: Unexpected token :
    at Object.exports.runInThisContext (vm.js:76:16)
    at Module._compile (module.js:542:28)
    at Object.Module._extensions..js (module.js:579:10)
    at Module.load (module.js:487:32)
    at tryModuleLoad (module.js:446:12)
    at Function.Module._load (module.js:438:3)
    at Function._load (/usr/lib/node_modules/pm2/node_modules/pmx/lib/transaction.js:62:21)
    at Object.<anonymous> (/usr/lib/node_modules/pm2/lib/ProcessContainerFork.js:52:21)
    at Module._compile (module.js:570:32)
    at Object.Module._extensions..js (module.js:579:10)
/home/projectcloudbristol/express_worker/app.js:55
	var obj = [object:'test'];
	                 ^
SyntaxError: Unexpected token :
    at Object.exports.runInThisContext (vm.js:76:16)
    at Module._compile (module.js:542:28)
    at Object.Module._extensions..js (module.js:579:10)
    at Module.load (module.js:487:32)
    at tryModuleLoad (module.js:446:12)
    at Function.Module._load (module.js:438:3)
    at Function._load (/usr/lib/node_modules/pm2/node_modules/pmx/lib/transaction.js:62:21)
    at Object.<anonymous> (/usr/lib/node_modules/pm2/lib/ProcessContainerFork.js:52:21)
    at Module._compile (module.js:570:32)
    at Object.Module._extensions..js (module.js:579:10)
/home/projectcloudbristol/express_worker/app.js:55
	var obj = [object:'test'];
	                 ^
SyntaxError: Unexpected token :
    at Object.exports.runInThisContext (vm.js:76:16)
    at Module._compile (module.js:542:28)
    at Object.Module._extensions..js (module.js:579:10)
    at Module.load (module.js:487:32)
    at tryModuleLoad (module.js:446:12)
    at Function.Module._load (module.js:438:3)
    at Function._load (/usr/lib/node_modules/pm2/node_modules/pmx/lib/transaction.js:62:21)
    at Object.<anonymous> (/usr/lib/node_modules/pm2/lib/ProcessContainerFork.js:52:21)
    at Module._compile (module.js:570:32)
    at Object.Module._extensions..js (module.js:579:10)
/home/projectcloudbristol/express_worker/app.js:55
	var obj = [object:'test'];
	                 ^
SyntaxError: Unexpected token :
    at Object.exports.runInThisContext (vm.js:76:16)
    at Module._compile (module.js:542:28)
    at Object.Module._extensions..js (module.js:579:10)
    at Module.load (module.js:487:32)
    at tryModuleLoad (module.js:446:12)
    at Function.Module._load (module.js:438:3)
    at Function._load (/usr/lib/node_modules/pm2/node_modules/pmx/lib/transaction.js:62:21)
    at Object.<anonymous> (/usr/lib/node_modules/pm2/lib/ProcessContainerFork.js:52:21)
    at Module._compile (module.js:570:32)
    at Object.Module._extensions..js (module.js:579:10)
/home/projectcloudbristol/express_worker/app.js:55
	var obj = [object:'test'];
	                 ^
SyntaxError: Unexpected token :
    at Object.exports.runInThisContext (vm.js:76:16)
    at Module._compile (module.js:542:28)
    at Object.Module._extensions..js (module.js:579:10)
    at Module.load (module.js:487:32)
    at tryModuleLoad (module.js:446:12)
    at Function.Module._load (module.js:438:3)
    at Function._load (/usr/lib/node_modules/pm2/node_modules/pmx/lib/transaction.js:62:21)
    at Object.<anonymous> (/usr/lib/node_modules/pm2/lib/ProcessContainerFork.js:52:21)
    at Module._compile (module.js:570:32)
    at Object.Module._extensions..js (module.js:579:10)
/home/projectcloudbristol/express_worker/app.js:55
	var obj = [object:'test'];
	                 ^
SyntaxError: Unexpected token :
    at Object.exports.runInThisContext (vm.js:76:16)
    at Module._compile (module.js:542:28)
    at Object.Module._extensions..js (module.js:579:10)
    at Module.load (module.js:487:32)
    at tryModuleLoad (module.js:446:12)
    at Function.Module._load (module.js:438:3)
    at Function._load (/usr/lib/node_modules/pm2/node_modules/pmx/lib/transaction.js:62:21)
    at Object.<anonymous> (/usr/lib/node_modules/pm2/lib/ProcessContainerFork.js:52:21)
    at Module._compile (module.js:570:32)
    at Object.Module._extensions..js (module.js:579:10)
/home/projectcloudbristol/express_worker/app.js:55
	var obj = [object:'test'];
	                 ^
SyntaxError: Unexpected token :
    at Object.exports.runInThisContext (vm.js:76:16)
    at Module._compile (module.js:542:28)
    at Object.Module._extensions..js (module.js:579:10)
    at Module.load (module.js:487:32)
    at tryModuleLoad (module.js:446:12)
    at Function.Module._load (module.js:438:3)
    at Function._load (/usr/lib/node_modules/pm2/node_modules/pmx/lib/transaction.js:62:21)
    at Object.<anonymous> (/usr/lib/node_modules/pm2/lib/ProcessContainerFork.js:52:21)
    at Module._compile (module.js:570:32)
    at Object.Module._extensions..js (module.js:579:10)
/home/projectcloudbristol/express_worker/app.js:55
	var obj = [object:'test'];
	                 ^
SyntaxError: Unexpected token :
    at Object.exports.runInThisContext (vm.js:76:16)
    at Module._compile (module.js:542:28)
    at Object.Module._extensions..js (module.js:579:10)
    at Module.load (module.js:487:32)
    at tryModuleLoad (module.js:446:12)
    at Function.Module._load (module.js:438:3)
    at Function._load (/usr/lib/node_modules/pm2/node_modules/pmx/lib/transaction.js:62:21)
    at Object.<anonymous> (/usr/lib/node_modules/pm2/lib/ProcessContainerFork.js:52:21)
    at Module._compile (module.js:570:32)
    at Object.Module._extensions..js (module.js:579:10)
/home/projectcloudbristol/express_worker/app.js:55
	var obj = [object:'test'];
	                 ^
SyntaxError: Unexpected token :
    at Object.exports.runInThisContext (vm.js:76:16)
    at Module._compile (module.js:542:28)
    at Object.Module._extensions..js (module.js:579:10)
    at Module.load (module.js:487:32)
    at tryModuleLoad (module.js:446:12)
    at Function.Module._load (module.js:438:3)
    at Function._load (/usr/lib/node_modules/pm2/node_modules/pmx/lib/transaction.js:62:21)
    at Object.<anonymous> (/usr/lib/node_modules/pm2/lib/ProcessContainerFork.js:52:21)
    at Module._compile (module.js:570:32)
    at Object.Module._extensions..js (module.js:579:10)
/home/projectcloudbristol/express_worker/app.js:55
	var obj = [object:'test'];
	                 ^
SyntaxError: Unexpected token :
    at Object.exports.runInThisContext (vm.js:76:16)
    at Module._compile (module.js:542:28)
    at Object.Module._extensions..js (module.js:579:10)
    at Module.load (module.js:487:32)
    at tryModuleLoad (module.js:446:12)
    at Function.Module._load (module.js:438:3)
    at Function._load (/usr/lib/node_modules/pm2/node_modules/pmx/lib/transaction.js:62:21)
    at Object.<anonymous> (/usr/lib/node_modules/pm2/lib/ProcessContainerFork.js:52:21)
    at Module._compile (module.js:570:32)
    at Object.Module._extensions..js (module.js:579:10)
/home/projectcloudbristol/express_worker/app.js:55
	var obj = [object:'test'];
	                 ^
SyntaxError: Unexpected token :
    at Object.exports.runInThisContext (vm.js:76:16)
    at Module._compile (module.js:542:28)
    at Object.Module._extensions..js (module.js:579:10)
    at Module.load (module.js:487:32)
    at tryModuleLoad (module.js:446:12)
    at Function.Module._load (module.js:438:3)
    at Function._load (/usr/lib/node_modules/pm2/node_modules/pmx/lib/transaction.js:62:21)
    at Object.<anonymous> (/usr/lib/node_modules/pm2/lib/ProcessContainerFork.js:52:21)
    at Module._compile (module.js:570:32)
    at Object.Module._extensions..js (module.js:579:10)
null
null
null
