
> express-worker@0.0.0 start /home/projectcloudbristol/express_worker
> node ./bin/www

[0mGET / [36m304 [0m753.544 ms - -[0m
[0mGET /stylesheets/style.css [36m304 [0m2.018 ms - -[0m
[0mGET / [32m200 [0m39.077 ms - 170[0m
[0mGET /stylesheets/style.css [36m304 [0m0.748 ms - -[0m

> express-worker@0.0.0 start /home/projectcloudbristol/express_worker
> node ./bin/www

[0mGET / [36m304 [0m678.803 ms - -[0m
[0mGET /stylesheets/style.css [36m304 [0m2.953 ms - -[0m
[0mGET / [36m304 [0m46.355 ms - -[0m
[0mGET /stylesheets/style.css [36m304 [0m0.766 ms - -[0m
[0mGET / [36m304 [0m36.030 ms - -[0m
[0mGET /stylesheets/style.css [36m304 [0m0.412 ms - -[0m
[0mGET / [36m304 [0m30.385 ms - -[0m
[0mGET /stylesheets/style.css [36m304 [0m0.321 ms - -[0m
[0mGET / [36m304 [0m16.387 ms - -[0m
[0mGET /stylesheets/style.css [36m304 [0m0.313 ms - -[0m
[0mGET / [32m200 [0m10.596 ms - 170[0m
[0mGET /stylesheets/style.css [32m200 [0m12.640 ms - 111[0m
[0mGET / [32m200 [0m35.624 ms - 170[0m
[0mGET /stylesheets/style.css [32m200 [0m1.346 ms - 111[0m
[0mGET /favicon.ico [33m404 [0m41.173 ms - 1215[0m

> express-worker@0.0.0 start /home/projectcloudbristol/express_worker
> node ./bin/www

[0mGET / [32m200 [0m864.652 ms - 170[0m
[0mGET /stylesheets/style.css [32m200 [0m5.956 ms - 111[0m
[0mGET /favicon.ico [33m404 [0m47.586 ms - 1215[0m

> express-worker@0.0.0 start /home/projectcloudbristol/express_worker
> node ./bin/www

[0mGET / [36m304 [0m791.299 ms - -[0m
[0mGET /stylesheets/style.css [36m304 [0m2.979 ms - -[0m
[0mGET / [36m304 [0m33.342 ms - -[0m
[0mGET /stylesheets/style.css [36m304 [0m0.405 ms - -[0m

> express-worker@0.0.0 start /home/projectcloudbristol/express_worker
> node ./bin/www

[0mGET / [36m304 [0m1707.907 ms - -[0m
[0mGET /stylesheets/style.css [36m304 [0m24.647 ms - -[0m
[0mGET / [36m304 [0m66.913 ms - -[0m
[0mGET /stylesheets/style.css [36m304 [0m0.377 ms - -[0m
[0mGET / [36m304 [0m83.801 ms - -[0m
[0mGET /stylesheets/style.css [36m304 [0m1.011 ms - -[0m
[0mGET / [36m304 [0m28.538 ms - -[0m
[0mGET /stylesheets/style.css [36m304 [0m0.284 ms - -[0m

> express-worker@0.0.0 start /home/projectcloudbristol/express_worker
> node ./bin/www


> express-worker@0.0.0 start /home/projectcloudbristol/express_worker
> node ./bin/www


> express-worker@0.0.0 start /home/projectcloudbristol/express_worker
> node ./bin/www


> express-worker@0.0.0 start /home/projectcloudbristol/express_worker
> node ./bin/www


> express-worker@0.0.0 start /home/projectcloudbristol/express_worker
> node ./bin/www


> express-worker@0.0.0 start /home/projectcloudbristol/express_worker
> node ./bin/www


> express-worker@0.0.0 start /home/projectcloudbristol/express_worker
> node ./bin/www


> express-worker@0.0.0 start /home/projectcloudbristol/express_worker
> node ./bin/www


> express-worker@0.0.0 start /home/projectcloudbristol/express_worker
> node ./bin/www


> express-worker@0.0.0 start /home/projectcloudbristol/express_worker
> node ./bin/www


> express-worker@0.0.0 start /home/projectcloudbristol/express_worker
> node ./bin/www


> express-worker@0.0.0 start /home/projectcloudbristol/express_worker
> node ./bin/www


> express-worker@0.0.0 start /home/projectcloudbristol/express_worker
> node ./bin/www


> express-worker@0.0.0 start /home/projectcloudbristol/express_worker
> node ./bin/www


> express-worker@0.0.0 start /home/projectcloudbristol/express_worker
> node ./bin/www


> express-worker@0.0.0 start /home/projectcloudbristol/express_worker
> node ./bin/www


> express-worker@0.0.0 start /home/projectcloudbristol/express_worker
> node ./bin/www


> express-worker@0.0.0 start /home/projectcloudbristol/express_worker
> node ./bin/www


> express-worker@0.0.0 start /home/projectcloudbristol/express_worker
> node ./bin/www


> express-worker@0.0.0 start /home/projectcloudbristol/express_worker
> node ./bin/www


> express-worker@0.0.0 start /home/projectcloudbristol/express_worker
> node ./bin/www


> express-worker@0.0.0 start /home/projectcloudbristol/express_worker
> node ./bin/www


> express-worker@0.0.0 start /home/projectcloudbristol/express_worker
> node ./bin/www


> express-worker@0.0.0 start /home/projectcloudbristol/express_worker
> node ./bin/www


> express-worker@0.0.0 start /home/projectcloudbristol/express_worker
> node ./bin/www


> express-worker@0.0.0 start /home/projectcloudbristol/express_worker
> node ./bin/www


> express-worker@0.0.0 start /home/projectcloudbristol/express_worker
> node ./bin/www


> express-worker@0.0.0 start /home/projectcloudbristol/express_worker
> node ./bin/www


> express-worker@0.0.0 start /home/projectcloudbristol/express_worker
> node ./bin/www


> express-worker@0.0.0 start /home/projectcloudbristol/express_worker
> node ./bin/www


> express-worker@0.0.0 start /home/projectcloudbristol/express_worker
> node ./bin/www


> express-worker@0.0.0 start /home/projectcloudbristol/express_worker
> node ./bin/www


> express-worker@0.0.0 start /home/projectcloudbristol/express_worker
> node ./bin/www


> express-worker@0.0.0 start /home/projectcloudbristol/express_worker
> node ./bin/www


> express-worker@0.0.0 start /home/projectcloudbristol/express_worker
> node ./bin/www


> express-worker@0.0.0 start /home/projectcloudbristol/express_worker
> node ./bin/www


> express-worker@0.0.0 start /home/projectcloudbristol/express_worker
> node ./bin/www


> express-worker@0.0.0 start /home/projectcloudbristol/express_worker
> node ./bin/www


> express-worker@0.0.0 start /home/projectcloudbristol/express_worker
> node ./bin/www


> express-worker@0.0.0 start /home/projectcloudbristol/express_worker
> node ./bin/www


> express-worker@0.0.0 start /home/projectcloudbristol/express_worker
> node ./bin/www


> express-worker@0.0.0 start /home/projectcloudbristol/express_worker
> node ./bin/www


> express-worker@0.0.0 start /home/projectcloudbristol/express_worker
> node ./bin/www


> express-worker@0.0.0 start /home/projectcloudbristol/express_worker
> node ./bin/www


> express-worker@0.0.0 start /home/projectcloudbristol/express_worker
> node ./bin/www


> express-worker@0.0.0 start /home/projectcloudbristol/express_worker
> node ./bin/www


> express-worker@0.0.0 start /home/projectcloudbristol/express_worker
> node ./bin/www


> express-worker@0.0.0 start /home/projectcloudbristol/express_worker
> node ./bin/www


> express-worker@0.0.0 start /home/projectcloudbristol/express_worker
> node ./bin/www


> express-worker@0.0.0 start /home/projectcloudbristol/express_worker
> node ./bin/www


> express-worker@0.0.0 start /home/projectcloudbristol/express_worker
> node ./bin/www


> express-worker@0.0.0 start /home/projectcloudbristol/express_worker
> node ./bin/www


> express-worker@0.0.0 start /home/projectcloudbristol/express_worker
> node ./bin/www


> express-worker@0.0.0 start /home/projectcloudbristol/express_worker
> node ./bin/www


> express-worker@0.0.0 start /home/projectcloudbristol/express_worker
> node ./bin/www


> express-worker@0.0.0 start /home/projectcloudbristol/express_worker
> node ./bin/www


> express-worker@0.0.0 start /home/projectcloudbristol/express_worker
> node ./bin/www


> express-worker@0.0.0 start /home/projectcloudbristol/express_worker
> node ./bin/www


> express-worker@0.0.0 start /home/projectcloudbristol/express_worker
> node ./bin/www


> express-worker@0.0.0 start /home/projectcloudbristol/express_worker
> node ./bin/www


> express-worker@0.0.0 start /home/projectcloudbristol/express_worker
> node ./bin/www


> express-worker@0.0.0 start /home/projectcloudbristol/express_worker
> node ./bin/www


> express-worker@0.0.0 start /home/projectcloudbristol/express_worker
> node ./bin/www


> express-worker@0.0.0 start /home/projectcloudbristol/express_worker
> node ./bin/www


> express-worker@0.0.0 start /home/projectcloudbristol/express_worker
> node ./bin/www


> express-worker@0.0.0 start /home/projectcloudbristol/express_worker
> node ./bin/www


> express-worker@0.0.0 start /home/projectcloudbristol/express_worker
> node ./bin/www


> express-worker@0.0.0 start /home/projectcloudbristol/express_worker
> node ./bin/www


> express-worker@0.0.0 start /home/projectcloudbristol/express_worker
> node ./bin/www


> express-worker@0.0.0 start /home/projectcloudbristol/express_worker
> node ./bin/www


> express-worker@0.0.0 start /home/projectcloudbristol/express_worker
> node ./bin/www


> express-worker@0.0.0 start /home/projectcloudbristol/express_worker
> node ./bin/www


> express-worker@0.0.0 start /home/projectcloudbristol/express_worker
> node ./bin/www


> express-worker@0.0.0 start /home/projectcloudbristol/express_worker
> node ./bin/www


> express-worker@0.0.0 start /home/projectcloudbristol/express_worker
> node ./bin/www


> express-worker@0.0.0 start /home/projectcloudbristol/express_worker
> node ./bin/www


> express-worker@0.0.0 start /home/projectcloudbristol/express_worker
> node ./bin/www


> express-worker@0.0.0 start /home/projectcloudbristol/express_worker
> node ./bin/www


> express-worker@0.0.0 start /home/projectcloudbristol/express_worker
> node ./bin/www


> express-worker@0.0.0 start /home/projectcloudbristol/express_worker
> node ./bin/www


> express-worker@0.0.0 start /home/projectcloudbristol/express_worker
> node ./bin/www


> express-worker@0.0.0 start /home/projectcloudbristol/express_worker
> node ./bin/www


> express-worker@0.0.0 start /home/projectcloudbristol/express_worker
> node ./bin/www


> express-worker@0.0.0 start /home/projectcloudbristol/express_worker
> node ./bin/www


> express-worker@0.0.0 start /home/projectcloudbristol/express_worker
> node ./bin/www


> express-worker@0.0.0 start /home/projectcloudbristol/express_worker
> node ./bin/www


> express-worker@0.0.0 start /home/projectcloudbristol/express_worker
> node ./bin/www


> express-worker@0.0.0 start /home/projectcloudbristol/express_worker
> node ./bin/www


> express-worker@0.0.0 start /home/projectcloudbristol/express_worker
> node ./bin/www


> express-worker@0.0.0 start /home/projectcloudbristol/express_worker
> node ./bin/www


> express-worker@0.0.0 start /home/projectcloudbristol/express_worker
> node ./bin/www


> express-worker@0.0.0 start /home/projectcloudbristol/express_worker
> node ./bin/www


> express-worker@0.0.0 start /home/projectcloudbristol/express_worker
> node ./bin/www


> express-worker@0.0.0 start /home/projectcloudbristol/express_worker
> node ./bin/www


> express-worker@0.0.0 start /home/projectcloudbristol/express_worker
> node ./bin/www


> express-worker@0.0.0 start /home/projectcloudbristol/express_worker
> node ./bin/www


> express-worker@0.0.0 start /home/projectcloudbristol/express_worker
> node ./bin/www


> express-worker@0.0.0 start /home/projectcloudbristol/express_worker
> node ./bin/www


> express-worker@0.0.0 start /home/projectcloudbristol/express_worker
> node ./bin/www


> express-worker@0.0.0 start /home/projectcloudbristol/express_worker
> node ./bin/www


> express-worker@0.0.0 start /home/projectcloudbristol/express_worker
> node ./bin/www


> express-worker@0.0.0 start /home/projectcloudbristol/express_worker
> node ./bin/www


> express-worker@0.0.0 start /home/projectcloudbristol/express_worker
> node ./bin/www


> express-worker@0.0.0 start /home/projectcloudbristol/express_worker
> node ./bin/www


> express-worker@0.0.0 start /home/projectcloudbristol/express_worker
> node ./bin/www


> express-worker@0.0.0 start /home/projectcloudbristol/express_worker
> node ./bin/www


> express-worker@0.0.0 start /home/projectcloudbristol/express_worker
> node ./bin/www


> express-worker@0.0.0 start /home/projectcloudbristol/express_worker
> node ./bin/www


> express-worker@0.0.0 start /home/projectcloudbristol/express_worker
> node ./bin/www


> express-worker@0.0.0 start /home/projectcloudbristol/express_worker
> node ./bin/www


> express-worker@0.0.0 start /home/projectcloudbristol/express_worker
> node ./bin/www


> express-worker@0.0.0 start /home/projectcloudbristol/express_worker
> node ./bin/www


> express-worker@0.0.0 start /home/projectcloudbristol/express_worker
> node ./bin/www


> express-worker@0.0.0 start /home/projectcloudbristol/express_worker
> node ./bin/www


> express-worker@0.0.0 start /home/projectcloudbristol/express_worker
> node ./bin/www


> express-worker@0.0.0 start /home/projectcloudbristol/express_worker
> node ./bin/www


> express-worker@0.0.0 start /home/projectcloudbristol/express_worker
> node ./bin/www


> express-worker@0.0.0 start /home/projectcloudbristol/express_worker
> node ./bin/www


> express-worker@0.0.0 start /home/projectcloudbristol/express_worker
> node ./bin/www


> express-worker@0.0.0 start /home/projectcloudbristol/express_worker
> node ./bin/www


> express-worker@0.0.0 start /home/projectcloudbristol/express_worker
> node ./bin/www


> express-worker@0.0.0 start /home/projectcloudbristol/express_worker
> node ./bin/www


> express-worker@0.0.0 start /home/projectcloudbristol/express_worker
> node ./bin/www


> express-worker@0.0.0 start /home/projectcloudbristol/express_worker
> node ./bin/www


> express-worker@0.0.0 start /home/projectcloudbristol/express_worker
> node ./bin/www


> express-worker@0.0.0 start /home/projectcloudbristol/express_worker
> node ./bin/www


> express-worker@0.0.0 start /home/projectcloudbristol/express_worker
> node ./bin/www


> express-worker@0.0.0 start /home/projectcloudbristol/express_worker
> node ./bin/www


> express-worker@0.0.0 start /home/projectcloudbristol/express_worker
> node ./bin/www


> express-worker@0.0.0 start /home/projectcloudbristol/express_worker
> node ./bin/www


> express-worker@0.0.0 start /home/projectcloudbristol/express_worker
> node ./bin/www


> express-worker@0.0.0 start /home/projectcloudbristol/express_worker
> node ./bin/www


> express-worker@0.0.0 start /home/projectcloudbristol/express_worker
> node ./bin/www


> express-worker@0.0.0 start /home/projectcloudbristol/express_worker
> node ./bin/www


> express-worker@0.0.0 start /home/projectcloudbristol/express_worker
> node ./bin/www


> express-worker@0.0.0 start /home/projectcloudbristol/express_worker
> node ./bin/www


> express-worker@0.0.0 start /home/projectcloudbristol/express_worker
> node ./bin/www


> express-worker@0.0.0 start /home/projectcloudbristol/express_worker
> node ./bin/www


> express-worker@0.0.0 start /home/projectcloudbristol/express_worker
> node ./bin/www


> express-worker@0.0.0 start /home/projectcloudbristol/express_worker
> node ./bin/www


> express-worker@0.0.0 start /home/projectcloudbristol/express_worker
> node ./bin/www


> express-worker@0.0.0 start /home/projectcloudbristol/express_worker
> node ./bin/www


> express-worker@0.0.0 start /home/projectcloudbristol/express_worker
> node ./bin/www


> express-worker@0.0.0 start /home/projectcloudbristol/express_worker
> node ./bin/www


> express-worker@0.0.0 start /home/projectcloudbristol/express_worker
> node ./bin/www


> express-worker@0.0.0 start /home/projectcloudbristol/express_worker
> node ./bin/www


> express-worker@0.0.0 start /home/projectcloudbristol/express_worker
> node ./bin/www


> express-worker@0.0.0 start /home/projectcloudbristol/express_worker
> node ./bin/www


> express-worker@0.0.0 start /home/projectcloudbristol/express_worker
> node ./bin/www


> express-worker@0.0.0 start /home/projectcloudbristol/express_worker
> node ./bin/www


> express-worker@0.0.0 start /home/projectcloudbristol/express_worker
> node ./bin/www


> express-worker@0.0.0 start /home/projectcloudbristol/express_worker
> node ./bin/www


> express-worker@0.0.0 start /home/projectcloudbristol/express_worker
> node ./bin/www


> express-worker@0.0.0 start /home/projectcloudbristol/express_worker
> node ./bin/www


> express-worker@0.0.0 start /home/projectcloudbristol/express_worker
> node ./bin/www


> express-worker@0.0.0 start /home/projectcloudbristol/express_worker
> node ./bin/www


> express-worker@0.0.0 start /home/projectcloudbristol/express_worker
> node ./bin/www


> express-worker@0.0.0 start /home/projectcloudbristol/express_worker
> node ./bin/www


> express-worker@0.0.0 start /home/projectcloudbristol/express_worker
> node ./bin/www


> express-worker@0.0.0 start /home/projectcloudbristol/express_worker
> node ./bin/www


> express-worker@0.0.0 start /home/projectcloudbristol/express_worker
> node ./bin/www


> express-worker@0.0.0 start /home/projectcloudbristol/express_worker
> node ./bin/www


> express-worker@0.0.0 start /home/projectcloudbristol/express_worker
> node ./bin/www


> express-worker@0.0.0 start /home/projectcloudbristol/express_worker
> node ./bin/www


> express-worker@0.0.0 start /home/projectcloudbristol/express_worker
> node ./bin/www


> express-worker@0.0.0 start /home/projectcloudbristol/express_worker
> node ./bin/www


> express-worker@0.0.0 start /home/projectcloudbristol/express_worker
> node ./bin/www


> express-worker@0.0.0 start /home/projectcloudbristol/express_worker
> node ./bin/www


> express-worker@0.0.0 start /home/projectcloudbristol/express_worker
> node ./bin/www


> express-worker@0.0.0 start /home/projectcloudbristol/express_worker
> node ./bin/www


> express-worker@0.0.0 start /home/projectcloudbristol/express_worker
> node ./bin/www


> express-worker@0.0.0 start /home/projectcloudbristol/express_worker
> node ./bin/www


> express-worker@0.0.0 start /home/projectcloudbristol/express_worker
> node ./bin/www


> express-worker@0.0.0 start /home/projectcloudbristol/express_worker
> node ./bin/www


> express-worker@0.0.0 start /home/projectcloudbristol/express_worker
> node ./bin/www


> express-worker@0.0.0 start /home/projectcloudbristol/express_worker
> node ./bin/www


> express-worker@0.0.0 start /home/projectcloudbristol/express_worker
> node ./bin/www


> express-worker@0.0.0 start /home/projectcloudbristol/express_worker
> node ./bin/www


> express-worker@0.0.0 start /home/projectcloudbristol/express_worker
> node ./bin/www


> express-worker@0.0.0 start /home/projectcloudbristol/express_worker
> node ./bin/www


> express-worker@0.0.0 start /home/projectcloudbristol/express_worker
> node ./bin/www


> express-worker@0.0.0 start /home/projectcloudbristol/express_worker
> node ./bin/www


> express-worker@0.0.0 start /home/projectcloudbristol/express_worker
> node ./bin/www


> express-worker@0.0.0 start /home/projectcloudbristol/express_worker
> node ./bin/www


> express-worker@0.0.0 start /home/projectcloudbristol/express_worker
> node ./bin/www


> express-worker@0.0.0 start /home/projectcloudbristol/express_worker
> node ./bin/www


> express-worker@0.0.0 start /home/projectcloudbristol/express_worker
> node ./bin/www


> express-worker@0.0.0 start /home/projectcloudbristol/express_worker
> node ./bin/www


> express-worker@0.0.0 start /home/projectcloudbristol/express_worker
> node ./bin/www


> express-worker@0.0.0 start /home/projectcloudbristol/express_worker
> node ./bin/www


> express-worker@0.0.0 start /home/projectcloudbristol/express_worker
> node ./bin/www


> express-worker@0.0.0 start /home/projectcloudbristol/express_worker
> node ./bin/www


> express-worker@0.0.0 start /home/projectcloudbristol/express_worker
> node ./bin/www


> express-worker@0.0.0 start /home/projectcloudbristol/express_worker
> node ./bin/www


> express-worker@0.0.0 start /home/projectcloudbristol/express_worker
> node ./bin/www


> express-worker@0.0.0 start /home/projectcloudbristol/express_worker
> node ./bin/www


> express-worker@0.0.0 start /home/projectcloudbristol/express_worker
> node ./bin/www


> express-worker@0.0.0 start /home/projectcloudbristol/express_worker
> node ./bin/www


> express-worker@0.0.0 start /home/projectcloudbristol/express_worker
> node ./bin/www


> express-worker@0.0.0 start /home/projectcloudbristol/express_worker
> node ./bin/www


> express-worker@0.0.0 start /home/projectcloudbristol/express_worker
> node ./bin/www


> express-worker@0.0.0 start /home/projectcloudbristol/express_worker
> node ./bin/www


> express-worker@0.0.0 start /home/projectcloudbristol/express_worker
> node ./bin/www


> express-worker@0.0.0 start /home/projectcloudbristol/express_worker
> node ./bin/www


> express-worker@0.0.0 start /home/projectcloudbristol/express_worker
> node ./bin/www


> express-worker@0.0.0 start /home/projectcloudbristol/express_worker
> node ./bin/www


> express-worker@0.0.0 start /home/projectcloudbristol/express_worker
> node ./bin/www


> express-worker@0.0.0 start /home/projectcloudbristol/express_worker
> node ./bin/www


> express-worker@0.0.0 start /home/projectcloudbristol/express_worker
> node ./bin/www


> express-worker@0.0.0 start /home/projectcloudbristol/express_worker
> node ./bin/www


> express-worker@0.0.0 start /home/projectcloudbristol/express_worker
> node ./bin/www


> express-worker@0.0.0 start /home/projectcloudbristol/express_worker
> node ./bin/www


> express-worker@0.0.0 start /home/projectcloudbristol/express_worker
> node ./bin/www


> express-worker@0.0.0 start /home/projectcloudbristol/express_worker
> node ./bin/www


> express-worker@0.0.0 start /home/projectcloudbristol/express_worker
> node ./bin/www


> express-worker@0.0.0 start /home/projectcloudbristol/express_worker
> node ./bin/www


> express-worker@0.0.0 start /home/projectcloudbristol/express_worker
> node ./bin/www


> express-worker@0.0.0 start /home/projectcloudbristol/express_worker
> node ./bin/www


> express-worker@0.0.0 start /home/projectcloudbristol/express_worker
> node ./bin/www


> express-worker@0.0.0 start /home/projectcloudbristol/express_worker
> node ./bin/www


> express-worker@0.0.0 start /home/projectcloudbristol/express_worker
> node ./bin/www


> express-worker@0.0.0 start /home/projectcloudbristol/express_worker
> node ./bin/www


> express-worker@0.0.0 start /home/projectcloudbristol/express_worker
> node ./bin/www


> express-worker@0.0.0 start /home/projectcloudbristol/express_worker
> node ./bin/www


> express-worker@0.0.0 start /home/projectcloudbristol/express_worker
> node ./bin/www


> express-worker@0.0.0 start /home/projectcloudbristol/express_worker
> node ./bin/www


> express-worker@0.0.0 start /home/projectcloudbristol/express_worker
> node ./bin/www


> express-worker@0.0.0 start /home/projectcloudbristol/express_worker
> node ./bin/www


> express-worker@0.0.0 start /home/projectcloudbristol/express_worker
> node ./bin/www


> express-worker@0.0.0 start /home/projectcloudbristol/express_worker
> node ./bin/www


> express-worker@0.0.0 start /home/projectcloudbristol/express_worker
> node ./bin/www


> express-worker@0.0.0 start /home/projectcloudbristol/express_worker
> node ./bin/www


> express-worker@0.0.0 start /home/projectcloudbristol/express_worker
> node ./bin/www


> express-worker@0.0.0 start /home/projectcloudbristol/express_worker
> node ./bin/www


> express-worker@0.0.0 start /home/projectcloudbristol/express_worker
> node ./bin/www


> express-worker@0.0.0 start /home/projectcloudbristol/express_worker
> node ./bin/www


> express-worker@0.0.0 start /home/projectcloudbristol/express_worker
> node ./bin/www


> express-worker@0.0.0 start /home/projectcloudbristol/express_worker
> node ./bin/www


> express-worker@0.0.0 start /home/projectcloudbristol/express_worker
> node ./bin/www


> express-worker@0.0.0 start /home/projectcloudbristol/express_worker
> node ./bin/www


> express-worker@0.0.0 start /home/projectcloudbristol/express_worker
> node ./bin/www


> express-worker@0.0.0 start /home/projectcloudbristol/express_worker
> node ./bin/www


> express-worker@0.0.0 start /home/projectcloudbristol/express_worker
> node ./bin/www


> express-worker@0.0.0 start /home/projectcloudbristol/express_worker
> node ./bin/www


> express-worker@0.0.0 start /home/projectcloudbristol/express_worker
> node ./bin/www


> express-worker@0.0.0 start /home/projectcloudbristol/express_worker
> node ./bin/www


> express-worker@0.0.0 start /home/projectcloudbristol/express_worker
> node ./bin/www


> express-worker@0.0.0 start /home/projectcloudbristol/express_worker
> node ./bin/www


> express-worker@0.0.0 start /home/projectcloudbristol/express_worker
> node ./bin/www


> express-worker@0.0.0 start /home/projectcloudbristol/express_worker
> node ./bin/www


> express-worker@0.0.0 start /home/projectcloudbristol/express_worker
> node ./bin/www


> express-worker@0.0.0 start /home/projectcloudbristol/express_worker
> node ./bin/www


> express-worker@0.0.0 start /home/projectcloudbristol/express_worker
> node ./bin/www


> express-worker@0.0.0 start /home/projectcloudbristol/express_worker
> node ./bin/www


> express-worker@0.0.0 start /home/projectcloudbristol/express_worker
> node ./bin/www


> express-worker@0.0.0 start /home/projectcloudbristol/express_worker
> node ./bin/www


> express-worker@0.0.0 start /home/projectcloudbristol/express_worker
> node ./bin/www


> express-worker@0.0.0 start /home/projectcloudbristol/express_worker
> node ./bin/www


> express-worker@0.0.0 start /home/projectcloudbristol/express_worker
> node ./bin/www


> express-worker@0.0.0 start /home/projectcloudbristol/express_worker
> node ./bin/www


> express-worker@0.0.0 start /home/projectcloudbristol/express_worker
> node ./bin/www


> express-worker@0.0.0 start /home/projectcloudbristol/express_worker
> node ./bin/www


> express-worker@0.0.0 start /home/projectcloudbristol/express_worker
> node ./bin/www


> express-worker@0.0.0 start /home/projectcloudbristol/express_worker
> node ./bin/www


> express-worker@0.0.0 start /home/projectcloudbristol/express_worker
> node ./bin/www


> express-worker@0.0.0 start /home/projectcloudbristol/express_worker
> node ./bin/www


> express-worker@0.0.0 start /home/projectcloudbristol/express_worker
> node ./bin/www


> express-worker@0.0.0 start /home/projectcloudbristol/express_worker
> node ./bin/www


> express-worker@0.0.0 start /home/projectcloudbristol/express_worker
> node ./bin/www


> express-worker@0.0.0 start /home/projectcloudbristol/express_worker
> node ./bin/www


> express-worker@0.0.0 start /home/projectcloudbristol/express_worker
> node ./bin/www


> express-worker@0.0.0 start /home/projectcloudbristol/express_worker
> node ./bin/www


> express-worker@0.0.0 start /home/projectcloudbristol/express_worker
> node ./bin/www


> express-worker@0.0.0 start /home/projectcloudbristol/express_worker
> node ./bin/www


> express-worker@0.0.0 start /home/projectcloudbristol/express_worker
> node ./bin/www


> express-worker@0.0.0 start /home/projectcloudbristol/express_worker
> node ./bin/www


> express-worker@0.0.0 start /home/projectcloudbristol/express_worker
> node ./bin/www


> express-worker@0.0.0 start /home/projectcloudbristol/express_worker
> node ./bin/www


> express-worker@0.0.0 start /home/projectcloudbristol/express_worker
> node ./bin/www


> express-worker@0.0.0 start /home/projectcloudbristol/express_worker
> node ./bin/www


> express-worker@0.0.0 start /home/projectcloudbristol/express_worker
> node ./bin/www


> express-worker@0.0.0 start /home/projectcloudbristol/express_worker
> node ./bin/www


> express-worker@0.0.0 start /home/projectcloudbristol/express_worker
> node ./bin/www


> express-worker@0.0.0 start /home/projectcloudbristol/express_worker
> node ./bin/www


> express-worker@0.0.0 start /home/projectcloudbristol/express_worker
> node ./bin/www


> express-worker@0.0.0 start /home/projectcloudbristol/express_worker
> node ./bin/www


> express-worker@0.0.0 start /home/projectcloudbristol/express_worker
> node ./bin/www


> express-worker@0.0.0 start /home/projectcloudbristol/express_worker
> node ./bin/www


> express-worker@0.0.0 start /home/projectcloudbristol/express_worker
> node ./bin/www


> express-worker@0.0.0 start /home/projectcloudbristol/express_worker
> node ./bin/www


> express-worker@0.0.0 start /home/projectcloudbristol/express_worker
> node ./bin/www


> express-worker@0.0.0 start /home/projectcloudbristol/express_worker
> node ./bin/www


> express-worker@0.0.0 start /home/projectcloudbristol/express_worker
> node ./bin/www


> express-worker@0.0.0 start /home/projectcloudbristol/express_worker
> node ./bin/www


> express-worker@0.0.0 start /home/projectcloudbristol/express_worker
> node ./bin/www


> express-worker@0.0.0 start /home/projectcloudbristol/express_worker
> node ./bin/www


> express-worker@0.0.0 start /home/projectcloudbristol/express_worker
> node ./bin/www


> express-worker@0.0.0 start /home/projectcloudbristol/express_worker
> node ./bin/www


> express-worker@0.0.0 start /home/projectcloudbristol/express_worker
> node ./bin/www


> express-worker@0.0.0 start /home/projectcloudbristol/express_worker
> node ./bin/www


> express-worker@0.0.0 start /home/projectcloudbristol/express_worker
> node ./bin/www


> express-worker@0.0.0 start /home/projectcloudbristol/express_worker
> node ./bin/www


> express-worker@0.0.0 start /home/projectcloudbristol/express_worker
> node ./bin/www


> express-worker@0.0.0 start /home/projectcloudbristol/express_worker
> node ./bin/www


> express-worker@0.0.0 start /home/projectcloudbristol/express_worker
> node ./bin/www


> express-worker@0.0.0 start /home/projectcloudbristol/express_worker
> node ./bin/www


> express-worker@0.0.0 start /home/projectcloudbristol/express_worker
> node ./bin/www


> express-worker@0.0.0 start /home/projectcloudbristol/express_worker
> node ./bin/www


> express-worker@0.0.0 start /home/projectcloudbristol/express_worker
> node ./bin/www


> express-worker@0.0.0 start /home/projectcloudbristol/express_worker
> node ./bin/www


> express-worker@0.0.0 start /home/projectcloudbristol/express_worker
> node ./bin/www


> express-worker@0.0.0 start /home/projectcloudbristol/express_worker
> node ./bin/www


> express-worker@0.0.0 start /home/projectcloudbristol/express_worker
> node ./bin/www


> express-worker@0.0.0 start /home/projectcloudbristol/express_worker
> node ./bin/www


> express-worker@0.0.0 start /home/projectcloudbristol/express_worker
> node ./bin/www


> express-worker@0.0.0 start /home/projectcloudbristol/express_worker
> node ./bin/www


> express-worker@0.0.0 start /home/projectcloudbristol/express_worker
> node ./bin/www


> express-worker@0.0.0 start /home/projectcloudbristol/express_worker
> node ./bin/www


> express-worker@0.0.0 start /home/projectcloudbristol/express_worker
> node ./bin/www


> express-worker@0.0.0 start /home/projectcloudbristol/express_worker
> node ./bin/www


> express-worker@0.0.0 start /home/projectcloudbristol/express_worker
> node ./bin/www


> express-worker@0.0.0 start /home/projectcloudbristol/express_worker
> node ./bin/www


> express-worker@0.0.0 start /home/projectcloudbristol/express_worker
> node ./bin/www


> express-worker@0.0.0 start /home/projectcloudbristol/express_worker
> node ./bin/www


> express-worker@0.0.0 start /home/projectcloudbristol/express_worker
> node ./bin/www


> express-worker@0.0.0 start /home/projectcloudbristol/express_worker
> node ./bin/www


> express-worker@0.0.0 start /home/projectcloudbristol/express_worker
> node ./bin/www


> express-worker@0.0.0 start /home/projectcloudbristol/express_worker
> node ./bin/www


> express-worker@0.0.0 start /home/projectcloudbristol/express_worker
> node ./bin/www


> express-worker@0.0.0 start /home/projectcloudbristol/express_worker
> node ./bin/www


> express-worker@0.0.0 start /home/projectcloudbristol/express_worker
> node ./bin/www


> express-worker@0.0.0 start /home/projectcloudbristol/express_worker
> node ./bin/www


> express-worker@0.0.0 start /home/projectcloudbristol/express_worker
> node ./bin/www


> express-worker@0.0.0 start /home/projectcloudbristol/express_worker
> node ./bin/www


> express-worker@0.0.0 start /home/projectcloudbristol/express_worker
> node ./bin/www


> express-worker@0.0.0 start /home/projectcloudbristol/express_worker
> node ./bin/www


> express-worker@0.0.0 start /home/projectcloudbristol/express_worker
> node ./bin/www


> express-worker@0.0.0 start /home/projectcloudbristol/express_worker
> node ./bin/www


> express-worker@0.0.0 start /home/projectcloudbristol/express_worker
> node ./bin/www


> express-worker@0.0.0 start /home/projectcloudbristol/express_worker
> node ./bin/www


> express-worker@0.0.0 start /home/projectcloudbristol/express_worker
> node ./bin/www


> express-worker@0.0.0 start /home/projectcloudbristol/express_worker
> node ./bin/www


> express-worker@0.0.0 start /home/projectcloudbristol/express_worker
> node ./bin/www


> express-worker@0.0.0 start /home/projectcloudbristol/express_worker
> node ./bin/www


> express-worker@0.0.0 start /home/projectcloudbristol/express_worker
> node ./bin/www


> express-worker@0.0.0 start /home/projectcloudbristol/express_worker
> node ./bin/www


> express-worker@0.0.0 start /home/projectcloudbristol/express_worker
> node ./bin/www


> express-worker@0.0.0 start /home/projectcloudbristol/express_worker
> node ./bin/www


> express-worker@0.0.0 start /home/projectcloudbristol/express_worker
> node ./bin/www


> express-worker@0.0.0 start /home/projectcloudbristol/express_worker
> node ./bin/www


> express-worker@0.0.0 start /home/projectcloudbristol/express_worker
> node ./bin/www


> express-worker@0.0.0 start /home/projectcloudbristol/express_worker
> node ./bin/www


> express-worker@0.0.0 start /home/projectcloudbristol/express_worker
> node ./bin/www


> express-worker@0.0.0 start /home/projectcloudbristol/express_worker
> node ./bin/www


> express-worker@0.0.0 start /home/projectcloudbristol/express_worker
> node ./bin/www


> express-worker@0.0.0 start /home/projectcloudbristol/express_worker
> node ./bin/www


> express-worker@0.0.0 start /home/projectcloudbristol/express_worker
> node ./bin/www


> express-worker@0.0.0 start /home/projectcloudbristol/express_worker
> node ./bin/www


> express-worker@0.0.0 start /home/projectcloudbristol/express_worker
> node ./bin/www


> express-worker@0.0.0 start /home/projectcloudbristol/express_worker
> node ./bin/www


> express-worker@0.0.0 start /home/projectcloudbristol/express_worker
> node ./bin/www


> express-worker@0.0.0 start /home/projectcloudbristol/express_worker
> node ./bin/www


> express-worker@0.0.0 start /home/projectcloudbristol/express_worker
> node ./bin/www


> express-worker@0.0.0 start /home/projectcloudbristol/express_worker
> node ./bin/www


> express-worker@0.0.0 start /home/projectcloudbristol/express_worker
> node ./bin/www


> express-worker@0.0.0 start /home/projectcloudbristol/express_worker
> node ./bin/www


> express-worker@0.0.0 start /home/projectcloudbristol/express_worker
> node ./bin/www


> express-worker@0.0.0 start /home/projectcloudbristol/express_worker
> node ./bin/www


> express-worker@0.0.0 start /home/projectcloudbristol/express_worker
> node ./bin/www


> express-worker@0.0.0 start /home/projectcloudbristol/express_worker
> node ./bin/www


> express-worker@0.0.0 start /home/projectcloudbristol/express_worker
> node ./bin/www


> express-worker@0.0.0 start /home/projectcloudbristol/express_worker
> node ./bin/www


> express-worker@0.0.0 start /home/projectcloudbristol/express_worker
> node ./bin/www


> express-worker@0.0.0 start /home/projectcloudbristol/express_worker
> node ./bin/www


> express-worker@0.0.0 start /home/projectcloudbristol/express_worker
> node ./bin/www


> express-worker@0.0.0 start /home/projectcloudbristol/express_worker
> node ./bin/www


> express-worker@0.0.0 start /home/projectcloudbristol/express_worker
> node ./bin/www


> express-worker@0.0.0 start /home/projectcloudbristol/express_worker
> node ./bin/www


> express-worker@0.0.0 start /home/projectcloudbristol/express_worker
> node ./bin/www


> express-worker@0.0.0 start /home/projectcloudbristol/express_worker
> node ./bin/www


> express-worker@0.0.0 start /home/projectcloudbristol/express_worker
> node ./bin/www


> express-worker@0.0.0 start /home/projectcloudbristol/express_worker
> node ./bin/www


> express-worker@0.0.0 start /home/projectcloudbristol/express_worker
> node ./bin/www


> express-worker@0.0.0 start /home/projectcloudbristol/express_worker
> node ./bin/www


> express-worker@0.0.0 start /home/projectcloudbristol/express_worker
> node ./bin/www


> express-worker@0.0.0 start /home/projectcloudbristol/express_worker
> node ./bin/www


> express-worker@0.0.0 start /home/projectcloudbristol/express_worker
> node ./bin/www


> express-worker@0.0.0 start /home/projectcloudbristol/express_worker
> node ./bin/www


> express-worker@0.0.0 start /home/projectcloudbristol/express_worker
> node ./bin/www


> express-worker@0.0.0 start /home/projectcloudbristol/express_worker
> node ./bin/www


> express-worker@0.0.0 start /home/projectcloudbristol/express_worker
> node ./bin/www


> express-worker@0.0.0 start /home/projectcloudbristol/express_worker
> node ./bin/www


> express-worker@0.0.0 start /home/projectcloudbristol/express_worker
> node ./bin/www


> express-worker@0.0.0 start /home/projectcloudbristol/express_worker
> node ./bin/www


> express-worker@0.0.0 start /home/projectcloudbristol/express_worker
> node ./bin/www


> express-worker@0.0.0 start /home/projectcloudbristol/express_worker
> node ./bin/www


> express-worker@0.0.0 start /home/projectcloudbristol/express_worker
> node ./bin/www


> express-worker@0.0.0 start /home/projectcloudbristol/express_worker
> node ./bin/www


> express-worker@0.0.0 start /home/projectcloudbristol/express_worker
> node ./bin/www


> express-worker@0.0.0 start /home/projectcloudbristol/express_worker
> node ./bin/www


> express-worker@0.0.0 start /home/projectcloudbristol/express_worker
> node ./bin/www


> express-worker@0.0.0 start /home/projectcloudbristol/express_worker
> node ./bin/www


> express-worker@0.0.0 start /home/projectcloudbristol/express_worker
> node ./bin/www


> express-worker@0.0.0 start /home/projectcloudbristol/express_worker
> node ./bin/www


> express-worker@0.0.0 start /home/projectcloudbristol/express_worker
> node ./bin/www


> express-worker@0.0.0 start /home/projectcloudbristol/express_worker
> node ./bin/www


> express-worker@0.0.0 start /home/projectcloudbristol/express_worker
> node ./bin/www


> express-worker@0.0.0 start /home/projectcloudbristol/express_worker
> node ./bin/www


> express-worker@0.0.0 start /home/projectcloudbristol/express_worker
> node ./bin/www


> express-worker@0.0.0 start /home/projectcloudbristol/express_worker
> node ./bin/www


> express-worker@0.0.0 start /home/projectcloudbristol/express_worker
> node ./bin/www


> express-worker@0.0.0 start /home/projectcloudbristol/express_worker
> node ./bin/www


> express-worker@0.0.0 start /home/projectcloudbristol/express_worker
> node ./bin/www


> express-worker@0.0.0 start /home/projectcloudbristol/express_worker
> node ./bin/www


> express-worker@0.0.0 start /home/projectcloudbristol/express_worker
> node ./bin/www


> express-worker@0.0.0 start /home/projectcloudbristol/express_worker
> node ./bin/www


> express-worker@0.0.0 start /home/projectcloudbristol/express_worker
> node ./bin/www


> express-worker@0.0.0 start /home/projectcloudbristol/express_worker
> node ./bin/www


> express-worker@0.0.0 start /home/projectcloudbristol/express_worker
> node ./bin/www


> express-worker@0.0.0 start /home/projectcloudbristol/express_worker
> node ./bin/www


> express-worker@0.0.0 start /home/projectcloudbristol/express_worker
> node ./bin/www


> express-worker@0.0.0 start /home/projectcloudbristol/express_worker
> node ./bin/www


> express-worker@0.0.0 start /home/projectcloudbristol/express_worker
> node ./bin/www


> express-worker@0.0.0 start /home/projectcloudbristol/express_worker
> node ./bin/www


> express-worker@0.0.0 start /home/projectcloudbristol/express_worker
> node ./bin/www


> express-worker@0.0.0 start /home/projectcloudbristol/express_worker
> node ./bin/www


> express-worker@0.0.0 start /home/projectcloudbristol/express_worker
> node ./bin/www


> express-worker@0.0.0 start /home/projectcloudbristol/express_worker
> node ./bin/www


> express-worker@0.0.0 start /home/projectcloudbristol/express_worker
> node ./bin/www


> express-worker@0.0.0 start /home/projectcloudbristol/express_worker
> node ./bin/www


> express-worker@0.0.0 start /home/projectcloudbristol/express_worker
> node ./bin/www


> express-worker@0.0.0 start /home/projectcloudbristol/express_worker
> node ./bin/www


> express-worker@0.0.0 start /home/projectcloudbristol/express_worker
> node ./bin/www


> express-worker@0.0.0 start /home/projectcloudbristol/express_worker
> node ./bin/www


> express-worker@0.0.0 start /home/projectcloudbristol/express_worker
> node ./bin/www


> express-worker@0.0.0 start /home/projectcloudbristol/express_worker
> node ./bin/www


> express-worker@0.0.0 start /home/projectcloudbristol/express_worker
> node ./bin/www


> express-worker@0.0.0 start /home/projectcloudbristol/express_worker
> node ./bin/www


> express-worker@0.0.0 start /home/projectcloudbristol/express_worker
> node ./bin/www


> express-worker@0.0.0 start /home/projectcloudbristol/express_worker
> node ./bin/www


> express-worker@0.0.0 start /home/projectcloudbristol/express_worker
> node ./bin/www


> express-worker@0.0.0 start /home/projectcloudbristol/express_worker
> node ./bin/www


> express-worker@0.0.0 start /home/projectcloudbristol/express_worker
> node ./bin/www


> express-worker@0.0.0 start /home/projectcloudbristol/express_worker
> node ./bin/www


> express-worker@0.0.0 start /home/projectcloudbristol/express_worker
> node ./bin/www


> express-worker@0.0.0 start /home/projectcloudbristol/express_worker
> node ./bin/www


> express-worker@0.0.0 start /home/projectcloudbristol/express_worker
> node ./bin/www


> express-worker@0.0.0 start /home/projectcloudbristol/express_worker
> node ./bin/www


> express-worker@0.0.0 start /home/projectcloudbristol/express_worker
> node ./bin/www


> express-worker@0.0.0 start /home/projectcloudbristol/express_worker
> node ./bin/www


> express-worker@0.0.0 start /home/projectcloudbristol/express_worker
> node ./bin/www


> express-worker@0.0.0 start /home/projectcloudbristol/express_worker
> node ./bin/www


> express-worker@0.0.0 start /home/projectcloudbristol/express_worker
> node ./bin/www


> express-worker@0.0.0 start /home/projectcloudbristol/express_worker
> node ./bin/www


> express-worker@0.0.0 start /home/projectcloudbristol/express_worker
> node ./bin/www


> express-worker@0.0.0 start /home/projectcloudbristol/express_worker
> node ./bin/www


> express-worker@0.0.0 start /home/projectcloudbristol/express_worker
> node ./bin/www


> express-worker@0.0.0 start /home/projectcloudbristol/express_worker
> node ./bin/www


> express-worker@0.0.0 start /home/projectcloudbristol/express_worker
> node ./bin/www


> express-worker@0.0.0 start /home/projectcloudbristol/express_worker
> node ./bin/www


> express-worker@0.0.0 start /home/projectcloudbristol/express_worker
> node ./bin/www


> express-worker@0.0.0 start /home/projectcloudbristol/express_worker
> node ./bin/www


> express-worker@0.0.0 start /home/projectcloudbristol/express_worker
> node ./bin/www


> express-worker@0.0.0 start /home/projectcloudbristol/express_worker
> node ./bin/www


> express-worker@0.0.0 start /home/projectcloudbristol/express_worker
> node ./bin/www


> express-worker@0.0.0 start /home/projectcloudbristol/express_worker
> node ./bin/www


> express-worker@0.0.0 start /home/projectcloudbristol/express_worker
> node ./bin/www


> express-worker@0.0.0 start /home/projectcloudbristol/express_worker
> node ./bin/www


> express-worker@0.0.0 start /home/projectcloudbristol/express_worker
> node ./bin/www


> express-worker@0.0.0 start /home/projectcloudbristol/express_worker
> node ./bin/www


> express-worker@0.0.0 start /home/projectcloudbristol/express_worker
> node ./bin/www


> express-worker@0.0.0 start /home/projectcloudbristol/express_worker
> node ./bin/www


> express-worker@0.0.0 start /home/projectcloudbristol/express_worker
> node ./bin/www


> express-worker@0.0.0 start /home/projectcloudbristol/express_worker
> node ./bin/www


> express-worker@0.0.0 start /home/projectcloudbristol/express_worker
> node ./bin/www


> express-worker@0.0.0 start /home/projectcloudbristol/express_worker
> node ./bin/www


> express-worker@0.0.0 start /home/projectcloudbristol/express_worker
> node ./bin/www


> express-worker@0.0.0 start /home/projectcloudbristol/express_worker
> node ./bin/www


> express-worker@0.0.0 start /home/projectcloudbristol/express_worker
> node ./bin/www


> express-worker@0.0.0 start /home/projectcloudbristol/express_worker
> node ./bin/www


> express-worker@0.0.0 start /home/projectcloudbristol/express_worker
> node ./bin/www


> express-worker@0.0.0 start /home/projectcloudbristol/express_worker
> node ./bin/www


> express-worker@0.0.0 start /home/projectcloudbristol/express_worker
> node ./bin/www


> express-worker@0.0.0 start /home/projectcloudbristol/express_worker
> node ./bin/www


> express-worker@0.0.0 start /home/projectcloudbristol/express_worker
> node ./bin/www


> express-worker@0.0.0 start /home/projectcloudbristol/express_worker
> node ./bin/www


> express-worker@0.0.0 start /home/projectcloudbristol/express_worker
> node ./bin/www


> express-worker@0.0.0 start /home/projectcloudbristol/express_worker
> node ./bin/www


> express-worker@0.0.0 start /home/projectcloudbristol/express_worker
> node ./bin/www


> express-worker@0.0.0 start /home/projectcloudbristol/express_worker
> node ./bin/www


> express-worker@0.0.0 start /home/projectcloudbristol/express_worker
> node ./bin/www


> express-worker@0.0.0 start /home/projectcloudbristol/express_worker
> node ./bin/www


> express-worker@0.0.0 start /home/projectcloudbristol/express_worker
> node ./bin/www


> express-worker@0.0.0 start /home/projectcloudbristol/express_worker
> node ./bin/www


> express-worker@0.0.0 start /home/projectcloudbristol/express_worker
> node ./bin/www


> express-worker@0.0.0 start /home/projectcloudbristol/express_worker
> node ./bin/www


> express-worker@0.0.0 start /home/projectcloudbristol/express_worker
> node ./bin/www


> express-worker@0.0.0 start /home/projectcloudbristol/express_worker
> node ./bin/www


> express-worker@0.0.0 start /home/projectcloudbristol/express_worker
> node ./bin/www


> express-worker@0.0.0 start /home/projectcloudbristol/express_worker
> node ./bin/www


> express-worker@0.0.0 start /home/projectcloudbristol/express_worker
> node ./bin/www


> express-worker@0.0.0 start /home/projectcloudbristol/express_worker
> node ./bin/www


> express-worker@0.0.0 start /home/projectcloudbristol/express_worker
> node ./bin/www


> express-worker@0.0.0 start /home/projectcloudbristol/express_worker
> node ./bin/www


> express-worker@0.0.0 start /home/projectcloudbristol/express_worker
> node ./bin/www


> express-worker@0.0.0 start /home/projectcloudbristol/express_worker
> node ./bin/www


> express-worker@0.0.0 start /home/projectcloudbristol/express_worker
> node ./bin/www


> express-worker@0.0.0 start /home/projectcloudbristol/express_worker
> node ./bin/www


> express-worker@0.0.0 start /home/projectcloudbristol/express_worker
> node ./bin/www


> express-worker@0.0.0 start /home/projectcloudbristol/express_worker
> node ./bin/www


> express-worker@0.0.0 start /home/projectcloudbristol/express_worker
> node ./bin/www


> express-worker@0.0.0 start /home/projectcloudbristol/express_worker
> node ./bin/www


> express-worker@0.0.0 start /home/projectcloudbristol/express_worker
> node ./bin/www


> express-worker@0.0.0 start /home/projectcloudbristol/express_worker
> node ./bin/www


> express-worker@0.0.0 start /home/projectcloudbristol/express_worker
> node ./bin/www


> express-worker@0.0.0 start /home/projectcloudbristol/express_worker
> node ./bin/www


> express-worker@0.0.0 start /home/projectcloudbristol/express_worker
> node ./bin/www


> express-worker@0.0.0 start /home/projectcloudbristol/express_worker
> node ./bin/www


> express-worker@0.0.0 start /home/projectcloudbristol/express_worker
> node ./bin/www


> express-worker@0.0.0 start /home/projectcloudbristol/express_worker
> node ./bin/www


> express-worker@0.0.0 start /home/projectcloudbristol/express_worker
> node ./bin/www


> express-worker@0.0.0 start /home/projectcloudbristol/express_worker
> node ./bin/www


> express-worker@0.0.0 start /home/projectcloudbristol/express_worker
> node ./bin/www


> express-worker@0.0.0 start /home/projectcloudbristol/express_worker
> node ./bin/www


> express-worker@0.0.0 start /home/projectcloudbristol/express_worker
> node ./bin/www


> express-worker@0.0.0 start /home/projectcloudbristol/express_worker
> node ./bin/www


> express-worker@0.0.0 start /home/projectcloudbristol/express_worker
> node ./bin/www


> express-worker@0.0.0 start /home/projectcloudbristol/express_worker
> node ./bin/www


> express-worker@0.0.0 start /home/projectcloudbristol/express_worker
> node ./bin/www


> express-worker@0.0.0 start /home/projectcloudbristol/express_worker
> node ./bin/www


> express-worker@0.0.0 start /home/projectcloudbristol/express_worker
> node ./bin/www


> express-worker@0.0.0 start /home/projectcloudbristol/express_worker
> node ./bin/www


> express-worker@0.0.0 start /home/projectcloudbristol/express_worker
> node ./bin/www


> express-worker@0.0.0 start /home/projectcloudbristol/express_worker
> node ./bin/www


> express-worker@0.0.0 start /home/projectcloudbristol/express_worker
> node ./bin/www


> express-worker@0.0.0 start /home/projectcloudbristol/express_worker
> node ./bin/www


> express-worker@0.0.0 start /home/projectcloudbristol/express_worker
> node ./bin/www


> express-worker@0.0.0 start /home/projectcloudbristol/express_worker
> node ./bin/www


> express-worker@0.0.0 start /home/projectcloudbristol/express_worker
> node ./bin/www


> express-worker@0.0.0 start /home/projectcloudbristol/express_worker
> node ./bin/www


> express-worker@0.0.0 start /home/projectcloudbristol/express_worker
> node ./bin/www


> express-worker@0.0.0 start /home/projectcloudbristol/express_worker
> node ./bin/www


> express-worker@0.0.0 start /home/projectcloudbristol/express_worker
> node ./bin/www


> express-worker@0.0.0 start /home/projectcloudbristol/express_worker
> node ./bin/www


> express-worker@0.0.0 start /home/projectcloudbristol/express_worker
> node ./bin/www


> express-worker@0.0.0 start /home/projectcloudbristol/express_worker
> node ./bin/www


> express-worker@0.0.0 start /home/projectcloudbristol/express_worker
> node ./bin/www


> express-worker@0.0.0 start /home/projectcloudbristol/express_worker
> node ./bin/www


> express-worker@0.0.0 start /home/projectcloudbristol/express_worker
> node ./bin/www


> express-worker@0.0.0 start /home/projectcloudbristol/express_worker
> node ./bin/www


> express-worker@0.0.0 start /home/projectcloudbristol/express_worker
> node ./bin/www


> express-worker@0.0.0 start /home/projectcloudbristol/express_worker
> node ./bin/www


> express-worker@0.0.0 start /home/projectcloudbristol/express_worker
> node ./bin/www


> express-worker@0.0.0 start /home/projectcloudbristol/express_worker
> node ./bin/www


> express-worker@0.0.0 start /home/projectcloudbristol/express_worker
> node ./bin/www


> express-worker@0.0.0 start /home/projectcloudbristol/express_worker
> node ./bin/www

done
[0mGET /test [0m- [0m- ms - -[0m
done
[0mGET /test [0m- [0m- ms - -[0m
[0mGET / [36m304 [0m763.088 ms - -[0m
[0mGET /stylesheets/style.css [36m304 [0m1.404 ms - -[0m
[0mGET / [36m304 [0m65.756 ms - -[0m
[0mGET /stylesheets/style.css [36m304 [0m0.420 ms - -[0m
[0mGET / [36m304 [0m91.332 ms - -[0m
[0mGET /stylesheets/style.css [36m304 [0m0.290 ms - -[0m
[0mGET / [36m304 [0m30.164 ms - -[0m
[0mGET /stylesheets/style.css [36m304 [0m0.297 ms - -[0m
[0mGET / [36m304 [0m39.807 ms - -[0m
[0mGET /stylesheets/style.css [36m304 [0m0.301 ms - -[0m
done
[0mGET /test [0m- [0m- ms - -[0m
[0mGET / [36m304 [0m81.696 ms - -[0m
[0mGET /stylesheets/style.css [36m304 [0m0.324 ms - -[0m

> express-worker@0.0.0 start /home/projectcloudbristol/express_worker
> node ./bin/www

[0mGET / [36m304 [0m301.021 ms - -[0m
[0mGET /stylesheets/style.css [36m304 [0m2.054 ms - -[0m
[0mGET / [36m304 [0m36.468 ms - -[0m
[0mGET /stylesheets/style.css [36m304 [0m0.570 ms - -[0m
[0mGET / [36m304 [0m45.649 ms - -[0m
[0mGET /stylesheets/style.css [36m304 [0m0.339 ms - -[0m
[0mGET / [36m304 [0m13.883 ms - -[0m
[0mGET /stylesheets/style.css [36m304 [0m0.348 ms - -[0m
[0mGET / [36m304 [0m17.968 ms - -[0m
[0mGET /stylesheets/style.css [36m304 [0m0.338 ms - -[0m
[0mGET / [36m304 [0m11.084 ms - -[0m
[0mGET /stylesheets/style.css [36m304 [0m0.606 ms - -[0m
done

> express-worker@0.0.0 start /home/projectcloudbristol/express_worker
> node ./bin/www

done

> express-worker@0.0.0 start /home/projectcloudbristol/express_worker
> node ./bin/www

[0mGET / [36m304 [0m281.047 ms - -[0m
[0mGET /stylesheets/style.css [36m304 [0m1.960 ms - -[0m

> express-worker@0.0.0 start /home/projectcloudbristol/express_worker
> node ./bin/www


> express-worker@0.0.0 start /home/projectcloudbristol/express_worker
> node ./bin/www


> express-worker@0.0.0 start /home/projectcloudbristol/express_worker
> node ./bin/www


> express-worker@0.0.0 start /home/projectcloudbristol/express_worker
> node ./bin/www


> express-worker@0.0.0 start /home/projectcloudbristol/express_worker
> node ./bin/www


> express-worker@0.0.0 start /home/projectcloudbristol/express_worker
> node ./bin/www


> express-worker@0.0.0 start /home/projectcloudbristol/express_worker
> node ./bin/www


> express-worker@0.0.0 start /home/projectcloudbristol/express_worker
> node ./bin/www


> express-worker@0.0.0 start /home/projectcloudbristol/express_worker
> node ./bin/www


> express-worker@0.0.0 start /home/projectcloudbristol/express_worker
> node ./bin/www


> express-worker@0.0.0 start /home/projectcloudbristol/express_worker
> node ./bin/www


> express-worker@0.0.0 start /home/projectcloudbristol/express_worker
> node ./bin/www


> express-worker@0.0.0 start /home/projectcloudbristol/express_worker
> node ./bin/www


> express-worker@0.0.0 start /home/projectcloudbristol/express_worker
> node ./bin/www


> express-worker@0.0.0 start /home/projectcloudbristol/express_worker
> node ./bin/www


> express-worker@0.0.0 start /home/projectcloudbristol/express_worker
> node ./bin/www


> express-worker@0.0.0 start /home/projectcloudbristol/express_worker
> node ./bin/www


> express-worker@0.0.0 start /home/projectcloudbristol/express_worker
> node ./bin/www


> express-worker@0.0.0 start /home/projectcloudbristol/express_worker
> node ./bin/www


> express-worker@0.0.0 start /home/projectcloudbristol/express_worker
> node ./bin/www


> express-worker@0.0.0 start /home/projectcloudbristol/express_worker
> node ./bin/www


> express-worker@0.0.0 start /home/projectcloudbristol/express_worker
> node ./bin/www


> express-worker@0.0.0 start /home/projectcloudbristol/express_worker
> node ./bin/www


> express-worker@0.0.0 start /home/projectcloudbristol/express_worker
> node ./bin/www


> express-worker@0.0.0 start /home/projectcloudbristol/express_worker
> node ./bin/www


> express-worker@0.0.0 start /home/projectcloudbristol/express_worker
> node ./bin/www


> express-worker@0.0.0 start /home/projectcloudbristol/express_worker
> node ./bin/www


> express-worker@0.0.0 start /home/projectcloudbristol/express_worker
> node ./bin/www


> express-worker@0.0.0 start /home/projectcloudbristol/express_worker
> node ./bin/www


> express-worker@0.0.0 start /home/projectcloudbristol/express_worker
> node ./bin/www


> express-worker@0.0.0 start /home/projectcloudbristol/express_worker
> node ./bin/www


> express-worker@0.0.0 start /home/projectcloudbristol/express_worker
> node ./bin/www


> express-worker@0.0.0 start /home/projectcloudbristol/express_worker
> node ./bin/www


> express-worker@0.0.0 start /home/projectcloudbristol/express_worker
> node ./bin/www


> express-worker@0.0.0 start /home/projectcloudbristol/express_worker
> node ./bin/www


> express-worker@0.0.0 start /home/projectcloudbristol/express_worker
> node ./bin/www


> express-worker@0.0.0 start /home/projectcloudbristol/express_worker
> node ./bin/www


> express-worker@0.0.0 start /home/projectcloudbristol/express_worker
> node ./bin/www


> express-worker@0.0.0 start /home/projectcloudbristol/express_worker
> node ./bin/www


> express-worker@0.0.0 start /home/projectcloudbristol/express_worker
> node ./bin/www


> express-worker@0.0.0 start /home/projectcloudbristol/express_worker
> node ./bin/www


> express-worker@0.0.0 start /home/projectcloudbristol/express_worker
> node ./bin/www


> express-worker@0.0.0 start /home/projectcloudbristol/express_worker
> node ./bin/www


> express-worker@0.0.0 start /home/projectcloudbristol/express_worker
> node ./bin/www


> express-worker@0.0.0 start /home/projectcloudbristol/express_worker
> node ./bin/www


> express-worker@0.0.0 start /home/projectcloudbristol/express_worker
> node ./bin/www


> express-worker@0.0.0 start /home/projectcloudbristol/express_worker
> node ./bin/www


> express-worker@0.0.0 start /home/projectcloudbristol/express_worker
> node ./bin/www


> express-worker@0.0.0 start /home/projectcloudbristol/express_worker
> node ./bin/www


> express-worker@0.0.0 start /home/projectcloudbristol/express_worker
> node ./bin/www


> express-worker@0.0.0 start /home/projectcloudbristol/express_worker
> node ./bin/www


> express-worker@0.0.0 start /home/projectcloudbristol/express_worker
> node ./bin/www


> express-worker@0.0.0 start /home/projectcloudbristol/express_worker
> node ./bin/www


> express-worker@0.0.0 start /home/projectcloudbristol/express_worker
> node ./bin/www


> express-worker@0.0.0 start /home/projectcloudbristol/express_worker
> node ./bin/www


> express-worker@0.0.0 start /home/projectcloudbristol/express_worker
> node ./bin/www


> express-worker@0.0.0 start /home/projectcloudbristol/express_worker
> node ./bin/www


> express-worker@0.0.0 start /home/projectcloudbristol/express_worker
> node ./bin/www


> express-worker@0.0.0 start /home/projectcloudbristol/express_worker
> node ./bin/www


> express-worker@0.0.0 start /home/projectcloudbristol/express_worker
> node ./bin/www


> express-worker@0.0.0 start /home/projectcloudbristol/express_worker
> node ./bin/www


> express-worker@0.0.0 start /home/projectcloudbristol/express_worker
> node ./bin/www


> express-worker@0.0.0 start /home/projectcloudbristol/express_worker
> node ./bin/www


> express-worker@0.0.0 start /home/projectcloudbristol/express_worker
> node ./bin/www


> express-worker@0.0.0 start /home/projectcloudbristol/express_worker
> node ./bin/www


> express-worker@0.0.0 start /home/projectcloudbristol/express_worker
> node ./bin/www


> express-worker@0.0.0 start /home/projectcloudbristol/express_worker
> node ./bin/www


> express-worker@0.0.0 start /home/projectcloudbristol/express_worker
> node ./bin/www


> express-worker@0.0.0 start /home/projectcloudbristol/express_worker
> node ./bin/www


> express-worker@0.0.0 start /home/projectcloudbristol/express_worker
> node ./bin/www


> express-worker@0.0.0 start /home/projectcloudbristol/express_worker
> node ./bin/www


> express-worker@0.0.0 start /home/projectcloudbristol/express_worker
> node ./bin/www


> express-worker@0.0.0 start /home/projectcloudbristol/express_worker
> node ./bin/www


> express-worker@0.0.0 start /home/projectcloudbristol/express_worker
> node ./bin/www


> express-worker@0.0.0 start /home/projectcloudbristol/express_worker
> node ./bin/www


> express-worker@0.0.0 start /home/projectcloudbristol/express_worker
> node ./bin/www


> express-worker@0.0.0 start /home/projectcloudbristol/express_worker
> node ./bin/www


> express-worker@0.0.0 start /home/projectcloudbristol/express_worker
> node ./bin/www


> express-worker@0.0.0 start /home/projectcloudbristol/express_worker
> node ./bin/www


> express-worker@0.0.0 start /home/projectcloudbristol/express_worker
> node ./bin/www


> express-worker@0.0.0 start /home/projectcloudbristol/express_worker
> node ./bin/www


> express-worker@0.0.0 start /home/projectcloudbristol/express_worker
> node ./bin/www


> express-worker@0.0.0 start /home/projectcloudbristol/express_worker
> node ./bin/www


> express-worker@0.0.0 start /home/projectcloudbristol/express_worker
> node ./bin/www


> express-worker@0.0.0 start /home/projectcloudbristol/express_worker
> node ./bin/www


> express-worker@0.0.0 start /home/projectcloudbristol/express_worker
> node ./bin/www


> express-worker@0.0.0 start /home/projectcloudbristol/express_worker
> node ./bin/www


> express-worker@0.0.0 start /home/projectcloudbristol/express_worker
> node ./bin/www


> express-worker@0.0.0 start /home/projectcloudbristol/express_worker
> node ./bin/www


> express-worker@0.0.0 start /home/projectcloudbristol/express_worker
> node ./bin/www


> express-worker@0.0.0 start /home/projectcloudbristol/express_worker
> node ./bin/www


> express-worker@0.0.0 start /home/projectcloudbristol/express_worker
> node ./bin/www


> express-worker@0.0.0 start /home/projectcloudbristol/express_worker
> node ./bin/www


> express-worker@0.0.0 start /home/projectcloudbristol/express_worker
> node ./bin/www


> express-worker@0.0.0 start /home/projectcloudbristol/express_worker
> node ./bin/www


> express-worker@0.0.0 start /home/projectcloudbristol/express_worker
> node ./bin/www


> express-worker@0.0.0 start /home/projectcloudbristol/express_worker
> node ./bin/www


> express-worker@0.0.0 start /home/projectcloudbristol/express_worker
> node ./bin/www


> express-worker@0.0.0 start /home/projectcloudbristol/express_worker
> node ./bin/www


> express-worker@0.0.0 start /home/projectcloudbristol/express_worker
> node ./bin/www


> express-worker@0.0.0 start /home/projectcloudbristol/express_worker
> node ./bin/www


> express-worker@0.0.0 start /home/projectcloudbristol/express_worker
> node ./bin/www


> express-worker@0.0.0 start /home/projectcloudbristol/express_worker
> node ./bin/www


> express-worker@0.0.0 start /home/projectcloudbristol/express_worker
> node ./bin/www


> express-worker@0.0.0 start /home/projectcloudbristol/express_worker
> node ./bin/www


> express-worker@0.0.0 start /home/projectcloudbristol/express_worker
> node ./bin/www


> express-worker@0.0.0 start /home/projectcloudbristol/express_worker
> node ./bin/www


> express-worker@0.0.0 start /home/projectcloudbristol/express_worker
> node ./bin/www


> express-worker@0.0.0 start /home/projectcloudbristol/express_worker
> node ./bin/www


> express-worker@0.0.0 start /home/projectcloudbristol/express_worker
> node ./bin/www

