2016-12-19 11:55:43,059 DEBUG    root            Loaded Command Group: ['gcloud', 'compute']
2016-12-19 11:55:43,083 DEBUG    root            Loaded Command Group: ['gcloud', 'compute', 'instances']
2016-12-19 11:55:43,179 DEBUG    root            Loaded Command Group: ['gcloud', 'compute', 'instances', 'list']
2016-12-19 11:55:43,368 DEBUG    root            Running gcloud.compute.instances.list with Namespace(__calliope_internal_deepest_parser=ArgumentParser(prog='gcloud.compute.instances.list', usage=None, description='List Google Compute Engine virtual machine instances.', version=None, formatter_class=<class 'argparse.HelpFormatter'>, conflict_handler='error', add_help=False), account=None, authority_selector=None, authorization_token_file=None, cmd_func=<bound method Command.Run of <googlecloudsdk.calliope.backend.Command object at 0x7fda88468ad0>>, command_path=['gcloud', 'compute', 'instances', 'list'], configuration=None, credential_file_override=None, document=None, filter=None, flatten=None, format=None, h=None, help=None, http_timeout=None, limit=None, log_http=None, names=[], page_size=None, project=None, quiet=None, regexp=None, sort_by=None, trace_email=None, trace_log=None, trace_token=None, uri=False, user_output_enabled=None, verbosity=None, version=None, zones=[]).
2016-12-19 11:55:43,374 INFO     root            Display format "
          table(
            name,
            zone.basename(),
            machineType.machine_type(),
            scheduling.preemptible.yesno(yes=true, no=''),
            networkInterfaces[0].networkIP:label=INTERNAL_IP,
            networkInterfaces[0].accessConfigs[0].natIP:label=EXTERNAL_IP,
            status
          )
        ".
2016-12-19 11:55:43,379 DEBUG    root            Starting batch request...
2016-12-19 11:55:43,379 DEBUG    root            Adding request: (<googlecloudsdk.third_party.apis.compute.v1.compute_v1_client.InstancesService object at 0x7fda88183b10>, 'AggregatedList', <ComputeInstancesAggregatedListRequest
 maxResults: 500
 project: 'corded-keel-151213'>)
2016-12-19 11:55:43,380 DEBUG    root            Making batch request...
2016-12-19 11:55:43,656 DEBUG    root            Batch request done; responses [<InstanceAggregatedList
 id: u'projects/corded-keel-151213/aggregated/instances'
 items: <ItemsValue
 additionalProperties: [<AdditionalProperty
 key: u'zones/asia-east1-c'
 value: <InstancesScopedList
 instances: []
 warning: <WarningValue
 code: CodeValueValuesEnum(NO_RESULTS_ON_PAGE, 10)
 data: [<DataValueListEntry
 key: u'scope'
 value: u'zones/asia-east1-c'>]
 message: u"There are no results for scope 'zones/asia-east1-c' on this page.">>>, <AdditionalProperty
 key: u'zones/us-central1-f'
 value: <InstancesScopedList
 instances: []
 warning: <WarningValue
 code: CodeValueValuesEnum(NO_RESULTS_ON_PAGE, 10)
 data: [<DataValueListEntry
 key: u'scope'
 value: u'zones/us-central1-f'>]
 message: u"There are no results for scope 'zones/us-central1-f' on this page.">>>, <AdditionalProperty
 key: u'zones/europe-west1-d'
 value: <InstancesScopedList
 instances: []
 warning: <WarningValue
 code: CodeValueValuesEnum(NO_RESULTS_ON_PAGE, 10)
 data: [<DataValueListEntry
 key: u'scope'
 value: u'zones/europe-west1-d'>]
 message: u"There are no results for scope 'zones/europe-west1-d' on this page.">>>, <AdditionalProperty
 key: u'zones/asia-east1-a'
 value: <InstancesScopedList
 instances: []
 warning: <WarningValue
 code: CodeValueValuesEnum(NO_RESULTS_ON_PAGE, 10)
 data: [<DataValueListEntry
 key: u'scope'
 value: u'zones/asia-east1-a'>]
 message: u"There are no results for scope 'zones/asia-east1-a' on this page.">>>, <AdditionalProperty
 key: u'zones/asia-east1-b'
 value: <InstancesScopedList
 instances: []
 warning: <WarningValue
 code: CodeValueValuesEnum(NO_RESULTS_ON_PAGE, 10)
 data: [<DataValueListEntry
 key: u'scope'
 value: u'zones/asia-east1-b'>]
 message: u"There are no results for scope 'zones/asia-east1-b' on this page.">>>, <AdditionalProperty
 key: u'zones/us-east1-c'
 value: <InstancesScopedList
 instances: []
 warning: <WarningValue
 code: CodeValueValuesEnum(NO_RESULTS_ON_PAGE, 10)
 data: [<DataValueListEntry
 key: u'scope'
 value: u'zones/us-east1-c'>]
 message: u"There are no results for scope 'zones/us-east1-c' on this page.">>>, <AdditionalProperty
 key: u'zones/us-west1-b'
 value: <InstancesScopedList
 instances: []
 warning: <WarningValue
 code: CodeValueValuesEnum(NO_RESULTS_ON_PAGE, 10)
 data: [<DataValueListEntry
 key: u'scope'
 value: u'zones/us-west1-b'>]
 message: u"There are no results for scope 'zones/us-west1-b' on this page.">>>, <AdditionalProperty
 key: u'zones/europe-west1-b'
 value: <InstancesScopedList
 instances: []
 warning: <WarningValue
 code: CodeValueValuesEnum(NO_RESULTS_ON_PAGE, 10)
 data: [<DataValueListEntry
 key: u'scope'
 value: u'zones/europe-west1-b'>]
 message: u"There are no results for scope 'zones/europe-west1-b' on this page.">>>, <AdditionalProperty
 key: u'zones/europe-west1-c'
 value: <InstancesScopedList
 instances: [<Instance
 canIpForward: False
 cpuPlatform: u'Intel Ivy Bridge'
 creationTimestamp: u'2016-12-01T05:41:25.536-08:00'
 description: u''
 disks: [<AttachedDisk
 autoDelete: True
 boot: True
 deviceName: u'blender-manager'
 index: 0
 interface: InterfaceValueValuesEnum(SCSI, 1)
 kind: u'compute#attachedDisk'
 licenses: [u'https://www.googleapis.com/compute/v1/projects/ubuntu-os-cloud/global/licenses/ubuntu-1404-trusty']
 mode: ModeValueValuesEnum(READ_WRITE, 1)
 source: u'https://www.googleapis.com/compute/v1/projects/corded-keel-151213/zones/europe-west1-c/disks/blender-manager'
 type: TypeValueValuesEnum(PERSISTENT, 0)>]
 id: 2361594190945425002
 kind: u'compute#instance'
 machineType: u'https://www.googleapis.com/compute/v1/projects/corded-keel-151213/zones/europe-west1-c/machineTypes/n1-standard-1'
 metadata: <Metadata
 fingerprint: '\x9a\x91\xd3\xcb\xdd\xaf\xd2\xd0'
 items: []
 kind: u'compute#metadata'>
 name: u'blender-manager'
 networkInterfaces: [<NetworkInterface
 accessConfigs: [<AccessConfig
 kind: u'compute#accessConfig'
 name: u'External NAT'
 natIP: u'130.211.97.146'
 type: TypeValueValuesEnum(ONE_TO_ONE_NAT, 0)>]
 name: u'nic0'
 network: u'https://www.googleapis.com/compute/v1/projects/corded-keel-151213/global/networks/default'
 networkIP: u'10.132.0.2'
 subnetwork: u'https://www.googleapis.com/compute/v1/projects/corded-keel-151213/regions/europe-west1/subnetworks/default'>]
 scheduling: <Scheduling
 automaticRestart: True
 onHostMaintenance: OnHostMaintenanceValueValuesEnum(MIGRATE, 0)
 preemptible: False>
 selfLink: u'https://www.googleapis.com/compute/v1/projects/corded-keel-151213/zones/europe-west1-c/instances/blender-manager'
 serviceAccounts: [<ServiceAccount
 email: u'304034796277-compute@developer.gserviceaccount.com'
 scopes: [u'https://www.googleapis.com/auth/cloud-platform']>]
 status: StatusValueValuesEnum(RUNNING, 1)
 tags: <Tags
 fingerprint: '\xea\xc9\x9c\xe1\x1e\x1d\xdf\xd2'
 items: [u'http-server', u'https-server']>
 zone: u'https://www.googleapis.com/compute/v1/projects/corded-keel-151213/zones/europe-west1-c'>, <Instance
 canIpForward: False
 cpuPlatform: u'Intel Ivy Bridge'
 creationTimestamp: u'2016-12-01T05:42:56.966-08:00'
 description: u''
 disks: [<AttachedDisk
 autoDelete: True
 boot: True
 deviceName: u'blender-worker1'
 index: 0
 interface: InterfaceValueValuesEnum(SCSI, 1)
 kind: u'compute#attachedDisk'
 licenses: [u'https://www.googleapis.com/compute/v1/projects/ubuntu-os-cloud/global/licenses/ubuntu-1404-trusty']
 mode: ModeValueValuesEnum(READ_WRITE, 1)
 source: u'https://www.googleapis.com/compute/v1/projects/corded-keel-151213/zones/europe-west1-c/disks/blender-worker1'
 type: TypeValueValuesEnum(PERSISTENT, 0)>]
 id: 1746518994001434127
 kind: u'compute#instance'
 machineType: u'https://www.googleapis.com/compute/v1/projects/corded-keel-151213/zones/europe-west1-c/machineTypes/n1-standard-1'
 metadata: <Metadata
 fingerprint: '\x9a\x91\xd3\xcb\xdd\xaf\xd2\xd0'
 items: []
 kind: u'compute#metadata'>
 name: u'blender-worker1'
 networkInterfaces: [<NetworkInterface
 accessConfigs: [<AccessConfig
 kind: u'compute#accessConfig'
 name: u'External NAT'
 natIP: u'104.199.25.246'
 type: TypeValueValuesEnum(ONE_TO_ONE_NAT, 0)>]
 name: u'nic0'
 network: u'https://www.googleapis.com/compute/v1/projects/corded-keel-151213/global/networks/default'
 networkIP: u'10.132.0.3'
 subnetwork: u'https://www.googleapis.com/compute/v1/projects/corded-keel-151213/regions/europe-west1/subnetworks/default'>]
 scheduling: <Scheduling
 automaticRestart: True
 onHostMaintenance: OnHostMaintenanceValueValuesEnum(MIGRATE, 0)
 preemptible: False>
 selfLink: u'https://www.googleapis.com/compute/v1/projects/corded-keel-151213/zones/europe-west1-c/instances/blender-worker1'
 serviceAccounts: [<ServiceAccount
 email: u'304034796277-compute@developer.gserviceaccount.com'
 scopes: [u'https://www.googleapis.com/auth/cloud-platform']>]
 status: StatusValueValuesEnum(RUNNING, 1)
 tags: <Tags
 fingerprint: '\xea\xc9\x9c\xe1\x1e\x1d\xdf\xd2'
 items: [u'http-server', u'https-server']>
 zone: u'https://www.googleapis.com/compute/v1/projects/corded-keel-151213/zones/europe-west1-c'>]>>, <AdditionalProperty
 key: u'zones/us-central1-a'
 value: <InstancesScopedList
 instances: []
 warning: <WarningValue
 code: CodeValueValuesEnum(NO_RESULTS_ON_PAGE, 10)
 data: [<DataValueListEntry
 key: u'scope'
 value: u'zones/us-central1-a'>]
 message: u"There are no results for scope 'zones/us-central1-a' on this page.">>>, <AdditionalProperty
 key: u'zones/us-central1-c'
 value: <InstancesScopedList
 instances: []
 warning: <WarningValue
 code: CodeValueValuesEnum(NO_RESULTS_ON_PAGE, 10)
 data: [<DataValueListEntry
 key: u'scope'
 value: u'zones/us-central1-c'>]
 message: u"There are no results for scope 'zones/us-central1-c' on this page.">>>, <AdditionalProperty
 key: u'zones/us-central1-b'
 value: <InstancesScopedList
 instances: []
 warning: <WarningValue
 code: CodeValueValuesEnum(NO_RESULTS_ON_PAGE, 10)
 data: [<DataValueListEntry
 key: u'scope'
 value: u'zones/us-central1-b'>]
 message: u"There are no results for scope 'zones/us-central1-b' on this page.">>>, <AdditionalProperty
 key: u'zones/asia-northeast1-a'
 value: <InstancesScopedList
 instances: []
 warning: <WarningValue
 code: CodeValueValuesEnum(NO_RESULTS_ON_PAGE, 10)
 data: [<DataValueListEntry
 key: u'scope'
 value: u'zones/asia-northeast1-a'>]
 message: u"There are no results for scope 'zones/asia-northeast1-a' on this page.">>>, <AdditionalProperty
 key: u'zones/asia-northeast1-b'
 value: <InstancesScopedList
 instances: []
 warning: <WarningValue
 code: CodeValueValuesEnum(NO_RESULTS_ON_PAGE, 10)
 data: [<DataValueListEntry
 key: u'scope'
 value: u'zones/asia-northeast1-b'>]
 message: u"There are no results for scope 'zones/asia-northeast1-b' on this page.">>>, <AdditionalProperty
 key: u'zones/asia-northeast1-c'
 value: <InstancesScopedList
 instances: []
 warning: <WarningValue
 code: CodeValueValuesEnum(NO_RESULTS_ON_PAGE, 10)
 data: [<DataValueListEntry
 key: u'scope'
 value: u'zones/asia-northeast1-c'>]
 message: u"There are no results for scope 'zones/asia-northeast1-c' on this page.">>>, <AdditionalProperty
 key: u'zones/us-east1-b'
 value: <InstancesScopedList
 instances: []
 warning: <WarningValue
 code: CodeValueValuesEnum(NO_RESULTS_ON_PAGE, 10)
 data: [<DataValueListEntry
 key: u'scope'
 value: u'zones/us-east1-b'>]
 message: u"There are no results for scope 'zones/us-east1-b' on this page.">>>, <AdditionalProperty
 key: u'zones/us-west1-a'
 value: <InstancesScopedList
 instances: []
 warning: <WarningValue
 code: CodeValueValuesEnum(NO_RESULTS_ON_PAGE, 10)
 data: [<DataValueListEntry
 key: u'scope'
 value: u'zones/us-west1-a'>]
 message: u"There are no results for scope 'zones/us-west1-a' on this page.">>>, <AdditionalProperty
 key: u'zones/us-east1-d'
 value: <InstancesScopedList
 instances: []
 warning: <WarningValue
 code: CodeValueValuesEnum(NO_RESULTS_ON_PAGE, 10)
 data: [<DataValueListEntry
 key: u'scope'
 value: u'zones/us-east1-d'>]
 message: u"There are no results for scope 'zones/us-east1-d' on this page.">>>]>
 kind: u'compute#instanceAggregatedList'
 selfLink: u'https://www.googleapis.com/compute/v1/projects/corded-keel-151213/aggregated/instances'>]
2016-12-19 11:55:43,726 INFO     ___FILE_ONLY___ NAME
2016-12-19 11:55:43,726 INFO     ___FILE_ONLY___              
2016-12-19 11:55:43,726 INFO     ___FILE_ONLY___ ZONE
2016-12-19 11:55:43,726 INFO     ___FILE_ONLY___             
2016-12-19 11:55:43,726 INFO     ___FILE_ONLY___ MACHINE_TYPE
2016-12-19 11:55:43,727 INFO     ___FILE_ONLY___    
2016-12-19 11:55:43,727 INFO     ___FILE_ONLY___ PREEMPTIBLE
2016-12-19 11:55:43,727 INFO     ___FILE_ONLY___   
2016-12-19 11:55:43,727 INFO     ___FILE_ONLY___ INTERNAL_IP
2016-12-19 11:55:43,727 INFO     ___FILE_ONLY___   
2016-12-19 11:55:43,727 INFO     ___FILE_ONLY___ EXTERNAL_IP
2016-12-19 11:55:43,727 INFO     ___FILE_ONLY___      
2016-12-19 11:55:43,727 INFO     ___FILE_ONLY___ STATUS
2016-12-19 11:55:43,727 INFO     ___FILE_ONLY___ 

2016-12-19 11:55:43,728 INFO     ___FILE_ONLY___ blender-manager
2016-12-19 11:55:43,728 INFO     ___FILE_ONLY___   
2016-12-19 11:55:43,728 INFO     ___FILE_ONLY___ europe-west1-c
2016-12-19 11:55:43,728 INFO     ___FILE_ONLY___   
2016-12-19 11:55:43,728 INFO     ___FILE_ONLY___ n1-standard-1
2016-12-19 11:55:43,728 INFO     ___FILE_ONLY___                
2016-12-19 11:55:43,729 INFO     ___FILE_ONLY___ 10.132.0.2
2016-12-19 11:55:43,729 INFO     ___FILE_ONLY___    
2016-12-19 11:55:43,729 INFO     ___FILE_ONLY___ 130.211.97.146
2016-12-19 11:55:43,729 INFO     ___FILE_ONLY___   
2016-12-19 11:55:43,729 INFO     ___FILE_ONLY___ RUNNING
2016-12-19 11:55:43,729 INFO     ___FILE_ONLY___ 

2016-12-19 11:55:43,730 INFO     ___FILE_ONLY___ blender-worker1
2016-12-19 11:55:43,730 INFO     ___FILE_ONLY___   
2016-12-19 11:55:43,730 INFO     ___FILE_ONLY___ europe-west1-c
2016-12-19 11:55:43,730 INFO     ___FILE_ONLY___   
2016-12-19 11:55:43,730 INFO     ___FILE_ONLY___ n1-standard-1
2016-12-19 11:55:43,731 INFO     ___FILE_ONLY___                
2016-12-19 11:55:43,731 INFO     ___FILE_ONLY___ 10.132.0.3
2016-12-19 11:55:43,731 INFO     ___FILE_ONLY___    
2016-12-19 11:55:43,731 INFO     ___FILE_ONLY___ 104.199.25.246
2016-12-19 11:55:43,731 INFO     ___FILE_ONLY___   
2016-12-19 11:55:43,731 INFO     ___FILE_ONLY___ RUNNING
2016-12-19 11:55:43,732 INFO     ___FILE_ONLY___ 

2016-12-19 11:55:43,734 DEBUG    root            Checking for updates...
2016-12-19 11:55:43,800 DEBUG    root            Updating notification cache...
2016-12-19 11:55:43,800 DEBUG    root            Activating notification: [default]
2016-12-19 11:55:43,800 INFO     ___FILE_ONLY___ 

Updates are available for some Cloud SDK components.  To install them,
please run:
  $ gcloud components update


2016-12-19 11:55:43,804 DEBUG    root            Metrics reporting process started...
