2016-12-19 11:56:42,143 DEBUG    root            Loaded Command Group: ['gcloud', 'components']
2016-12-19 11:56:42,150 DEBUG    root            Loaded Command Group: ['gcloud', 'components', 'post_process']
2016-12-19 11:56:42,152 DEBUG    root            Running gcloud.components.post-process with Namespace(__calliope_internal_deepest_parser=ArgumentParser(prog='gcloud.components.post-process', usage=None, description='Performs any necessary post installation steps.', version=None, formatter_class=<class 'argparse.HelpFormatter'>, conflict_handler='error', add_help=False), account=None, architecture_override=None, authority_selector=None, authorization_token_file=None, calliope_command=<googlecloudsdk.calliope.backend.Command object at 0x7f4628b078d0>, command_path=['gcloud', 'components', 'post-process'], configuration=None, credential_file_override=None, data='', document=None, flatten=None, format=None, h=None, help=None, http_timeout=None, log_http=None, operating_system_override=None, project=None, quiet=None, sdk_root_override=None, snapshot_url_override=None, trace_email=None, trace_log=None, trace_token=None, user_output_enabled=None, verbosity='warning', version=None).
2016-12-19 11:56:47,038 DEBUG    root            Loaded Command Group: ['gcloud', 'info']
2016-12-19 11:56:47,040 DEBUG    root            Loaded Command Group: ['gcloud', 'feedback']
2016-12-19 11:56:47,042 DEBUG    root            Loaded Command Group: ['gcloud', 'app']
2016-12-19 11:56:47,125 DEBUG    root            Loaded Command Group: ['gcloud', 'app', 'open_console']
2016-12-19 11:56:47,126 DEBUG    root            Loaded Command Group: ['gcloud', 'app', 'describe']
2016-12-19 11:56:47,128 DEBUG    root            Loaded Command Group: ['gcloud', 'app', 'logs']
2016-12-19 11:56:47,130 DEBUG    root            Loaded Command Group: ['gcloud', 'app', 'logs', 'read']
2016-12-19 11:56:47,131 DEBUG    root            Loaded Command Group: ['gcloud', 'app', 'versions']
2016-12-19 11:56:47,132 DEBUG    root            Loaded Command Group: ['gcloud', 'app', 'versions', 'start']
2016-12-19 11:56:47,134 DEBUG    root            No implementation for release track [GA] in file: [/usr/lib/google-cloud-sdk/lib/surface/app/versions/migrate.pyc]
2016-12-19 11:56:47,134 DEBUG    root            Loaded Command Group: ['gcloud', 'app', 'versions', 'browse']
2016-12-19 11:56:47,135 DEBUG    root            Loaded Command Group: ['gcloud', 'app', 'versions', 'list']
2016-12-19 11:56:47,136 DEBUG    root            Loaded Command Group: ['gcloud', 'app', 'versions', 'describe']
2016-12-19 11:56:47,138 DEBUG    root            Loaded Command Group: ['gcloud', 'app', 'versions', 'stop']
2016-12-19 11:56:47,139 DEBUG    root            Loaded Command Group: ['gcloud', 'app', 'versions', 'delete']
2016-12-19 11:56:47,140 DEBUG    root            Loaded Command Group: ['gcloud', 'app', 'browse']
2016-12-19 11:56:47,141 DEBUG    root            Loaded Command Group: ['gcloud', 'app', 'create']
2016-12-19 11:56:47,234 DEBUG    root            Loaded Command Group: ['gcloud', 'app', 'deploy']
2016-12-19 11:56:47,237 DEBUG    root            No implementation for release track [GA] in file: [/usr/lib/google-cloud-sdk/lib/surface/app/modules/__init__.pyc]
2016-12-19 11:56:47,238 DEBUG    root            Loaded Command Group: ['gcloud', 'app', 'regions']
2016-12-19 11:56:47,239 DEBUG    root            Loaded Command Group: ['gcloud', 'app', 'regions', 'list']
2016-12-19 11:56:47,240 DEBUG    root            Loaded Command Group: ['gcloud', 'app', 'instances']
2016-12-19 11:56:47,241 DEBUG    root            Loaded Command Group: ['gcloud', 'app', 'instances', 'disable_debug']
2016-12-19 11:56:47,243 DEBUG    root            Loaded Command Group: ['gcloud', 'app', 'instances', 'enable_debug']
2016-12-19 11:56:47,244 DEBUG    root            Loaded Command Group: ['gcloud', 'app', 'instances', 'describe']
2016-12-19 11:56:47,245 DEBUG    root            Loaded Command Group: ['gcloud', 'app', 'instances', 'list']
2016-12-19 11:56:47,246 DEBUG    root            No implementation for release track [GA] in file: [/usr/lib/google-cloud-sdk/lib/surface/app/instances/delete.pyc]
2016-12-19 11:56:47,276 DEBUG    root            No implementation for release track [GA] in file: [/usr/lib/google-cloud-sdk/lib/surface/app/gen_config.pyc]
2016-12-19 11:56:47,276 DEBUG    root            Loaded Command Group: ['gcloud', 'app', 'services']
2016-12-19 11:56:47,277 DEBUG    root            Loaded Command Group: ['gcloud', 'app', 'services', 'browse']
2016-12-19 11:56:47,279 DEBUG    root            Loaded Command Group: ['gcloud', 'app', 'services', 'set_traffic']
2016-12-19 11:56:47,280 DEBUG    root            Loaded Command Group: ['gcloud', 'app', 'services', 'describe']
2016-12-19 11:56:47,281 DEBUG    root            Loaded Command Group: ['gcloud', 'app', 'services', 'list']
2016-12-19 11:56:47,282 DEBUG    root            Loaded Command Group: ['gcloud', 'app', 'services', 'delete']
2016-12-19 11:56:47,283 DEBUG    root            Loaded Command Group: ['gcloud', 'app', 'gen_repo_info_file']
2016-12-19 11:56:47,285 DEBUG    root            Loaded Command Group: ['gcloud', 'topic']
2016-12-19 11:56:47,297 DEBUG    root            Loaded Command Group: ['gcloud', 'topic', 'projections']
2016-12-19 11:56:47,298 DEBUG    root            Loaded Command Group: ['gcloud', 'topic', 'escaping']
2016-12-19 11:56:47,300 DEBUG    root            Loaded Command Group: ['gcloud', 'topic', 'filters']
2016-12-19 11:56:47,300 DEBUG    root            Loaded Command Group: ['gcloud', 'topic', 'datetimes']
2016-12-19 11:56:47,302 DEBUG    root            Loaded Command Group: ['gcloud', 'topic', 'arg_files']
2016-12-19 11:56:47,303 DEBUG    root            Loaded Command Group: ['gcloud', 'topic', 'resource_keys']
2016-12-19 11:56:47,305 DEBUG    root            Loaded Command Group: ['gcloud', 'topic', 'formats']
2016-12-19 11:56:47,306 DEBUG    root            Loaded Command Group: ['gcloud', 'topic', 'configurations']
2016-12-19 11:56:47,308 DEBUG    root            Loaded Command Group: ['gcloud', 'meta']
2016-12-19 11:56:47,311 DEBUG    root            Loaded Command Group: ['gcloud', 'meta', 'generate_help_docs']
2016-12-19 11:56:47,312 DEBUG    root            Loaded Command Group: ['gcloud', 'meta', 'render_markdown']
2016-12-19 11:56:47,313 DEBUG    root            Loaded Command Group: ['gcloud', 'meta', 'list_from_json']
2016-12-19 11:56:47,347 DEBUG    root            Loaded Command Group: ['gcloud', 'meta', 'debug']
2016-12-19 11:56:47,349 DEBUG    root            Loaded Command Group: ['gcloud', 'meta', 'list_gcloud']
2016-12-19 11:56:47,356 DEBUG    root            Loaded Command Group: ['gcloud', 'meta', 'lint']
2016-12-19 11:56:47,359 DEBUG    root            Loaded Command Group: ['gcloud', 'meta', 'list_commands']
2016-12-19 11:56:47,361 DEBUG    root            No implementation for release track [GA] in file: [/usr/lib/google-cloud-sdk/lib/surface/datastore/__init__.pyc]
2016-12-19 11:56:47,362 DEBUG    root            Loaded Command Group: ['gcloud', 'help']
2016-12-19 11:56:47,363 DEBUG    root            Loaded Command Group: ['gcloud', 'iam']
2016-12-19 11:56:47,364 DEBUG    root            Loaded Command Group: ['gcloud', 'iam', 'service_accounts']
2016-12-19 11:56:47,369 DEBUG    root            Loaded Command Group: ['gcloud', 'iam', 'service-accounts', 'add_iam_policy_binding']
2016-12-19 11:56:47,370 DEBUG    root            Loaded Command Group: ['gcloud', 'iam', 'service-accounts', 'remove_iam_policy_binding']
2016-12-19 11:56:47,371 DEBUG    root            Loaded Command Group: ['gcloud', 'iam', 'service-accounts', 'sign_blob']
2016-12-19 11:56:47,373 DEBUG    root            Loaded Command Group: ['gcloud', 'iam', 'service-accounts', 'keys']
2016-12-19 11:56:47,376 DEBUG    root            Loaded Command Group: ['gcloud', 'iam', 'service-accounts', 'keys', 'create']
2016-12-19 11:56:47,377 DEBUG    root            Loaded Command Group: ['gcloud', 'iam', 'service-accounts', 'keys', 'list']
2016-12-19 11:56:47,378 DEBUG    root            Loaded Command Group: ['gcloud', 'iam', 'service-accounts', 'keys', 'delete']
2016-12-19 11:56:47,379 DEBUG    root            Loaded Command Group: ['gcloud', 'iam', 'service-accounts', 'create']
2016-12-19 11:56:47,380 DEBUG    root            Loaded Command Group: ['gcloud', 'iam', 'service-accounts', 'describe']
2016-12-19 11:56:47,381 DEBUG    root            Loaded Command Group: ['gcloud', 'iam', 'service-accounts', 'list']
2016-12-19 11:56:47,383 DEBUG    root            Loaded Command Group: ['gcloud', 'iam', 'service-accounts', 'update']
2016-12-19 11:56:47,383 DEBUG    root            Loaded Command Group: ['gcloud', 'iam', 'service-accounts', 'get_iam_policy']
2016-12-19 11:56:47,384 DEBUG    root            Loaded Command Group: ['gcloud', 'iam', 'service-accounts', 'set_iam_policy']
2016-12-19 11:56:47,386 DEBUG    root            Loaded Command Group: ['gcloud', 'iam', 'service-accounts', 'delete']
2016-12-19 11:56:47,387 DEBUG    root            Loaded Command Group: ['gcloud', 'iam', 'list_grantable_roles']
2016-12-19 11:56:47,389 DEBUG    root            No implementation for release track [GA] in file: [/usr/lib/google-cloud-sdk/lib/surface/genomics/__init__.pyc]
2016-12-19 11:56:47,390 DEBUG    root            No implementation for release track [GA] in file: [/usr/lib/google-cloud-sdk/lib/surface/functions/__init__.pyc]
2016-12-19 11:56:47,393 DEBUG    root            Loaded Command Group: ['gcloud', 'container']
2016-12-19 11:56:47,395 DEBUG    root            Loaded Command Group: ['gcloud', 'container', 'operations']
2016-12-19 11:56:47,397 DEBUG    root            No implementation for release track [GA] in file: [/usr/lib/google-cloud-sdk/lib/surface/container/operations/cancel.pyc]
2016-12-19 11:56:47,397 DEBUG    root            Loaded Command Group: ['gcloud', 'container', 'operations', 'describe']
2016-12-19 11:56:47,399 DEBUG    root            Loaded Command Group: ['gcloud', 'container', 'operations', 'list']
2016-12-19 11:56:47,401 DEBUG    root            Loaded Command Group: ['gcloud', 'container', 'operations', 'wait']
2016-12-19 11:56:47,404 DEBUG    root            Loaded Command Group: ['gcloud', 'container', 'builds']
2016-12-19 11:56:47,406 DEBUG    root            No implementation for release track [GA] in file: [/usr/lib/google-cloud-sdk/lib/surface/container/builds/stream_logs.pyc]
2016-12-19 11:56:47,406 DEBUG    root            Loaded Command Group: ['gcloud', 'container', 'builds', 'log']
2016-12-19 11:56:47,408 DEBUG    root            Loaded Command Group: ['gcloud', 'container', 'builds', 'cancel']
2016-12-19 11:56:47,413 DEBUG    root            No implementation for release track [GA] in file: [/usr/lib/google-cloud-sdk/lib/surface/container/builds/create.pyc]
2016-12-19 11:56:47,413 DEBUG    root            Loaded Command Group: ['gcloud', 'container', 'builds', 'describe']
2016-12-19 11:56:47,415 DEBUG    root            Loaded Command Group: ['gcloud', 'container', 'builds', 'list']
2016-12-19 11:56:47,419 DEBUG    root            Loaded Command Group: ['gcloud', 'container', 'builds', 'submit']
2016-12-19 11:56:47,422 DEBUG    root            Loaded Command Group: ['gcloud', 'container', 'node_pools']
2016-12-19 11:56:47,424 DEBUG    root            No implementation for release track [GA] in file: [/usr/lib/google-cloud-sdk/lib/surface/container/node_pools/rollback.pyc]
2016-12-19 11:56:47,424 DEBUG    root            Loaded Command Group: ['gcloud', 'container', 'node-pools', 'create']
2016-12-19 11:56:47,426 DEBUG    root            Loaded Command Group: ['gcloud', 'container', 'node-pools', 'describe']
2016-12-19 11:56:47,427 DEBUG    root            Loaded Command Group: ['gcloud', 'container', 'node-pools', 'list']
2016-12-19 11:56:47,428 DEBUG    root            No implementation for release track [GA] in file: [/usr/lib/google-cloud-sdk/lib/surface/container/node_pools/update.pyc]
2016-12-19 11:56:47,429 DEBUG    root            Loaded Command Group: ['gcloud', 'container', 'node-pools', 'delete']
2016-12-19 11:56:47,431 DEBUG    root            No implementation for release track [GA] in file: [/usr/lib/google-cloud-sdk/lib/surface/container/images/__init__.pyc]
2016-12-19 11:56:47,432 DEBUG    root            Loaded Command Group: ['gcloud', 'container', 'clusters']
2016-12-19 11:56:47,436 DEBUG    root            Loaded Command Group: ['gcloud', 'container', 'clusters', 'upgrade']
2016-12-19 11:56:47,437 DEBUG    root            Loaded Command Group: ['gcloud', 'container', 'clusters', 'create']
2016-12-19 11:56:47,441 DEBUG    root            Loaded Command Group: ['gcloud', 'container', 'clusters', 'describe']
2016-12-19 11:56:47,444 DEBUG    root            Loaded Command Group: ['gcloud', 'container', 'clusters', 'list']
2016-12-19 11:56:47,446 DEBUG    root            Loaded Command Group: ['gcloud', 'container', 'clusters', 'update']
2016-12-19 11:56:47,448 DEBUG    root            Loaded Command Group: ['gcloud', 'container', 'clusters', 'get_credentials']
2016-12-19 11:56:47,479 DEBUG    root            Loaded Command Group: ['gcloud', 'container', 'clusters', 'resize']
2016-12-19 11:56:47,481 DEBUG    root            Loaded Command Group: ['gcloud', 'container', 'clusters', 'delete']
2016-12-19 11:56:47,482 DEBUG    root            Loaded Command Group: ['gcloud', 'container', 'get_server_config']
2016-12-19 11:56:47,484 DEBUG    root            No implementation for release track [GA] in file: [/usr/lib/google-cloud-sdk/lib/surface/billing/__init__.pyc]
2016-12-19 11:56:47,501 DEBUG    root            Loaded Command Group: ['gcloud', 'source']
2016-12-19 11:56:47,504 DEBUG    root            No implementation for release track [GA] in file: [/usr/lib/google-cloud-sdk/lib/surface/source/captures/__init__.pyc]
2016-12-19 11:56:47,506 DEBUG    root            Loaded Command Group: ['gcloud', 'source', 'repos']
2016-12-19 11:56:47,510 DEBUG    root            Loaded Command Group: ['gcloud', 'source', 'repos', 'clone']
2016-12-19 11:56:47,511 DEBUG    root            No implementation for release track [GA] in file: [/usr/lib/google-cloud-sdk/lib/surface/source/repos/list.pyc]
2016-12-19 11:56:47,512 DEBUG    root            No implementation for release track [GA] in file: [/usr/lib/google-cloud-sdk/lib/surface/source/repos/create.pyc]
2016-12-19 11:56:47,513 DEBUG    root            No implementation for release track [GA] in file: [/usr/lib/google-cloud-sdk/lib/surface/source/repos/delete.pyc]
2016-12-19 11:56:47,514 DEBUG    root            Loaded Command Group: ['gcloud', 'init']
2016-12-19 11:56:47,516 DEBUG    root            Loaded Command Group: ['gcloud', 'version']
2016-12-19 11:56:47,519 DEBUG    root            Loaded Command Group: ['gcloud', 'projects']
2016-12-19 11:56:47,522 DEBUG    root            Loaded Command Group: ['gcloud', 'projects', 'add_iam_policy_binding']
2016-12-19 11:56:47,523 DEBUG    root            Loaded Command Group: ['gcloud', 'projects', 'remove_iam_policy_binding']
2016-12-19 11:56:47,526 DEBUG    root            No implementation for release track [GA] in file: [/usr/lib/google-cloud-sdk/lib/surface/projects/move.pyc]
2016-12-19 11:56:47,527 DEBUG    root            Loaded Command Group: ['gcloud', 'projects', 'undelete']
2016-12-19 11:56:47,528 DEBUG    root            No implementation for release track [GA] in file: [/usr/lib/google-cloud-sdk/lib/surface/projects/create.pyc]
2016-12-19 11:56:47,529 DEBUG    root            Loaded Command Group: ['gcloud', 'projects', 'describe']
2016-12-19 11:56:47,530 DEBUG    root            Loaded Command Group: ['gcloud', 'projects', 'list']
2016-12-19 11:56:47,533 DEBUG    root            Loaded Command Group: ['gcloud', 'projects', 'update']
2016-12-19 11:56:47,534 DEBUG    root            Loaded Command Group: ['gcloud', 'projects', 'get_iam_policy']
2016-12-19 11:56:47,535 DEBUG    root            Loaded Command Group: ['gcloud', 'projects', 'set_iam_policy']
2016-12-19 11:56:47,536 DEBUG    root            Loaded Command Group: ['gcloud', 'projects', 'delete']
2016-12-19 11:56:47,539 DEBUG    root            Loaded Command Group: ['gcloud', 'dns']
2016-12-19 11:56:47,541 DEBUG    root            Loaded Command Group: ['gcloud', 'dns', 'managed_zones']
2016-12-19 11:56:47,542 DEBUG    root            Loaded Command Group: ['gcloud', 'dns', 'managed-zones', 'create']
2016-12-19 11:56:47,543 DEBUG    root            Loaded Command Group: ['gcloud', 'dns', 'managed-zones', 'describe']
2016-12-19 11:56:47,544 DEBUG    root            Loaded Command Group: ['gcloud', 'dns', 'managed-zones', 'list']
2016-12-19 11:56:47,545 DEBUG    root            Loaded Command Group: ['gcloud', 'dns', 'managed-zones', 'delete']
2016-12-19 11:56:47,547 DEBUG    root            Loaded Command Group: ['gcloud', 'dns', 'record_sets']
2016-12-19 11:56:47,563 DEBUG    root            Loaded Command Group: ['gcloud', 'dns', 'record-sets', 'import']
2016-12-19 11:56:47,565 DEBUG    root            Loaded Command Group: ['gcloud', 'dns', 'record-sets', 'export']
2016-12-19 11:56:47,568 DEBUG    root            Loaded Command Group: ['gcloud', 'dns', 'record-sets', 'transaction']
2016-12-19 11:56:47,570 DEBUG    root            Loaded Command Group: ['gcloud', 'dns', 'record-sets', 'transaction', 'start']
2016-12-19 11:56:47,571 DEBUG    root            Loaded Command Group: ['gcloud', 'dns', 'record-sets', 'transaction', 'execute']
2016-12-19 11:56:47,572 DEBUG    root            Loaded Command Group: ['gcloud', 'dns', 'record-sets', 'transaction', 'abort']
2016-12-19 11:56:47,574 DEBUG    root            Loaded Command Group: ['gcloud', 'dns', 'record-sets', 'transaction', 'describe']
2016-12-19 11:56:47,575 DEBUG    root            Loaded Command Group: ['gcloud', 'dns', 'record-sets', 'transaction', 'add']
2016-12-19 11:56:47,576 DEBUG    root            Loaded Command Group: ['gcloud', 'dns', 'record-sets', 'transaction', 'remove']
2016-12-19 11:56:47,579 DEBUG    root            Loaded Command Group: ['gcloud', 'dns', 'record-sets', 'changes']
2016-12-19 11:56:47,580 DEBUG    root            Loaded Command Group: ['gcloud', 'dns', 'record-sets', 'changes', 'describe']
2016-12-19 11:56:47,581 DEBUG    root            Loaded Command Group: ['gcloud', 'dns', 'record-sets', 'changes', 'list']
2016-12-19 11:56:47,582 DEBUG    root            Loaded Command Group: ['gcloud', 'dns', 'record-sets', 'list']
2016-12-19 11:56:47,585 DEBUG    root            Loaded Command Group: ['gcloud', 'dns', 'project_info']
2016-12-19 11:56:47,586 DEBUG    root            Loaded Command Group: ['gcloud', 'dns', 'project-info', 'describe']
2016-12-19 11:56:47,588 DEBUG    root            No implementation for release track [GA] in file: [/usr/lib/google-cloud-sdk/lib/surface/test/__init__.pyc]
2016-12-19 11:56:47,588 DEBUG    root            No implementation for release track [PREVIEW] in file: [/usr/lib/google-cloud-sdk/lib/surface/info.pyc]
2016-12-19 11:56:47,589 DEBUG    root            No implementation for release track [PREVIEW] in file: [/usr/lib/google-cloud-sdk/lib/surface/feedback.pyc]
2016-12-19 11:56:47,595 DEBUG    root            Loaded Command Group: ['gcloud', 'preview', 'app']
2016-12-19 11:56:47,598 DEBUG    root            Loaded Command Group: ['gcloud', 'preview', 'app', 'open_console']
2016-12-19 11:56:47,599 DEBUG    root            No implementation for release track [PREVIEW] in file: [/usr/lib/google-cloud-sdk/lib/surface/app/describe.pyc]
2016-12-19 11:56:47,601 DEBUG    root            Loaded Command Group: ['gcloud', 'preview', 'app', 'logs']
2016-12-19 11:56:47,602 DEBUG    root            Loaded Command Group: ['gcloud', 'preview', 'app', 'logs', 'read']
2016-12-19 11:56:47,605 DEBUG    root            Loaded Command Group: ['gcloud', 'preview', 'app', 'versions']
2016-12-19 11:56:47,609 DEBUG    root            Loaded Command Group: ['gcloud', 'preview', 'app', 'versions', 'start']
2016-12-19 11:56:47,612 DEBUG    root            No implementation for release track [PREVIEW] in file: [/usr/lib/google-cloud-sdk/lib/surface/app/versions/migrate.pyc]
2016-12-19 11:56:47,612 DEBUG    root            Loaded Command Group: ['gcloud', 'preview', 'app', 'versions', 'browse']
2016-12-19 11:56:47,614 DEBUG    root            Loaded Command Group: ['gcloud', 'preview', 'app', 'versions', 'list']
2016-12-19 11:56:47,616 DEBUG    root            Loaded Command Group: ['gcloud', 'preview', 'app', 'versions', 'describe']
2016-12-19 11:56:47,622 DEBUG    root            Loaded Command Group: ['gcloud', 'preview', 'app', 'versions', 'stop']
2016-12-19 11:56:47,634 DEBUG    root            Loaded Command Group: ['gcloud', 'preview', 'app', 'versions', 'delete']
2016-12-19 11:56:47,636 DEBUG    root            Loaded Command Group: ['gcloud', 'preview', 'app', 'browse']
2016-12-19 11:56:47,638 DEBUG    root            No implementation for release track [PREVIEW] in file: [/usr/lib/google-cloud-sdk/lib/surface/app/create.pyc]
2016-12-19 11:56:47,643 DEBUG    root            Loaded Command Group: ['gcloud', 'preview', 'app', 'deploy']
2016-12-19 11:56:47,648 DEBUG    root            Loaded Command Group: ['gcloud', 'preview', 'app', 'modules']
2016-12-19 11:56:47,650 DEBUG    root            Loaded Command Group: ['gcloud', 'preview', 'app', 'modules', 'start']
2016-12-19 11:56:47,651 DEBUG    root            Loaded Command Group: ['gcloud', 'preview', 'app', 'modules', 'set_managed_by']
2016-12-19 11:56:47,652 DEBUG    root            Loaded Command Group: ['gcloud', 'preview', 'app', 'modules', 'set_default']
2016-12-19 11:56:47,653 DEBUG    root            Loaded Command Group: ['gcloud', 'preview', 'app', 'modules', 'stop']
2016-12-19 11:56:47,654 DEBUG    root            Loaded Command Group: ['gcloud', 'preview', 'app', 'modules', 'list']
2016-12-19 11:56:47,657 DEBUG    root            Loaded Command Group: ['gcloud', 'preview', 'app', 'modules', 'get_logs']
2016-12-19 11:56:47,658 DEBUG    root            Loaded Command Group: ['gcloud', 'preview', 'app', 'modules', 'delete']
2016-12-19 11:56:47,661 DEBUG    root            No implementation for release track [PREVIEW] in file: [/usr/lib/google-cloud-sdk/lib/surface/app/regions/__init__.pyc]
2016-12-19 11:56:47,663 DEBUG    root            Loaded Command Group: ['gcloud', 'preview', 'app', 'instances']
2016-12-19 11:56:47,664 DEBUG    root            Loaded Command Group: ['gcloud', 'preview', 'app', 'instances', 'disable_debug']
2016-12-19 11:56:47,669 DEBUG    root            Loaded Command Group: ['gcloud', 'preview', 'app', 'instances', 'enable_debug']
2016-12-19 11:56:47,670 DEBUG    root            No implementation for release track [PREVIEW] in file: [/usr/lib/google-cloud-sdk/lib/surface/app/instances/describe.pyc]
2016-12-19 11:56:47,670 DEBUG    root            Loaded Command Group: ['gcloud', 'preview', 'app', 'instances', 'list']
2016-12-19 11:56:47,672 DEBUG    root            No implementation for release track [PREVIEW] in file: [/usr/lib/google-cloud-sdk/lib/surface/app/instances/delete.pyc]
2016-12-19 11:56:47,672 DEBUG    root            Loaded Command Group: ['gcloud', 'preview', 'app', 'gen_config']
2016-12-19 11:56:47,675 DEBUG    root            Loaded Command Group: ['gcloud', 'preview', 'app', 'services']
2016-12-19 11:56:47,676 DEBUG    root            Loaded Command Group: ['gcloud', 'preview', 'app', 'services', 'browse']
2016-12-19 11:56:47,680 DEBUG    root            Loaded Command Group: ['gcloud', 'preview', 'app', 'services', 'set_traffic']
2016-12-19 11:56:47,682 DEBUG    root            No implementation for release track [PREVIEW] in file: [/usr/lib/google-cloud-sdk/lib/surface/app/services/describe.pyc]
2016-12-19 11:56:47,682 DEBUG    root            Loaded Command Group: ['gcloud', 'preview', 'app', 'services', 'list']
2016-12-19 11:56:47,686 DEBUG    root            Loaded Command Group: ['gcloud', 'preview', 'app', 'services', 'delete']
2016-12-19 11:56:47,690 DEBUG    root            Loaded Command Group: ['gcloud', 'preview', 'app', 'gen_repo_info_file']
2016-12-19 11:56:47,693 DEBUG    root            No implementation for release track [PREVIEW] in file: [/usr/lib/google-cloud-sdk/lib/surface/topic/__init__.pyc]
2016-12-19 11:56:47,695 DEBUG    root            No implementation for release track [PREVIEW] in file: [/usr/lib/google-cloud-sdk/lib/surface/meta/__init__.pyc]
2016-12-19 11:56:47,697 DEBUG    root            Loaded Command Group: ['gcloud', 'preview', 'datastore']
2016-12-19 11:56:47,699 DEBUG    root            Loaded Command Group: ['gcloud', 'preview', 'datastore', 'cleanup_indexes']
2016-12-19 11:56:47,700 DEBUG    root            Loaded Command Group: ['gcloud', 'preview', 'datastore', 'create_indexes']
2016-12-19 11:56:47,701 DEBUG    root            No implementation for release track [PREVIEW] in file: [/usr/lib/google-cloud-sdk/lib/surface/help.pyc]
2016-12-19 11:56:47,704 DEBUG    root            No implementation for release track [PREVIEW] in file: [/usr/lib/google-cloud-sdk/lib/surface/iam/__init__.pyc]
2016-12-19 11:56:47,705 DEBUG    root            No implementation for release track [PREVIEW] in file: [/usr/lib/google-cloud-sdk/lib/surface/genomics/__init__.pyc]
2016-12-19 11:56:47,707 DEBUG    root            No implementation for release track [PREVIEW] in file: [/usr/lib/google-cloud-sdk/lib/surface/functions/__init__.pyc]
2016-12-19 11:56:47,711 DEBUG    root            No implementation for release track [PREVIEW] in file: [/usr/lib/google-cloud-sdk/lib/surface/container/__init__.pyc]
2016-12-19 11:56:47,713 DEBUG    root            No implementation for release track [PREVIEW] in file: [/usr/lib/google-cloud-sdk/lib/surface/billing/__init__.pyc]
2016-12-19 11:56:47,714 DEBUG    root            No implementation for release track [PREVIEW] in file: [/usr/lib/google-cloud-sdk/lib/surface/source/__init__.pyc]
2016-12-19 11:56:47,715 DEBUG    root            No implementation for release track [PREVIEW] in file: [/usr/lib/google-cloud-sdk/lib/surface/init.pyc]
2016-12-19 11:56:47,719 DEBUG    root            No implementation for release track [PREVIEW] in file: [/usr/lib/google-cloud-sdk/lib/surface/version.pyc]
2016-12-19 11:56:47,722 DEBUG    root            No implementation for release track [PREVIEW] in file: [/usr/lib/google-cloud-sdk/lib/surface/bigtable/__init__.pyc]
2016-12-19 11:56:47,724 DEBUG    root            No implementation for release track [PREVIEW] in file: [/usr/lib/google-cloud-sdk/lib/surface/dns/__init__.pyc]
2016-12-19 11:56:47,725 DEBUG    root            No implementation for release track [PREVIEW] in file: [/usr/lib/google-cloud-sdk/lib/surface/test/__init__.pyc]
2016-12-19 11:56:47,727 DEBUG    root            No implementation for release track [PREVIEW] in file: [/usr/lib/google-cloud-sdk/lib/surface/config/__init__.pyc]
2016-12-19 11:56:47,729 DEBUG    root            No implementation for release track [PREVIEW] in file: [/usr/lib/google-cloud-sdk/lib/surface/pubsub/__init__.pyc]
2016-12-19 11:56:47,731 DEBUG    root            No implementation for release track [PREVIEW] in file: [/usr/lib/google-cloud-sdk/lib/surface/bio/__init__.pyc]
2016-12-19 11:56:47,733 DEBUG    root            No implementation for release track [PREVIEW] in file: [/usr/lib/google-cloud-sdk/lib/surface/components/__init__.pyc]
2016-12-19 11:56:47,736 DEBUG    root            No implementation for release track [PREVIEW] in file: [/usr/lib/google-cloud-sdk/lib/surface/service_registry/__init__.pyc]
2016-12-19 11:56:47,738 DEBUG    root            No implementation for release track [PREVIEW] in file: [/usr/lib/google-cloud-sdk/lib/surface/dataproc/__init__.pyc]
2016-12-19 11:56:47,739 DEBUG    root            No implementation for release track [PREVIEW] in file: [/usr/lib/google-cloud-sdk/lib/surface/emulators/__init__.pyc]
2016-12-19 11:56:47,743 DEBUG    root            No implementation for release track [PREVIEW] in file: [/usr/lib/google-cloud-sdk/lib/surface/auth/__init__.pyc]
2016-12-19 11:56:47,747 DEBUG    root            No implementation for release track [PREVIEW] in file: [/usr/lib/google-cloud-sdk/lib/surface/sql/__init__.pyc]
2016-12-19 11:56:47,749 DEBUG    root            No implementation for release track [PREVIEW] in file: [/usr/lib/google-cloud-sdk/lib/surface/compute/__init__.pyc]
2016-12-19 11:56:47,751 DEBUG    root            No implementation for release track [PREVIEW] in file: [/usr/lib/google-cloud-sdk/lib/surface/projects/__init__.pyc]
2016-12-19 11:56:47,753 DEBUG    root            No implementation for release track [PREVIEW] in file: [/usr/lib/google-cloud-sdk/lib/surface/resource_manager/__init__.pyc]
2016-12-19 11:56:47,755 DEBUG    root            No implementation for release track [PREVIEW] in file: [/usr/lib/google-cloud-sdk/lib/surface/organizations/__init__.pyc]
2016-12-19 11:56:47,757 DEBUG    root            No implementation for release track [PREVIEW] in file: [/usr/lib/google-cloud-sdk/lib/surface/logging/__init__.pyc]
2016-12-19 11:56:47,758 DEBUG    root            No implementation for release track [PREVIEW] in file: [/usr/lib/google-cloud-sdk/lib/surface/service_management/__init__.pyc]
2016-12-19 11:56:47,761 DEBUG    root            No implementation for release track [PREVIEW] in file: [/usr/lib/google-cloud-sdk/lib/surface/dataflow/__init__.pyc]
2016-12-19 11:56:47,763 DEBUG    root            No implementation for release track [PREVIEW] in file: [/usr/lib/google-cloud-sdk/lib/surface/ml/__init__.pyc]
2016-12-19 11:56:47,764 DEBUG    root            No implementation for release track [PREVIEW] in file: [/usr/lib/google-cloud-sdk/lib/surface/error_reporting/__init__.pyc]
2016-12-19 11:56:47,768 DEBUG    root            No implementation for release track [PREVIEW] in file: [/usr/lib/google-cloud-sdk/lib/surface/debug/__init__.pyc]
2016-12-19 11:56:47,768 DEBUG    root            No implementation for release track [PREVIEW] in file: [/usr/lib/google-cloud-sdk/lib/surface/docker.pyc]
2016-12-19 11:56:47,770 DEBUG    root            No implementation for release track [PREVIEW] in file: [/usr/lib/google-cloud-sdk/lib/surface/deployment_manager/__init__.pyc]
2016-12-19 11:56:47,772 DEBUG    root            Loaded Command Group: ['gcloud', 'config']
2016-12-19 11:56:47,774 DEBUG    root            Loaded Command Group: ['gcloud', 'config', 'config_helper']
2016-12-19 11:56:47,775 DEBUG    root            Loaded Command Group: ['gcloud', 'config', 'set']
2016-12-19 11:56:47,776 DEBUG    root            Loaded Command Group: ['gcloud', 'config', 'get_value']
2016-12-19 11:56:47,780 DEBUG    root            Loaded Command Group: ['gcloud', 'config', 'list']
2016-12-19 11:56:47,782 DEBUG    root            Loaded Command Group: ['gcloud', 'config', 'unset']
2016-12-19 11:56:47,785 DEBUG    root            Loaded Command Group: ['gcloud', 'config', 'configurations']
2016-12-19 11:56:47,786 DEBUG    root            Loaded Command Group: ['gcloud', 'config', 'configurations', 'list']
2016-12-19 11:56:47,788 DEBUG    root            Loaded Command Group: ['gcloud', 'config', 'configurations', 'create']
2016-12-19 11:56:47,789 DEBUG    root            Loaded Command Group: ['gcloud', 'config', 'configurations', 'describe']
2016-12-19 11:56:47,790 DEBUG    root            Loaded Command Group: ['gcloud', 'config', 'configurations', 'activate']
2016-12-19 11:56:47,791 DEBUG    root            Loaded Command Group: ['gcloud', 'config', 'configurations', 'delete']
2016-12-19 11:56:47,794 DEBUG    root            No implementation for release track [GA] in file: [/usr/lib/google-cloud-sdk/lib/surface/pubsub/__init__.pyc]
2016-12-19 11:56:47,795 DEBUG    root            No implementation for release track [GA] in file: [/usr/lib/google-cloud-sdk/lib/surface/bio/__init__.pyc]
2016-12-19 11:56:47,797 DEBUG    root            No implementation for release track [GA] in file: [/usr/lib/google-cloud-sdk/lib/surface/error_reporting/__init__.pyc]
2016-12-19 11:56:47,799 DEBUG    root            No implementation for release track [GA] in file: [/usr/lib/google-cloud-sdk/lib/surface/service_registry/__init__.pyc]
2016-12-19 11:56:47,801 DEBUG    root            Loaded Command Group: ['gcloud', 'dataproc']
2016-12-19 11:56:47,804 DEBUG    root            Loaded Command Group: ['gcloud', 'dataproc', 'operations']
2016-12-19 11:56:47,821 DEBUG    root            Loaded Command Group: ['gcloud', 'dataproc', 'operations', 'cancel']
2016-12-19 11:56:47,822 DEBUG    root            Loaded Command Group: ['gcloud', 'dataproc', 'operations', 'describe']
2016-12-19 11:56:47,823 DEBUG    root            Loaded Command Group: ['gcloud', 'dataproc', 'operations', 'list']
2016-12-19 11:56:47,824 DEBUG    root            Loaded Command Group: ['gcloud', 'dataproc', 'operations', 'delete']
2016-12-19 11:56:47,836 DEBUG    root            Loaded Command Group: ['gcloud', 'dataproc', 'clusters']
2016-12-19 11:56:47,838 DEBUG    root            Loaded Command Group: ['gcloud', 'dataproc', 'clusters', 'diagnose']
2016-12-19 11:56:47,847 DEBUG    root            Loaded Command Group: ['gcloud', 'dataproc', 'clusters', 'create']
2016-12-19 11:56:47,850 DEBUG    root            Loaded Command Group: ['gcloud', 'dataproc', 'clusters', 'describe']
2016-12-19 11:56:47,852 DEBUG    root            Loaded Command Group: ['gcloud', 'dataproc', 'clusters', 'list']
2016-12-19 11:56:47,853 DEBUG    root            Loaded Command Group: ['gcloud', 'dataproc', 'clusters', 'update']
2016-12-19 11:56:47,854 DEBUG    root            Loaded Command Group: ['gcloud', 'dataproc', 'clusters', 'delete']
2016-12-19 11:56:47,857 DEBUG    root            Loaded Command Group: ['gcloud', 'dataproc', 'jobs']
2016-12-19 11:56:47,859 DEBUG    root            Loaded Command Group: ['gcloud', 'dataproc', 'jobs', 'kill']
2016-12-19 11:56:47,860 DEBUG    root            Loaded Command Group: ['gcloud', 'dataproc', 'jobs', 'wait']
2016-12-19 11:56:47,862 DEBUG    root            Loaded Command Group: ['gcloud', 'dataproc', 'jobs', 'describe']
2016-12-19 11:56:47,867 DEBUG    root            Loaded Command Group: ['gcloud', 'dataproc', 'jobs', 'list']
2016-12-19 11:56:47,870 DEBUG    root            Loaded Command Group: ['gcloud', 'dataproc', 'jobs', 'submit']
2016-12-19 11:56:47,876 DEBUG    root            Loaded Command Group: ['gcloud', 'dataproc', 'jobs', 'submit', 'pyspark']
2016-12-19 11:56:47,880 DEBUG    root            Loaded Command Group: ['gcloud', 'dataproc', 'jobs', 'submit', 'spark']
2016-12-19 11:56:47,884 DEBUG    root            Loaded Command Group: ['gcloud', 'dataproc', 'jobs', 'submit', 'pig']
2016-12-19 11:56:47,888 DEBUG    root            Loaded Command Group: ['gcloud', 'dataproc', 'jobs', 'submit', 'hadoop']
2016-12-19 11:56:47,892 DEBUG    root            Loaded Command Group: ['gcloud', 'dataproc', 'jobs', 'submit', 'hive']
2016-12-19 11:56:47,896 DEBUG    root            Loaded Command Group: ['gcloud', 'dataproc', 'jobs', 'submit', 'spark_sql']
2016-12-19 11:56:47,897 DEBUG    root            Loaded Command Group: ['gcloud', 'dataproc', 'jobs', 'delete']
2016-12-19 11:56:47,900 DEBUG    root            No implementation for release track [GA] in file: [/usr/lib/google-cloud-sdk/lib/surface/emulators/__init__.pyc]
2016-12-19 11:56:47,902 DEBUG    root            Loaded Command Group: ['gcloud', 'auth']
2016-12-19 11:56:47,904 DEBUG    root            Loaded Command Group: ['gcloud', 'auth', 'activate_refresh_token']
2016-12-19 11:56:47,905 DEBUG    root            Loaded Command Group: ['gcloud', 'auth', 'revoke']
2016-12-19 11:56:47,906 DEBUG    root            Loaded Command Group: ['gcloud', 'auth', 'print_refresh_token']
2016-12-19 11:56:47,907 DEBUG    root            Loaded Command Group: ['gcloud', 'auth', 'list']
2016-12-19 11:56:47,909 DEBUG    root            Loaded Command Group: ['gcloud', 'auth', 'git_helper']
2016-12-19 11:56:47,911 DEBUG    root            Loaded Command Group: ['gcloud', 'auth', 'login']
2016-12-19 11:56:47,914 DEBUG    root            Loaded Command Group: ['gcloud', 'auth', 'activate_service_account']
2016-12-19 11:56:47,917 DEBUG    root            Loaded Command Group: ['gcloud', 'auth', 'print_access_token']
2016-12-19 11:56:47,920 DEBUG    root            Loaded Command Group: ['gcloud', 'auth', 'application_default']
2016-12-19 11:56:47,922 DEBUG    root            Loaded Command Group: ['gcloud', 'auth', 'application-default', 'login']
2016-12-19 11:56:47,923 DEBUG    root            Loaded Command Group: ['gcloud', 'auth', 'application-default', 'revoke']
2016-12-19 11:56:47,924 DEBUG    root            Loaded Command Group: ['gcloud', 'auth', 'application-default', 'print_access_token']
2016-12-19 11:56:47,931 DEBUG    root            Loaded Command Group: ['gcloud', 'sql']
2016-12-19 11:56:47,937 DEBUG    root            Loaded Command Group: ['gcloud', 'sql', 'operations']
2016-12-19 11:56:47,942 DEBUG    root            Loaded Command Group: ['gcloud', 'sql', 'operations', 'describe']
2016-12-19 11:56:47,947 DEBUG    root            Loaded Command Group: ['gcloud', 'sql', 'operations', 'list']
2016-12-19 11:56:47,952 DEBUG    root            Loaded Command Group: ['gcloud', 'sql', 'operations', 'wait']
2016-12-19 11:56:47,956 DEBUG    root            Loaded Command Group: ['gcloud', 'sql', 'instances']
2016-12-19 11:56:47,962 DEBUG    root            Loaded Command Group: ['gcloud', 'sql', 'instances', 'reset_ssl_config']
2016-12-19 11:56:47,967 DEBUG    root            Loaded Command Group: ['gcloud', 'sql', 'instances', 'promote_replica']
2016-12-19 11:56:47,972 DEBUG    root            Loaded Command Group: ['gcloud', 'sql', 'instances', 'clone']
2016-12-19 11:56:47,977 DEBUG    root            Loaded Command Group: ['gcloud', 'sql', 'instances', 'describe']
2016-12-19 11:56:47,981 DEBUG    root            Loaded Command Group: ['gcloud', 'sql', 'instances', 'list']
2016-12-19 11:56:47,990 DEBUG    root            Loaded Command Group: ['gcloud', 'sql', 'instances', 'patch']
2016-12-19 11:56:47,993 DEBUG    root            Loaded Command Group: ['gcloud', 'sql', 'instances', 'restore_backup']
2016-12-19 11:56:47,998 DEBUG    root            Loaded Command Group: ['gcloud', 'sql', 'instances', 'export']
2016-12-19 11:56:48,000 DEBUG    root            Loaded Command Group: ['gcloud', 'sql', 'instances', 'set_root_password']
2016-12-19 11:56:48,002 DEBUG    root            Loaded Command Group: ['gcloud', 'sql', 'instances', 'import']
2016-12-19 11:56:48,007 DEBUG    root            Loaded Command Group: ['gcloud', 'sql', 'instances', 'create']
2016-12-19 11:56:48,010 DEBUG    root            No implementation for release track [GA] in file: [/usr/lib/google-cloud-sdk/lib/surface/sql/instances/failover.pyc]
2016-12-19 11:56:48,014 DEBUG    root            Loaded Command Group: ['gcloud', 'sql', 'instances', 'restart']
2016-12-19 11:56:48,015 DEBUG    root            Loaded Command Group: ['gcloud', 'sql', 'instances', 'delete']
2016-12-19 11:56:48,019 DEBUG    root            Loaded Command Group: ['gcloud', 'sql', 'tiers']
2016-12-19 11:56:48,023 DEBUG    root            Loaded Command Group: ['gcloud', 'sql', 'tiers', 'list']
2016-12-19 11:56:48,026 DEBUG    root            Loaded Command Group: ['gcloud', 'sql', 'flags']
2016-12-19 11:56:48,031 DEBUG    root            Loaded Command Group: ['gcloud', 'sql', 'flags', 'list']
2016-12-19 11:56:48,035 DEBUG    root            No implementation for release track [GA] in file: [/usr/lib/google-cloud-sdk/lib/surface/sql/users/__init__.pyc]
2016-12-19 11:56:48,038 DEBUG    root            Loaded Command Group: ['gcloud', 'sql', 'backups']
2016-12-19 11:56:48,040 DEBUG    root            No implementation for release track [GA] in file: [/usr/lib/google-cloud-sdk/lib/surface/sql/backups/restore.pyc]
2016-12-19 11:56:48,040 DEBUG    root            No implementation for release track [GA] in file: [/usr/lib/google-cloud-sdk/lib/surface/sql/backups/create.pyc]
2016-12-19 11:56:48,040 DEBUG    root            Loaded Command Group: ['gcloud', 'sql', 'backups', 'describe']
2016-12-19 11:56:48,045 DEBUG    root            Loaded Command Group: ['gcloud', 'sql', 'backups', 'list']
2016-12-19 11:56:48,049 DEBUG    root            Loaded Command Group: ['gcloud', 'sql', 'ssl_certs']
2016-12-19 11:56:48,055 DEBUG    root            Loaded Command Group: ['gcloud', 'sql', 'ssl-certs', 'create']
2016-12-19 11:56:48,060 DEBUG    root            Loaded Command Group: ['gcloud', 'sql', 'ssl-certs', 'describe']
2016-12-19 11:56:48,065 DEBUG    root            Loaded Command Group: ['gcloud', 'sql', 'ssl-certs', 'list']
2016-12-19 11:56:48,070 DEBUG    root            Loaded Command Group: ['gcloud', 'sql', 'ssl-certs', 'delete']
2016-12-19 11:56:48,072 DEBUG    root            No implementation for release track [GA] in file: [/usr/lib/google-cloud-sdk/lib/surface/sql/connect.pyc]
2016-12-19 11:56:48,075 DEBUG    root            No implementation for release track [GA] in file: [/usr/lib/google-cloud-sdk/lib/surface/logging/__init__.pyc]
2016-12-19 11:56:48,079 DEBUG    root            No implementation for release track [GA] in file: [/usr/lib/google-cloud-sdk/lib/surface/bigtable/__init__.pyc]
2016-12-19 11:56:48,081 DEBUG    root            No implementation for release track [GA] in file: [/usr/lib/google-cloud-sdk/lib/surface/resource_manager/__init__.pyc]
2016-12-19 11:56:48,084 DEBUG    root            Loaded Command Group: ['gcloud', 'organizations']
2016-12-19 11:56:48,086 DEBUG    root            Loaded Command Group: ['gcloud', 'organizations', 'add_iam_policy_binding']
2016-12-19 11:56:48,088 DEBUG    root            Loaded Command Group: ['gcloud', 'organizations', 'remove_iam_policy_binding']
2016-12-19 11:56:48,089 DEBUG    root            Loaded Command Group: ['gcloud', 'organizations', 'get_iam_policy']
2016-12-19 11:56:48,090 DEBUG    root            Loaded Command Group: ['gcloud', 'organizations', 'set_iam_policy']
2016-12-19 11:56:48,092 DEBUG    root            Loaded Command Group: ['gcloud', 'organizations', 'describe']
2016-12-19 11:56:48,093 DEBUG    root            Loaded Command Group: ['gcloud', 'organizations', 'list']
2016-12-19 11:56:48,100 DEBUG    root            Loaded Command Group: ['gcloud', 'compute']
2016-12-19 11:56:48,108 DEBUG    root            Loaded Command Group: ['gcloud', 'compute', 'operations']
2016-12-19 11:56:48,110 DEBUG    root            Loaded Command Group: ['gcloud', 'compute', 'operations', 'describe']
2016-12-19 11:56:48,112 DEBUG    root            Loaded Command Group: ['gcloud', 'compute', 'operations', 'list']
2016-12-19 11:56:48,117 DEBUG    root            Loaded Command Group: ['gcloud', 'compute', 'disks']
2016-12-19 11:56:48,119 DEBUG    root            Loaded Command Group: ['gcloud', 'compute', 'disks', 'move']
2016-12-19 11:56:48,120 DEBUG    root            Loaded Command Group: ['gcloud', 'compute', 'disks', 'snapshot']
2016-12-19 11:56:48,123 DEBUG    root            Loaded Command Group: ['gcloud', 'compute', 'disks', 'create']
2016-12-19 11:56:48,125 DEBUG    root            Loaded Command Group: ['gcloud', 'compute', 'disks', 'describe']
2016-12-19 11:56:48,126 DEBUG    root            Loaded Command Group: ['gcloud', 'compute', 'disks', 'list']
2016-12-19 11:56:48,129 DEBUG    root            Loaded Command Group: ['gcloud', 'compute', 'disks', 'resize']
2016-12-19 11:56:48,131 DEBUG    root            Loaded Command Group: ['gcloud', 'compute', 'disks', 'delete']
2016-12-19 11:56:48,137 DEBUG    root            Loaded Command Group: ['gcloud', 'compute', 'addresses']
2016-12-19 11:56:48,138 DEBUG    root            Loaded Command Group: ['gcloud', 'compute', 'addresses', 'create']
2016-12-19 11:56:48,140 DEBUG    root            Loaded Command Group: ['gcloud', 'compute', 'addresses', 'describe']
2016-12-19 11:56:48,141 DEBUG    root            Loaded Command Group: ['gcloud', 'compute', 'addresses', 'list']
2016-12-19 11:56:48,143 DEBUG    root            Loaded Command Group: ['gcloud', 'compute', 'addresses', 'delete']
2016-12-19 11:56:48,147 DEBUG    root            Loaded Command Group: ['gcloud', 'compute', 'target_ssl_proxies']
2016-12-19 11:56:48,149 DEBUG    root            Loaded Command Group: ['gcloud', 'compute', 'target-ssl-proxies', 'create']
2016-12-19 11:56:48,151 DEBUG    root            Loaded Command Group: ['gcloud', 'compute', 'target-ssl-proxies', 'describe']
2016-12-19 11:56:48,153 DEBUG    root            Loaded Command Group: ['gcloud', 'compute', 'target-ssl-proxies', 'list']
2016-12-19 11:56:48,154 DEBUG    root            Loaded Command Group: ['gcloud', 'compute', 'target-ssl-proxies', 'update']
2016-12-19 11:56:48,155 DEBUG    root            Loaded Command Group: ['gcloud', 'compute', 'target-ssl-proxies', 'delete']
2016-12-19 11:56:48,161 DEBUG    root            Loaded Command Group: ['gcloud', 'compute', 'snapshots']
2016-12-19 11:56:48,162 DEBUG    root            Loaded Command Group: ['gcloud', 'compute', 'snapshots', 'describe']
2016-12-19 11:56:48,163 DEBUG    root            Loaded Command Group: ['gcloud', 'compute', 'snapshots', 'list']
2016-12-19 11:56:48,164 DEBUG    root            Loaded Command Group: ['gcloud', 'compute', 'snapshots', 'delete']
2016-12-19 11:56:48,169 DEBUG    root            Loaded Command Group: ['gcloud', 'compute', 'disk_types']
2016-12-19 11:56:48,170 DEBUG    root            Loaded Command Group: ['gcloud', 'compute', 'disk-types', 'describe']
2016-12-19 11:56:48,171 DEBUG    root            Loaded Command Group: ['gcloud', 'compute', 'disk-types', 'list']
2016-12-19 11:56:48,176 DEBUG    root            Loaded Command Group: ['gcloud', 'compute', 'zones']
2016-12-19 11:56:48,177 DEBUG    root            Loaded Command Group: ['gcloud', 'compute', 'zones', 'describe']
2016-12-19 11:56:48,179 DEBUG    root            Loaded Command Group: ['gcloud', 'compute', 'zones', 'list']
2016-12-19 11:56:48,183 DEBUG    root            Loaded Command Group: ['gcloud', 'compute', 'instances']
2016-12-19 11:56:48,189 DEBUG    root            Loaded Command Group: ['gcloud', 'compute', 'instances', 'tail_serial_port_output']
2016-12-19 11:56:48,191 DEBUG    root            No implementation for release track [GA] in file: [/usr/lib/google-cloud-sdk/lib/surface/compute/instances/suspend.pyc]
2016-12-19 11:56:48,191 DEBUG    root            Loaded Command Group: ['gcloud', 'compute', 'instances', 'delete_access_config']
2016-12-19 11:56:48,192 DEBUG    root            Loaded Command Group: ['gcloud', 'compute', 'instances', 'stop']
2016-12-19 11:56:48,193 DEBUG    root            Loaded Command Group: ['gcloud', 'compute', 'instances', 'move']
2016-12-19 11:56:48,195 DEBUG    root            Loaded Command Group: ['gcloud', 'compute', 'instances', 'detach_disk']
2016-12-19 11:56:48,197 DEBUG    root            No implementation for release track [GA] in file: [/usr/lib/google-cloud-sdk/lib/surface/compute/instances/create_from_container.pyc]
2016-12-19 11:56:48,198 DEBUG    root            Loaded Command Group: ['gcloud', 'compute', 'instances', 'set_scheduling']
2016-12-19 11:56:48,199 DEBUG    root            Loaded Command Group: ['gcloud', 'compute', 'instances', 'add_metadata']
2016-12-19 11:56:48,201 DEBUG    root            No implementation for release track [GA] in file: [/usr/lib/google-cloud-sdk/lib/surface/compute/instances/set_iam_policy.pyc]
2016-12-19 11:56:48,201 DEBUG    root            Loaded Command Group: ['gcloud', 'compute', 'instances', 'remove_metadata']
2016-12-19 11:56:48,202 DEBUG    root            Loaded Command Group: ['gcloud', 'compute', 'instances', 'reset']
2016-12-19 11:56:48,203 DEBUG    root            Loaded Command Group: ['gcloud', 'compute', 'instances', 'set_machine_type']
2016-12-19 11:56:48,205 DEBUG    root            Loaded Command Group: ['gcloud', 'compute', 'instances', 'attach_disk']
2016-12-19 11:56:48,207 DEBUG    root            Loaded Command Group: ['gcloud', 'compute', 'instances', 'set_disk_auto_delete']
2016-12-19 11:56:48,208 DEBUG    root            Loaded Command Group: ['gcloud', 'compute', 'instances', 'add_access_config']
2016-12-19 11:56:48,209 DEBUG    root            Loaded Command Group: ['gcloud', 'compute', 'instances', 'add_tags']
2016-12-19 11:56:48,210 DEBUG    root            Loaded Command Group: ['gcloud', 'compute', 'instances', 'list']
2016-12-19 11:56:48,212 DEBUG    root            Loaded Command Group: ['gcloud', 'compute', 'instances', 'describe']
2016-12-19 11:56:48,217 DEBUG    root            Loaded Command Group: ['gcloud', 'compute', 'instances', 'get_serial_port_output']
2016-12-19 11:56:48,224 DEBUG    root            Loaded Command Group: ['gcloud', 'compute', 'instances', 'start']
2016-12-19 11:56:48,226 DEBUG    root            No implementation for release track [GA] in file: [/usr/lib/google-cloud-sdk/lib/surface/compute/instances/get_iam_policy.pyc]
2016-12-19 11:56:48,226 DEBUG    root            No implementation for release track [GA] in file: [/usr/lib/google-cloud-sdk/lib/surface/compute/instances/set_scopes.pyc]
2016-12-19 11:56:48,226 DEBUG    root            Loaded Command Group: ['gcloud', 'compute', 'instances', 'remove_tags']
2016-12-19 11:56:48,228 DEBUG    root            Loaded Command Group: ['gcloud', 'compute', 'instances', 'create']
2016-12-19 11:56:48,231 DEBUG    root            Loaded Command Group: ['gcloud', 'compute', 'instances', 'delete']
2016-12-19 11:56:48,235 DEBUG    root            Loaded Command Group: ['gcloud', 'compute', 'instance_groups']
2016-12-19 11:56:48,238 DEBUG    root            Loaded Command Group: ['gcloud', 'compute', 'instance-groups', 'set_named_ports']
2016-12-19 11:56:48,240 DEBUG    root            Loaded Command Group: ['gcloud', 'compute', 'instance-groups', 'list']
2016-12-19 11:56:48,245 DEBUG    root            Loaded Command Group: ['gcloud', 'compute', 'instance-groups', 'managed']
2016-12-19 11:56:48,247 DEBUG    root            Loaded Command Group: ['gcloud', 'compute', 'instance-groups', 'managed', 'set_autoscaling']
2016-12-19 11:56:48,248 DEBUG    root            Loaded Command Group: ['gcloud', 'compute', 'instance-groups', 'managed', 'describe']
2016-12-19 11:56:48,250 DEBUG    root            Loaded Command Group: ['gcloud', 'compute', 'instance-groups', 'managed', 'recreate_instances']
2016-12-19 11:56:48,252 DEBUG    root            Loaded Command Group: ['gcloud', 'compute', 'instance-groups', 'managed', 'list_instances']
2016-12-19 11:56:48,254 DEBUG    root            Loaded Command Group: ['gcloud', 'compute', 'instance-groups', 'managed', 'abandon_instances']
2016-12-19 11:56:48,257 DEBUG    root            Loaded Command Group: ['gcloud', 'compute', 'instance-groups', 'managed', 'delete_instances']
2016-12-19 11:56:48,258 DEBUG    root            Loaded Command Group: ['gcloud', 'compute', 'instance-groups', 'managed', 'resize']
2016-12-19 11:56:48,260 DEBUG    root            Loaded Command Group: ['gcloud', 'compute', 'instance-groups', 'managed', 'set_named_ports']
2016-12-19 11:56:48,328 DEBUG    root            No implementation for release track [GA] in file: [/usr/lib/google-cloud-sdk/lib/surface/compute/instance_groups/managed/set_autohealing.pyc]
2016-12-19 11:56:48,329 DEBUG    root            Loaded Command Group: ['gcloud', 'compute', 'instance-groups', 'managed', 'create']
2016-12-19 11:56:48,331 DEBUG    root            Loaded Command Group: ['gcloud', 'compute', 'instance-groups', 'managed', 'list']
2016-12-19 11:56:48,334 DEBUG    root            Loaded Command Group: ['gcloud', 'compute', 'instance-groups', 'managed', 'stop_autoscaling']
2016-12-19 11:56:48,336 DEBUG    root            Loaded Command Group: ['gcloud', 'compute', 'instance-groups', 'managed', 'wait_until_stable']
2016-12-19 11:56:48,339 DEBUG    root            No implementation for release track [GA] in file: [/usr/lib/google-cloud-sdk/lib/surface/compute/instance_groups/managed/update_instances.pyc]
2016-12-19 11:56:48,340 DEBUG    root            Loaded Command Group: ['gcloud', 'compute', 'instance-groups', 'managed', 'set_target_pools']
2016-12-19 11:56:48,342 DEBUG    root            No implementation for release track [GA] in file: [/usr/lib/google-cloud-sdk/lib/surface/compute/instance_groups/managed/stop_proactive_update_instances.pyc]
2016-12-19 11:56:48,342 DEBUG    root            Loaded Command Group: ['gcloud', 'compute', 'instance-groups', 'managed', 'set_instance_template']
2016-12-19 11:56:48,345 DEBUG    root            Loaded Command Group: ['gcloud', 'compute', 'instance-groups', 'managed', 'get_named_ports']
2016-12-19 11:56:48,347 DEBUG    root            Loaded Command Group: ['gcloud', 'compute', 'instance-groups', 'managed', 'delete']
2016-12-19 11:56:48,356 DEBUG    root            Loaded Command Group: ['gcloud', 'compute', 'instance-groups', 'unmanaged']
2016-12-19 11:56:48,358 DEBUG    root            Loaded Command Group: ['gcloud', 'compute', 'instance-groups', 'unmanaged', 'set_named_ports']
2016-12-19 11:56:48,360 DEBUG    root            Loaded Command Group: ['gcloud', 'compute', 'instance-groups', 'unmanaged', 'remove_instances']
2016-12-19 11:56:48,362 DEBUG    root            Loaded Command Group: ['gcloud', 'compute', 'instance-groups', 'unmanaged', 'create']
2016-12-19 11:56:48,364 DEBUG    root            Loaded Command Group: ['gcloud', 'compute', 'instance-groups', 'unmanaged', 'describe']
2016-12-19 11:56:48,366 DEBUG    root            Loaded Command Group: ['gcloud', 'compute', 'instance-groups', 'unmanaged', 'list']
2016-12-19 11:56:48,368 DEBUG    root            Loaded Command Group: ['gcloud', 'compute', 'instance-groups', 'unmanaged', 'list_instances']
2016-12-19 11:56:48,371 DEBUG    root            Loaded Command Group: ['gcloud', 'compute', 'instance-groups', 'unmanaged', 'add_instances']
2016-12-19 11:56:48,373 DEBUG    root            Loaded Command Group: ['gcloud', 'compute', 'instance-groups', 'unmanaged', 'get_named_ports']
2016-12-19 11:56:48,375 DEBUG    root            Loaded Command Group: ['gcloud', 'compute', 'instance-groups', 'unmanaged', 'delete']
2016-12-19 11:56:48,377 DEBUG    root            Loaded Command Group: ['gcloud', 'compute', 'instance-groups', 'describe']
2016-12-19 11:56:48,379 DEBUG    root            Loaded Command Group: ['gcloud', 'compute', 'instance-groups', 'get_named_ports']
2016-12-19 11:56:48,381 DEBUG    root            Loaded Command Group: ['gcloud', 'compute', 'instance-groups', 'list_instances']
2016-12-19 11:56:48,390 DEBUG    root            Loaded Command Group: ['gcloud', 'compute', 'images']
2016-12-19 11:56:48,393 DEBUG    root            Loaded Command Group: ['gcloud', 'compute', 'images', 'deprecate']
2016-12-19 11:56:48,396 DEBUG    root            Loaded Command Group: ['gcloud', 'compute', 'images', 'create']
2016-12-19 11:56:48,398 DEBUG    root            Loaded Command Group: ['gcloud', 'compute', 'images', 'describe']
2016-12-19 11:56:48,400 DEBUG    root            Loaded Command Group: ['gcloud', 'compute', 'images', 'list']
2016-12-19 11:56:48,403 DEBUG    root            Loaded Command Group: ['gcloud', 'compute', 'images', 'describe_from_family']
2016-12-19 11:56:48,404 DEBUG    root            Loaded Command Group: ['gcloud', 'compute', 'images', 'delete']
2016-12-19 11:56:48,409 DEBUG    root            Loaded Command Group: ['gcloud', 'compute', 'networks']
2016-12-19 11:56:48,417 DEBUG    root            Loaded Command Group: ['gcloud', 'compute', 'networks', 'subnets']
2016-12-19 11:56:48,419 DEBUG    root            Loaded Command Group: ['gcloud', 'compute', 'networks', 'subnets', 'create']
2016-12-19 11:56:48,421 DEBUG    root            Loaded Command Group: ['gcloud', 'compute', 'networks', 'subnets', 'describe']
2016-12-19 11:56:48,422 DEBUG    root            Loaded Command Group: ['gcloud', 'compute', 'networks', 'subnets', 'list']
2016-12-19 11:56:48,423 DEBUG    root            No implementation for release track [GA] in file: [/usr/lib/google-cloud-sdk/lib/surface/compute/networks/subnets/update.pyc]
2016-12-19 11:56:48,424 DEBUG    root            No implementation for release track [GA] in file: [/usr/lib/google-cloud-sdk/lib/surface/compute/networks/subnets/get_iam_policy.pyc]
2016-12-19 11:56:48,424 DEBUG    root            No implementation for release track [GA] in file: [/usr/lib/google-cloud-sdk/lib/surface/compute/networks/subnets/set_iam_policy.pyc]
2016-12-19 11:56:48,424 DEBUG    root            Loaded Command Group: ['gcloud', 'compute', 'networks', 'subnets', 'expand_ip_range']
2016-12-19 11:56:48,426 DEBUG    root            Loaded Command Group: ['gcloud', 'compute', 'networks', 'subnets', 'delete']
2016-12-19 11:56:48,427 DEBUG    root            Loaded Command Group: ['gcloud', 'compute', 'networks', 'delete']
2016-12-19 11:56:48,429 DEBUG    root            Loaded Command Group: ['gcloud', 'compute', 'networks', 'switch_mode']
2016-12-19 11:56:48,430 DEBUG    root            Loaded Command Group: ['gcloud', 'compute', 'networks', 'create']
2016-12-19 11:56:48,432 DEBUG    root            Loaded Command Group: ['gcloud', 'compute', 'networks', 'describe']
2016-12-19 11:56:48,433 DEBUG    root            Loaded Command Group: ['gcloud', 'compute', 'networks', 'list']
2016-12-19 11:56:48,438 DEBUG    root            No implementation for release track [GA] in file: [/usr/lib/google-cloud-sdk/lib/surface/compute/networks/peerings/__init__.pyc]
2016-12-19 11:56:48,440 DEBUG    root            Loaded Command Group: ['gcloud', 'compute', 'connect_to_serial_port']
2016-12-19 11:56:48,446 DEBUG    root            No implementation for release track [GA] in file: [/usr/lib/google-cloud-sdk/lib/surface/compute/xpn/__init__.pyc]
2016-12-19 11:56:48,450 DEBUG    root            Loaded Command Group: ['gcloud', 'compute', 'backend_services']
2016-12-19 11:56:48,452 DEBUG    root            Loaded Command Group: ['gcloud', 'compute', 'backend-services', 'remove_backend']
2016-12-19 11:56:48,459 DEBUG    root            Loaded Command Group: ['gcloud', 'compute', 'backend-services', 'edit']
2016-12-19 11:56:48,461 DEBUG    root            Loaded Command Group: ['gcloud', 'compute', 'backend-services', 'create']
2016-12-19 11:56:48,463 DEBUG    root            Loaded Command Group: ['gcloud', 'compute', 'backend-services', 'describe']
2016-12-19 11:56:48,464 DEBUG    root            Loaded Command Group: ['gcloud', 'compute', 'backend-services', 'list']
2016-12-19 11:56:48,465 DEBUG    root            Loaded Command Group: ['gcloud', 'compute', 'backend-services', 'update']
2016-12-19 11:56:48,467 DEBUG    root            Loaded Command Group: ['gcloud', 'compute', 'backend-services', 'get_health']
2016-12-19 11:56:48,469 DEBUG    root            Loaded Command Group: ['gcloud', 'compute', 'backend-services', 'update_backend']
2016-12-19 11:56:48,471 DEBUG    root            Loaded Command Group: ['gcloud', 'compute', 'backend-services', 'add_backend']
2016-12-19 11:56:48,474 DEBUG    root            Loaded Command Group: ['gcloud', 'compute', 'backend-services', 'delete']
2016-12-19 11:56:48,481 DEBUG    root            Loaded Command Group: ['gcloud', 'compute', 'ssl_certificates']
2016-12-19 11:56:48,482 DEBUG    root            Loaded Command Group: ['gcloud', 'compute', 'ssl-certificates', 'create']
2016-12-19 11:56:48,484 DEBUG    root            Loaded Command Group: ['gcloud', 'compute', 'ssl-certificates', 'describe']
2016-12-19 11:56:48,485 DEBUG    root            Loaded Command Group: ['gcloud', 'compute', 'ssl-certificates', 'list']
2016-12-19 11:56:48,486 DEBUG    root            Loaded Command Group: ['gcloud', 'compute', 'ssl-certificates', 'delete']
2016-12-19 11:56:48,498 DEBUG    root            Loaded Command Group: ['gcloud', 'compute', 'copy_files']
2016-12-19 11:56:48,501 DEBUG    root            Loaded Command Group: ['gcloud', 'compute', 'reset_windows_password']
2016-12-19 11:56:48,507 DEBUG    root            Loaded Command Group: ['gcloud', 'compute', 'regions']
2016-12-19 11:56:48,509 DEBUG    root            Loaded Command Group: ['gcloud', 'compute', 'regions', 'describe']
2016-12-19 11:56:48,510 DEBUG    root            Loaded Command Group: ['gcloud', 'compute', 'regions', 'list']
2016-12-19 11:56:48,516 DEBUG    root            Loaded Command Group: ['gcloud', 'compute', 'forwarding_rules']
2016-12-19 11:56:48,518 DEBUG    root            Loaded Command Group: ['gcloud', 'compute', 'forwarding-rules', 'create']
2016-12-19 11:56:48,521 DEBUG    root            Loaded Command Group: ['gcloud', 'compute', 'forwarding-rules', 'describe']
2016-12-19 11:56:48,522 DEBUG    root            Loaded Command Group: ['gcloud', 'compute', 'forwarding-rules', 'list']
2016-12-19 11:56:48,524 DEBUG    root            Loaded Command Group: ['gcloud', 'compute', 'forwarding-rules', 'set_target']
2016-12-19 11:56:48,527 DEBUG    root            Loaded Command Group: ['gcloud', 'compute', 'forwarding-rules', 'delete']
2016-12-19 11:56:48,533 DEBUG    root            Loaded Command Group: ['gcloud', 'compute', 'target_pools']
2016-12-19 11:56:48,535 DEBUG    root            Loaded Command Group: ['gcloud', 'compute', 'target-pools', 'set_backup']
2016-12-19 11:56:48,536 DEBUG    root            Loaded Command Group: ['gcloud', 'compute', 'target-pools', 'create']
2016-12-19 11:56:48,538 DEBUG    root            Loaded Command Group: ['gcloud', 'compute', 'target-pools', 'describe']
2016-12-19 11:56:48,539 DEBUG    root            Loaded Command Group: ['gcloud', 'compute', 'target-pools', 'list']
2016-12-19 11:56:48,541 DEBUG    root            Loaded Command Group: ['gcloud', 'compute', 'target-pools', 'remove_health_checks']
2016-12-19 11:56:48,543 DEBUG    root            Loaded Command Group: ['gcloud', 'compute', 'target-pools', 'remove_instances']
2016-12-19 11:56:48,544 DEBUG    root            Loaded Command Group: ['gcloud', 'compute', 'target-pools', 'add_instances']
2016-12-19 11:56:48,546 DEBUG    root            Loaded Command Group: ['gcloud', 'compute', 'target-pools', 'get_health']
2016-12-19 11:56:48,548 DEBUG    root            Loaded Command Group: ['gcloud', 'compute', 'target-pools', 'add_health_checks']
2016-12-19 11:56:48,550 DEBUG    root            Loaded Command Group: ['gcloud', 'compute', 'target-pools', 'delete']
2016-12-19 11:56:48,555 DEBUG    root            Loaded Command Group: ['gcloud', 'compute', 'http_health_checks']
2016-12-19 11:56:48,556 DEBUG    root            Loaded Command Group: ['gcloud', 'compute', 'http-health-checks', 'create']
2016-12-19 11:56:48,558 DEBUG    root            Loaded Command Group: ['gcloud', 'compute', 'http-health-checks', 'describe']
2016-12-19 11:56:48,559 DEBUG    root            Loaded Command Group: ['gcloud', 'compute', 'http-health-checks', 'list']
2016-12-19 11:56:48,560 DEBUG    root            Loaded Command Group: ['gcloud', 'compute', 'http-health-checks', 'update']
2016-12-19 11:56:48,561 DEBUG    root            Loaded Command Group: ['gcloud', 'compute', 'http-health-checks', 'delete']
2016-12-19 11:56:48,567 DEBUG    root            Loaded Command Group: ['gcloud', 'compute', 'target_vpn_gateways']
2016-12-19 11:56:48,569 DEBUG    root            Loaded Command Group: ['gcloud', 'compute', 'target-vpn-gateways', 'create']
2016-12-19 11:56:48,570 DEBUG    root            Loaded Command Group: ['gcloud', 'compute', 'target-vpn-gateways', 'describe']
2016-12-19 11:56:48,571 DEBUG    root            Loaded Command Group: ['gcloud', 'compute', 'target-vpn-gateways', 'list']
2016-12-19 11:56:48,573 DEBUG    root            Loaded Command Group: ['gcloud', 'compute', 'target-vpn-gateways', 'delete']
2016-12-19 11:56:48,579 DEBUG    root            Loaded Command Group: ['gcloud', 'compute', 'target_http_proxies']
2016-12-19 11:56:48,581 DEBUG    root            Loaded Command Group: ['gcloud', 'compute', 'target-http-proxies', 'create']
2016-12-19 11:56:48,583 DEBUG    root            Loaded Command Group: ['gcloud', 'compute', 'target-http-proxies', 'describe']
2016-12-19 11:56:48,584 DEBUG    root            Loaded Command Group: ['gcloud', 'compute', 'target-http-proxies', 'list']
2016-12-19 11:56:48,586 DEBUG    root            Loaded Command Group: ['gcloud', 'compute', 'target-http-proxies', 'update']
2016-12-19 11:56:48,587 DEBUG    root            Loaded Command Group: ['gcloud', 'compute', 'target-http-proxies', 'delete']
2016-12-19 11:56:48,592 DEBUG    root            No implementation for release track [GA] in file: [/usr/lib/google-cloud-sdk/lib/surface/compute/users/__init__.pyc]
2016-12-19 11:56:48,597 DEBUG    root            Loaded Command Group: ['gcloud', 'compute', 'firewall_rules']
2016-12-19 11:56:48,600 DEBUG    root            Loaded Command Group: ['gcloud', 'compute', 'firewall-rules', 'create']
2016-12-19 11:56:48,601 DEBUG    root            Loaded Command Group: ['gcloud', 'compute', 'firewall-rules', 'describe']
2016-12-19 11:56:48,602 DEBUG    root            Loaded Command Group: ['gcloud', 'compute', 'firewall-rules', 'list']
2016-12-19 11:56:48,603 DEBUG    root            Loaded Command Group: ['gcloud', 'compute', 'firewall-rules', 'update']
2016-12-19 11:56:48,604 DEBUG    root            Loaded Command Group: ['gcloud', 'compute', 'firewall-rules', 'delete']
2016-12-19 11:56:48,613 DEBUG    root            Loaded Command Group: ['gcloud', 'compute', 'routers']
2016-12-19 11:56:48,615 DEBUG    root            Loaded Command Group: ['gcloud', 'compute', 'routers', 'add_interface']
2016-12-19 11:56:48,624 DEBUG    root            Loaded Command Group: ['gcloud', 'compute', 'routers', 'remove_bgp_peer']
2016-12-19 11:56:48,635 DEBUG    root            Loaded Command Group: ['gcloud', 'compute', 'routers', 'update_bgp_peer']
2016-12-19 11:56:48,638 DEBUG    root            Loaded Command Group: ['gcloud', 'compute', 'routers', 'create']
2016-12-19 11:56:48,640 DEBUG    root            Loaded Command Group: ['gcloud', 'compute', 'routers', 'describe']
2016-12-19 11:56:48,641 DEBUG    root            Loaded Command Group: ['gcloud', 'compute', 'routers', 'list']
2016-12-19 11:56:48,650 DEBUG    root            Loaded Command Group: ['gcloud', 'compute', 'routers', 'remove_interface']
2016-12-19 11:56:48,652 DEBUG    root            Loaded Command Group: ['gcloud', 'compute', 'routers', 'get_status']
2016-12-19 11:56:48,666 DEBUG    root            Loaded Command Group: ['gcloud', 'compute', 'routers', 'update_interface']
2016-12-19 11:56:48,669 DEBUG    root            Loaded Command Group: ['gcloud', 'compute', 'routers', 'add_bgp_peer']
2016-12-19 11:56:48,670 DEBUG    root            Loaded Command Group: ['gcloud', 'compute', 'routers', 'delete']
2016-12-19 11:56:48,677 DEBUG    root            No implementation for release track [GA] in file: [/usr/lib/google-cloud-sdk/lib/surface/compute/sole_tenancy/__init__.pyc]
2016-12-19 11:56:48,681 DEBUG    root            Loaded Command Group: ['gcloud', 'compute', 'target_https_proxies']
2016-12-19 11:56:48,683 DEBUG    root            Loaded Command Group: ['gcloud', 'compute', 'target-https-proxies', 'create']
2016-12-19 11:56:48,684 DEBUG    root            Loaded Command Group: ['gcloud', 'compute', 'target-https-proxies', 'describe']
2016-12-19 11:56:48,685 DEBUG    root            Loaded Command Group: ['gcloud', 'compute', 'target-https-proxies', 'list']
2016-12-19 11:56:48,687 DEBUG    root            Loaded Command Group: ['gcloud', 'compute', 'target-https-proxies', 'update']
2016-12-19 11:56:48,688 DEBUG    root            Loaded Command Group: ['gcloud', 'compute', 'target-https-proxies', 'delete']
2016-12-19 11:56:48,695 DEBUG    root            Loaded Command Group: ['gcloud', 'compute', 'url_maps']
2016-12-19 11:56:48,697 DEBUG    root            Loaded Command Group: ['gcloud', 'compute', 'url-maps', 'remove_host_rule']
2016-12-19 11:56:48,698 DEBUG    root            Loaded Command Group: ['gcloud', 'compute', 'url-maps', 'invalidate_cdn_cache']
2016-12-19 11:56:48,699 DEBUG    root            Loaded Command Group: ['gcloud', 'compute', 'url-maps', 'list_cdn_cache_invalidations']
2016-12-19 11:56:48,707 DEBUG    root            Loaded Command Group: ['gcloud', 'compute', 'url-maps', 'edit']
2016-12-19 11:56:48,709 DEBUG    root            Loaded Command Group: ['gcloud', 'compute', 'url-maps', 'add_host_rule']
2016-12-19 11:56:48,710 DEBUG    root            Loaded Command Group: ['gcloud', 'compute', 'url-maps', 'describe']
2016-12-19 11:56:48,711 DEBUG    root            Loaded Command Group: ['gcloud', 'compute', 'url-maps', 'list']
2016-12-19 11:56:48,714 DEBUG    root            Loaded Command Group: ['gcloud', 'compute', 'url-maps', 'add_path_matcher']
2016-12-19 11:56:48,716 DEBUG    root            Loaded Command Group: ['gcloud', 'compute', 'url-maps', 'set_default_service']
2016-12-19 11:56:48,717 DEBUG    root            Loaded Command Group: ['gcloud', 'compute', 'url-maps', 'create']
2016-12-19 11:56:48,719 DEBUG    root            Loaded Command Group: ['gcloud', 'compute', 'url-maps', 'remove_path_matcher']
2016-12-19 11:56:48,720 DEBUG    root            Loaded Command Group: ['gcloud', 'compute', 'url-maps', 'delete']
2016-12-19 11:56:48,726 DEBUG    root            Loaded Command Group: ['gcloud', 'compute', 'health_checks']
2016-12-19 11:56:48,733 DEBUG    root            Loaded Command Group: ['gcloud', 'compute', 'health-checks', 'create']
2016-12-19 11:56:48,735 DEBUG    root            Loaded Command Group: ['gcloud', 'compute', 'health-checks', 'create', 'ssl']
2016-12-19 11:56:48,737 DEBUG    root            No implementation for release track [GA] in file: [/usr/lib/google-cloud-sdk/lib/surface/compute/health_checks/create/udp.pyc]
2016-12-19 11:56:48,737 DEBUG    root            Loaded Command Group: ['gcloud', 'compute', 'health-checks', 'create', 'http']
2016-12-19 11:56:48,739 DEBUG    root            Loaded Command Group: ['gcloud', 'compute', 'health-checks', 'create', 'https']
2016-12-19 11:56:48,741 DEBUG    root            No implementation for release track [GA] in file: [/usr/lib/google-cloud-sdk/lib/surface/compute/health_checks/create/http2.pyc]
2016-12-19 11:56:48,741 DEBUG    root            Loaded Command Group: ['gcloud', 'compute', 'health-checks', 'create', 'tcp']
2016-12-19 11:56:48,743 DEBUG    root            Loaded Command Group: ['gcloud', 'compute', 'health-checks', 'describe']
2016-12-19 11:56:48,751 DEBUG    root            Loaded Command Group: ['gcloud', 'compute', 'health-checks', 'list']
2016-12-19 11:56:48,760 DEBUG    root            Loaded Command Group: ['gcloud', 'compute', 'health-checks', 'update']
2016-12-19 11:56:48,762 DEBUG    root            Loaded Command Group: ['gcloud', 'compute', 'health-checks', 'update', 'ssl']
2016-12-19 11:56:48,763 DEBUG    root            No implementation for release track [GA] in file: [/usr/lib/google-cloud-sdk/lib/surface/compute/health_checks/update/udp.pyc]
2016-12-19 11:56:48,763 DEBUG    root            Loaded Command Group: ['gcloud', 'compute', 'health-checks', 'update', 'http']
2016-12-19 11:56:48,765 DEBUG    root            Loaded Command Group: ['gcloud', 'compute', 'health-checks', 'update', 'https']
2016-12-19 11:56:48,766 DEBUG    root            No implementation for release track [GA] in file: [/usr/lib/google-cloud-sdk/lib/surface/compute/health_checks/update/http2.pyc]
2016-12-19 11:56:48,766 DEBUG    root            Loaded Command Group: ['gcloud', 'compute', 'health-checks', 'update', 'tcp']
2016-12-19 11:56:48,768 DEBUG    root            Loaded Command Group: ['gcloud', 'compute', 'health-checks', 'delete']
2016-12-19 11:56:48,769 DEBUG    root            Loaded Command Group: ['gcloud', 'compute', 'ssh']
2016-12-19 11:56:48,776 DEBUG    root            No implementation for release track [GA] in file: [/usr/lib/google-cloud-sdk/lib/surface/compute/groups/__init__.pyc]
2016-12-19 11:56:48,782 DEBUG    root            Loaded Command Group: ['gcloud', 'compute', 'instance_templates']
2016-12-19 11:56:48,785 DEBUG    root            Loaded Command Group: ['gcloud', 'compute', 'instance-templates', 'create']
2016-12-19 11:56:48,787 DEBUG    root            Loaded Command Group: ['gcloud', 'compute', 'instance-templates', 'describe']
2016-12-19 11:56:48,788 DEBUG    root            Loaded Command Group: ['gcloud', 'compute', 'instance-templates', 'list']
2016-12-19 11:56:48,789 DEBUG    root            No implementation for release track [GA] in file: [/usr/lib/google-cloud-sdk/lib/surface/compute/instance_templates/create_from_container.pyc]
2016-12-19 11:56:48,790 DEBUG    root            Loaded Command Group: ['gcloud', 'compute', 'instance-templates', 'delete']
2016-12-19 11:56:48,791 DEBUG    root            Loaded Command Group: ['gcloud', 'compute', 'config_ssh']
2016-12-19 11:56:48,798 DEBUG    root            Loaded Command Group: ['gcloud', 'compute', 'vpn_tunnels']
2016-12-19 11:56:48,812 DEBUG    root            Loaded Command Group: ['gcloud', 'compute', 'vpn-tunnels', 'create']
2016-12-19 11:56:48,818 DEBUG    root            Loaded Command Group: ['gcloud', 'compute', 'vpn-tunnels', 'describe']
2016-12-19 11:56:48,820 DEBUG    root            Loaded Command Group: ['gcloud', 'compute', 'vpn-tunnels', 'list']
2016-12-19 11:56:48,821 DEBUG    root            Loaded Command Group: ['gcloud', 'compute', 'vpn-tunnels', 'delete']
2016-12-19 11:56:48,829 DEBUG    root            Loaded Command Group: ['gcloud', 'compute', 'project_info']
2016-12-19 11:56:48,833 DEBUG    root            Loaded Command Group: ['gcloud', 'compute', 'project-info', 'remove_metadata']
2016-12-19 11:56:48,834 DEBUG    root            No implementation for release track [GA] in file: [/usr/lib/google-cloud-sdk/lib/surface/compute/project_info/set_default_service_account.pyc]
2016-12-19 11:56:48,835 DEBUG    root            Loaded Command Group: ['gcloud', 'compute', 'project-info', 'describe']
2016-12-19 11:56:48,836 DEBUG    root            Loaded Command Group: ['gcloud', 'compute', 'project-info', 'set_usage_bucket']
2016-12-19 11:56:48,837 DEBUG    root            Loaded Command Group: ['gcloud', 'compute', 'project-info', 'add_metadata']
2016-12-19 11:56:48,843 DEBUG    root            Loaded Command Group: ['gcloud', 'compute', 'https_health_checks']
2016-12-19 11:56:48,848 DEBUG    root            Loaded Command Group: ['gcloud', 'compute', 'https-health-checks', 'create']
2016-12-19 11:56:48,850 DEBUG    root            Loaded Command Group: ['gcloud', 'compute', 'https-health-checks', 'describe']
2016-12-19 11:56:48,851 DEBUG    root            Loaded Command Group: ['gcloud', 'compute', 'https-health-checks', 'list']
2016-12-19 11:56:48,852 DEBUG    root            Loaded Command Group: ['gcloud', 'compute', 'https-health-checks', 'update']
2016-12-19 11:56:48,854 DEBUG    root            Loaded Command Group: ['gcloud', 'compute', 'https-health-checks', 'delete']
2016-12-19 11:56:48,860 DEBUG    root            No implementation for release track [GA] in file: [/usr/lib/google-cloud-sdk/lib/surface/compute/backend_buckets/__init__.pyc]
2016-12-19 11:56:48,891 DEBUG    root            No implementation for release track [GA] in file: [/usr/lib/google-cloud-sdk/lib/surface/compute/scp.pyc]
2016-12-19 11:56:48,899 DEBUG    root            Loaded Command Group: ['gcloud', 'compute', 'target_instances']
2016-12-19 11:56:48,901 DEBUG    root            Loaded Command Group: ['gcloud', 'compute', 'target-instances', 'create']
2016-12-19 11:56:48,903 DEBUG    root            Loaded Command Group: ['gcloud', 'compute', 'target-instances', 'describe']
2016-12-19 11:56:48,904 DEBUG    root            Loaded Command Group: ['gcloud', 'compute', 'target-instances', 'list']
2016-12-19 11:56:48,905 DEBUG    root            Loaded Command Group: ['gcloud', 'compute', 'target-instances', 'delete']
2016-12-19 11:56:48,912 DEBUG    root            Loaded Command Group: ['gcloud', 'compute', 'machine_types']
2016-12-19 11:56:48,914 DEBUG    root            Loaded Command Group: ['gcloud', 'compute', 'machine-types', 'describe']
2016-12-19 11:56:48,915 DEBUG    root            Loaded Command Group: ['gcloud', 'compute', 'machine-types', 'list']
2016-12-19 11:56:48,923 DEBUG    root            No implementation for release track [GA] in file: [/usr/lib/google-cloud-sdk/lib/surface/compute/rolling_updates/__init__.pyc]
2016-12-19 11:56:48,931 DEBUG    root            Loaded Command Group: ['gcloud', 'compute', 'routes']
2016-12-19 11:56:48,933 DEBUG    root            Loaded Command Group: ['gcloud', 'compute', 'routes', 'create']
2016-12-19 11:56:48,935 DEBUG    root            Loaded Command Group: ['gcloud', 'compute', 'routes', 'describe']
2016-12-19 11:56:48,937 DEBUG    root            Loaded Command Group: ['gcloud', 'compute', 'routes', 'list']
2016-12-19 11:56:48,939 DEBUG    root            Loaded Command Group: ['gcloud', 'compute', 'routes', 'delete']
2016-12-19 11:56:48,945 DEBUG    root            Loaded Command Group: ['gcloud', 'service_management']
2016-12-19 11:56:48,953 DEBUG    root            Loaded Command Group: ['gcloud', 'service-management', 'operations']
2016-12-19 11:56:48,954 DEBUG    root            Loaded Command Group: ['gcloud', 'service-management', 'operations', 'describe']
2016-12-19 11:56:48,956 DEBUG    root            Loaded Command Group: ['gcloud', 'service-management', 'operations', 'wait']
2016-12-19 11:56:48,957 DEBUG    root            Loaded Command Group: ['gcloud', 'service-management', 'remove_iam_policy_binding']
2016-12-19 11:56:48,958 DEBUG    root            Loaded Command Group: ['gcloud', 'service-management', 'enable']
2016-12-19 11:56:48,966 DEBUG    root            Loaded Command Group: ['gcloud', 'service-management', 'deploy']
2016-12-19 11:56:48,968 DEBUG    root            Loaded Command Group: ['gcloud', 'service-management', 'describe']
2016-12-19 11:56:48,975 DEBUG    root            No implementation for release track [GA] in file: [/usr/lib/google-cloud-sdk/lib/surface/service_management/api_keys/__init__.pyc]
2016-12-19 11:56:48,975 DEBUG    root            Loaded Command Group: ['gcloud', 'service-management', 'disable']
2016-12-19 11:56:48,983 DEBUG    root            Loaded Command Group: ['gcloud', 'service-management', 'configs']
2016-12-19 11:56:48,985 DEBUG    root            Loaded Command Group: ['gcloud', 'service-management', 'configs', 'describe']
2016-12-19 11:56:48,986 DEBUG    root            Loaded Command Group: ['gcloud', 'service-management', 'configs', 'list']
2016-12-19 11:56:48,988 DEBUG    root            Loaded Command Group: ['gcloud', 'service-management', 'add_iam_policy_binding']
2016-12-19 11:56:48,989 DEBUG    root            No implementation for release track [GA] in file: [/usr/lib/google-cloud-sdk/lib/surface/service_management/convert_config.pyc]
2016-12-19 11:56:48,996 DEBUG    root            No implementation for release track [GA] in file: [/usr/lib/google-cloud-sdk/lib/surface/service_management/versions/__init__.pyc]
2016-12-19 11:56:48,997 DEBUG    root            Loaded Command Group: ['gcloud', 'service-management', 'undelete']
2016-12-19 11:56:48,999 DEBUG    root            Loaded Command Group: ['gcloud', 'service-management', 'list']
2016-12-19 11:56:49,000 DEBUG    root            Loaded Command Group: ['gcloud', 'service-management', 'check_iam_policy']
2016-12-19 11:56:49,001 DEBUG    root            Loaded Command Group: ['gcloud', 'service-management', 'get_iam_policy']
2016-12-19 11:56:49,002 DEBUG    root            Loaded Command Group: ['gcloud', 'service-management', 'delete']
2016-12-19 11:56:49,017 DEBUG    root            No implementation for release track [GA] in file: [/usr/lib/google-cloud-sdk/lib/surface/dataflow/__init__.pyc]
2016-12-19 11:56:49,024 DEBUG    root            No implementation for release track [GA] in file: [/usr/lib/google-cloud-sdk/lib/surface/ml/__init__.pyc]
2016-12-19 11:56:49,025 DEBUG    root            Loaded Command Group: ['gcloud', 'components', 'restore']
2016-12-19 11:56:49,026 DEBUG    root            Loaded Command Group: ['gcloud', 'components', 'list']
2016-12-19 11:56:49,033 DEBUG    root            Loaded Command Group: ['gcloud', 'components', 'repositories']
2016-12-19 11:56:49,035 DEBUG    root            Loaded Command Group: ['gcloud', 'components', 'repositories', 'add']
2016-12-19 11:56:49,037 DEBUG    root            Loaded Command Group: ['gcloud', 'components', 'repositories', 'list']
2016-12-19 11:56:49,039 DEBUG    root            Loaded Command Group: ['gcloud', 'components', 'repositories', 'remove']
2016-12-19 11:56:49,040 DEBUG    root            Loaded Command Group: ['gcloud', 'components', 'update']
2016-12-19 11:56:49,041 DEBUG    root            Loaded Command Group: ['gcloud', 'components', 'remove']
2016-12-19 11:56:49,042 DEBUG    root            Loaded Command Group: ['gcloud', 'components', 'install']
2016-12-19 11:56:49,043 DEBUG    root            Loaded Command Group: ['gcloud', 'components', 'copy_bundled_python']
2016-12-19 11:56:49,044 DEBUG    root            Loaded Command Group: ['gcloud', 'components', 'reinstall']
2016-12-19 11:56:49,052 DEBUG    root            No implementation for release track [GA] in file: [/usr/lib/google-cloud-sdk/lib/surface/debug/__init__.pyc]
2016-12-19 11:56:49,052 DEBUG    root            Loaded Command Group: ['gcloud', 'docker']
2016-12-19 11:56:49,060 DEBUG    root            Loaded Command Group: ['gcloud', 'deployment_manager']
2016-12-19 11:56:49,067 DEBUG    root            Loaded Command Group: ['gcloud', 'deployment-manager', 'operations']
2016-12-19 11:56:49,070 DEBUG    root            Loaded Command Group: ['gcloud', 'deployment-manager', 'operations', 'describe']
2016-12-19 11:56:49,071 DEBUG    root            Loaded Command Group: ['gcloud', 'deployment-manager', 'operations', 'list']
2016-12-19 11:56:49,072 DEBUG    root            Loaded Command Group: ['gcloud', 'deployment-manager', 'operations', 'wait']
2016-12-19 11:56:49,080 DEBUG    root            Loaded Command Group: ['gcloud', 'deployment-manager', 'types']
2016-12-19 11:56:49,082 DEBUG    root            Loaded Command Group: ['gcloud', 'deployment-manager', 'types', 'list']
2016-12-19 11:56:49,090 DEBUG    root            Loaded Command Group: ['gcloud', 'deployment-manager', 'manifests']
2016-12-19 11:56:49,092 DEBUG    root            Loaded Command Group: ['gcloud', 'deployment-manager', 'manifests', 'describe']
2016-12-19 11:56:49,093 DEBUG    root            Loaded Command Group: ['gcloud', 'deployment-manager', 'manifests', 'list']
2016-12-19 11:56:49,100 DEBUG    root            No implementation for release track [GA] in file: [/usr/lib/google-cloud-sdk/lib/surface/deployment_manager/runtime_configs/__init__.pyc]
2016-12-19 11:56:49,106 DEBUG    root            Loaded Command Group: ['gcloud', 'deployment-manager', 'resources']
2016-12-19 11:56:49,107 DEBUG    root            Loaded Command Group: ['gcloud', 'deployment-manager', 'resources', 'describe']
2016-12-19 11:56:49,108 DEBUG    root            Loaded Command Group: ['gcloud', 'deployment-manager', 'resources', 'list']
2016-12-19 11:56:49,117 DEBUG    root            Loaded Command Group: ['gcloud', 'deployment-manager', 'deployments']
2016-12-19 11:56:49,119 DEBUG    root            Loaded Command Group: ['gcloud', 'deployment-manager', 'deployments', 'delete']
2016-12-19 11:56:49,120 DEBUG    root            Loaded Command Group: ['gcloud', 'deployment-manager', 'deployments', 'stop']
2016-12-19 11:56:49,122 DEBUG    root            Loaded Command Group: ['gcloud', 'deployment-manager', 'deployments', 'create']
2016-12-19 11:56:49,135 DEBUG    root            Loaded Command Group: ['gcloud', 'deployment-manager', 'deployments', 'describe']
2016-12-19 11:56:49,137 DEBUG    root            Loaded Command Group: ['gcloud', 'deployment-manager', 'deployments', 'list']
2016-12-19 11:56:49,139 DEBUG    root            Loaded Command Group: ['gcloud', 'deployment-manager', 'deployments', 'update']
2016-12-19 11:56:49,148 DEBUG    root            Loaded Command Group: ['gcloud', 'deployment-manager', 'deployments', 'cancel_preview']
2016-12-19 11:56:49,656 INFO     root            Display format "none".
2016-12-19 11:56:49,663 DEBUG    root            Metrics reporting process started...
