2017-01-05 13:18:49,989 DEBUG    root            Loaded Command Group: ['gcloud', 'compute']
2017-01-05 13:18:50,016 DEBUG    root            Loaded Command Group: ['gcloud', 'compute', 'ssh']
2017-01-05 13:18:50,020 DEBUG    root            Running gcloud.compute.ssh with Namespace(__calliope_internal_deepest_parser=ArgumentParser(prog='gcloud.compute.ssh', usage=None, description='SSH into a virtual machine instance.', version=None, formatter_class=<class 'argparse.HelpFormatter'>, conflict_handler='error', add_help=False), account=None, authority_selector=None, authorization_token_file=None, calliope_command=<googlecloudsdk.calliope.backend.Command object at 0x7f24f6e2ccd0>, command=None, command_path=['gcloud', 'compute', 'ssh'], configuration=None, container=None, credential_file_override=None, document=None, dry_run=False, flatten=None, force_key_file_overwrite=None, format=None, h=None, help=None, http_timeout=None, log_http=None, plain=False, project=None, quiet=None, ssh_args=[], ssh_flag=None, ssh_key_file=None, strict_host_key_checking=None, trace_email=None, trace_log=None, trace_token=None, user_host='blender-manager', user_output_enabled=None, verbosity='warning', version=None, zone=None).
2017-01-05 13:18:52,325 DEBUG    root            Starting batch request...
2017-01-05 13:18:52,325 DEBUG    root            Adding request: (<googlecloudsdk.third_party.apis.compute.v1.compute_v1_client.InstancesService object at 0x7f24f69bf990>, 'Get', <ComputeInstancesGetRequest
 instance: 'blender-manager'
 project: 'corded-keel-151213'
 zone: 'europe-west1-c'>)
2017-01-05 13:18:52,325 DEBUG    root            Making batch request...
2017-01-05 13:18:52,585 DEBUG    root            Batch request done; responses [<Instance
 canIpForward: False
 cpuPlatform: u'Intel Ivy Bridge'
 creationTimestamp: u'2016-12-01T05:41:25.536-08:00'
 description: u''
 disks: [<AttachedDisk
 autoDelete: True
 boot: True
 deviceName: u'blender-manager'
 index: 0
 interface: InterfaceValueValuesEnum(SCSI, 1)
 kind: u'compute#attachedDisk'
 licenses: [u'https://www.googleapis.com/compute/v1/projects/ubuntu-os-cloud/global/licenses/ubuntu-1404-trusty']
 mode: ModeValueValuesEnum(READ_WRITE, 1)
 source: u'https://www.googleapis.com/compute/v1/projects/corded-keel-151213/zones/europe-west1-c/disks/blender-manager'
 type: TypeValueValuesEnum(PERSISTENT, 0)>]
 id: 2361594190945425002
 kind: u'compute#instance'
 machineType: u'https://www.googleapis.com/compute/v1/projects/corded-keel-151213/zones/europe-west1-c/machineTypes/n1-standard-1'
 metadata: <Metadata
 fingerprint: '\x9a\x91\xd3\xcb\xdd\xaf\xd2\xd0'
 items: []
 kind: u'compute#metadata'>
 name: u'blender-manager'
 networkInterfaces: [<NetworkInterface
 accessConfigs: [<AccessConfig
 kind: u'compute#accessConfig'
 name: u'External NAT'
 natIP: u'104.199.94.139'
 type: TypeValueValuesEnum(ONE_TO_ONE_NAT, 0)>]
 name: u'nic0'
 network: u'https://www.googleapis.com/compute/v1/projects/corded-keel-151213/global/networks/default'
 networkIP: u'10.132.0.2'
 subnetwork: u'https://www.googleapis.com/compute/v1/projects/corded-keel-151213/regions/europe-west1/subnetworks/default'>]
 scheduling: <Scheduling
 automaticRestart: True
 onHostMaintenance: OnHostMaintenanceValueValuesEnum(MIGRATE, 0)
 preemptible: False>
 selfLink: u'https://www.googleapis.com/compute/v1/projects/corded-keel-151213/zones/europe-west1-c/instances/blender-manager'
 serviceAccounts: [<ServiceAccount
 email: u'304034796277-compute@developer.gserviceaccount.com'
 scopes: [u'https://www.googleapis.com/auth/cloud-platform']>]
 status: StatusValueValuesEnum(RUNNING, 1)
 tags: <Tags
 fingerprint: '\xea\xc9\x9c\xe1\x1e\x1d\xdf\xd2'
 items: [u'http-server', u'https-server']>
 zone: u'https://www.googleapis.com/compute/v1/projects/corded-keel-151213/zones/europe-west1-c'>]
2017-01-05 13:18:52,585 DEBUG    root            Starting batch request...
2017-01-05 13:18:52,586 DEBUG    root            Adding request: (<googlecloudsdk.third_party.apis.compute.v1.compute_v1_client.ProjectsService object at 0x7f24f69bfa90>, 'Get', <ComputeProjectsGetRequest
 project: 'corded-keel-151213'>)
2017-01-05 13:18:52,586 DEBUG    root            Making batch request...
2017-01-05 13:18:52,824 DEBUG    root            Batch request done; responses [<Project
 commonInstanceMetadata: <Metadata
 fingerprint: '\xdf(2\x84\x13\xca[\xe3'
 items: [<ItemsValueListEntry
 key: u'sshKeys'
 value: u'projectcloudbristol:ssh-rsa AAAAB3NzaC1yc2EAAAADAQABAAABAHn0fxegVGMBkr5SrfM4HAsAgqtAQr8xWsCnlRmv1C3eAO7JhY1+zK4ZZgLr+7mzghJqCppqimNIgdoS8PZn8jXCL32E277/JUY+izYU1HZAJcfk1QmRr+vYYfDzQGuOzQA8Y8eh9fMex/RePV8OOxcfLLb620KjoY46oUxFKFi2KarHm2wmuqcdqnl3oPIyyS+ioHDjgkecJGj5zyiVwpps7xxR0NL3JQDP948obN2sld5/C8+foT9Riv4YVSH+EcbUVIH9+tfWtCLEkMTIOjflmY370PL0cIZsTUuNKwROtC74vtBYRQdYksBvvgBBVhDaHLykjYV86GnWAxhqEt0= google-ssh {"userName":"projectcloudbristol@gmail.com","expireOn":"2017-01-05T13:19:35+0000"}\nprojectcloudbristol:ecdsa-sha2-nistp256 AAAAE2VjZHNhLXNoYTItbmlzdHAyNTYAAAAIbmlzdHAyNTYAAABBBBFoi55EN+jUz+zJ6AKk5v0yoYrhDSKFZqQdfhV2u3/6PtKMtHSnw9qVjr2MP4uFbxHAXo1sH1Q/dO1vO86TPK4= google-ssh {"userName":"projectcloudbristol@gmail.com","expireOn":"2017-01-05T13:19:33+0000"}\nprojectcloudbristol:ssh-rsa AAAAB3NzaC1yc2EAAAADAQABAAABAQCHKQ89xNIo+WTOm6pTH0C3AgIpzwp6+yR3Z7720BxIKi1Mx8bxGxLRw1gDTsD2dSxqFHFAZZ8psskSnW9Stfo8u/kkMhF9bd1qBgHo8szPEs+I0RXHd/irya82iWFPjBSKNA1JMkGO53R4/QRncII/wk0D8bcmWiMoIIemQ12o0Q6vsRyUAfk+oPu1M7TnlZmyUvxvHiQ4X/HaeeMg4aiomxWPkZirg8GNalIBLAsNiLNKX/kM80u2OgcNVbZzJWrYzgd0JesvyVbMWgPNZIL9lnUiSUS7iCGRkhI70lailcgcB9MGW09DK+BNGfzZ5ou7EaUkTLdcxRyysZ6O7rHD google-ssh {"userName":"projectcloudbristol@gmail.com","expireOn":"2017-01-05T13:17:29+0000"}\nprojectcloudbristol:ecdsa-sha2-nistp256 AAAAE2VjZHNhLXNoYTItbmlzdHAyNTYAAAAIbmlzdHAyNTYAAABBBMLvTqo16z2EEJyXrkvO3DLrvQ9KcaBxZD6VL8bqqhUdK2tQA62JPgUZAntUViktBd396PrL2a4xHb8gD16jaUo= google-ssh {"userName":"projectcloudbristol@gmail.com","expireOn":"2017-01-05T13:17:22+0000"}\nprojectcloudbristol:ssh-rsa AAAAB3NzaC1yc2EAAAADAQABAAABAQDQ/EXI9pAqMuYCQX5cAxdjrmzrGJj6yF8SKPYVhxDYwmnSw54IUluPXu6pNARDKgRdd5lZlVDEgcmKDu1ZIyf02Bl/qTzYhAUFDuUoreaWLdcdfdVVPZ+oYqJ9BXAHLKy+6uwAHoOlXDIMvcyDmdRe77fb+1unJ4zws9w+q0H5Oq5fycsOPPnLsj144kAGiBH21uXMWx3aKgncKrsTYleMWvuz8h1VqE0kkaFvI4lay6pgNimQsGzx+PRjWwsSqObQz/2OfxUGEbWrzeohp4yrsvJryXvJLjNQ2tdnoOP5eUqjwM/oZmJ0pKtDNxYA2rxoCeupm0NOYM/4AurlUe2n projectcloudbristol@blender-worker1\nroot:ssh-rsa AAAAB3NzaC1yc2EAAAADAQABAAABAQDQ/EXI9pAqMuYCQX5cAxdjrmzrGJj6yF8SKPYVhxDYwmnSw54IUluPXu6pNARDKgRdd5lZlVDEgcmKDu1ZIyf02Bl/qTzYhAUFDuUoreaWLdcdfdVVPZ+oYqJ9BXAHLKy+6uwAHoOlXDIMvcyDmdRe77fb+1unJ4zws9w+q0H5Oq5fycsOPPnLsj144kAGiBH21uXMWx3aKgncKrsTYleMWvuz8h1VqE0kkaFvI4lay6pgNimQsGzx+PRjWwsSqObQz/2OfxUGEbWrzeohp4yrsvJryXvJLjNQ2tdnoOP5eUqjwM/oZmJ0pKtDNxYA2rxoCeupm0NOYM/4AurlUe2n projectcloudbristol@blender-worker1'>]
 kind: u'compute#metadata'>
 creationTimestamp: u'2016-12-01T05:39:06.130-08:00'
 defaultServiceAccount: u'304034796277-compute@developer.gserviceaccount.com'
 enabledFeatures: []
 id: 1053545240770484501
 kind: u'compute#project'
 name: u'corded-keel-151213'
 quotas: [<Quota
 limit: 1000.0
 metric: MetricValueValuesEnum(SNAPSHOTS, 20)
 usage: 2.0>, <Quota
 limit: 5.0
 metric: MetricValueValuesEnum(NETWORKS, 14)
 usage: 1.0>, <Quota
 limit: 100.0
 metric: MetricValueValuesEnum(FIREWALLS, 4)
 usage: 8.0>, <Quota
 limit: 100.0
 metric: MetricValueValuesEnum(IMAGES, 7)
 usage: 2.0>, <Quota
 limit: 1.0
 metric: MetricValueValuesEnum(STATIC_ADDRESSES, 23)
 usage: 0.0>, <Quota
 limit: 200.0
 metric: MetricValueValuesEnum(ROUTES, 19)
 usage: 7.0>, <Quota
 limit: 15.0
 metric: MetricValueValuesEnum(FORWARDING_RULES, 5)
 usage: 0.0>, <Quota
 limit: 50.0
 metric: MetricValueValuesEnum(TARGET_POOLS, 28)
 usage: 0.0>, <Quota
 limit: 50.0
 metric: MetricValueValuesEnum(HEALTH_CHECKS, 6)
 usage: 0.0>, <Quota
 limit: 23.0
 metric: MetricValueValuesEnum(IN_USE_ADDRESSES, 12)
 usage: 0.0>, <Quota
 limit: 50.0
 metric: MetricValueValuesEnum(TARGET_INSTANCES, 27)
 usage: 0.0>, <Quota
 limit: 10.0
 metric: MetricValueValuesEnum(TARGET_HTTP_PROXIES, 26)
 usage: 0.0>, <Quota
 limit: 10.0
 metric: MetricValueValuesEnum(URL_MAPS, 32)
 usage: 0.0>, <Quota
 limit: 5.0
 metric: MetricValueValuesEnum(BACKEND_SERVICES, 1)
 usage: 0.0>, <Quota
 limit: 100.0
 metric: MetricValueValuesEnum(INSTANCE_TEMPLATES, 11)
 usage: 1.0>, <Quota
 limit: 5.0
 metric: MetricValueValuesEnum(TARGET_VPN_GATEWAYS, 30)
 usage: 0.0>, <Quota
 limit: 10.0
 metric: MetricValueValuesEnum(VPN_TUNNELS, 33)
 usage: 0.0>, <Quota
 limit: 10.0
 metric: MetricValueValuesEnum(ROUTERS, 18)
 usage: 0.0>, <Quota
 limit: 10.0
 metric: MetricValueValuesEnum(TARGET_SSL_PROXIES, 29)
 usage: 0.0>, <Quota
 limit: 10.0
 metric: MetricValueValuesEnum(TARGET_HTTPS_PROXIES, 25)
 usage: 0.0>, <Quota
 limit: 10.0
 metric: MetricValueValuesEnum(SSL_CERTIFICATES, 22)
 usage: 0.0>, <Quota
 limit: 100.0
 metric: MetricValueValuesEnum(SUBNETWORKS, 24)
 usage: 6.0>]
 selfLink: u'https://www.googleapis.com/compute/v1/projects/corded-keel-151213'>]
2017-01-05 13:18:52,824 DEBUG    root            Current SSH keys in project: [u'projectcloudbristol:ssh-rsa AAAAB3NzaC1yc2EAAAADAQABAAABAHn0fxegVGMBkr5SrfM4HAsAgqtAQr8xWsCnlRmv1C3eAO7JhY1+zK4ZZgLr+7mzghJqCppqimNIgdoS8PZn8jXCL32E277/JUY+izYU1HZAJcfk1QmRr+vYYfDzQGuOzQA8Y8eh9fMex/RePV8OOxcfLLb620KjoY46oUxFKFi2KarHm2wmuqcdqnl3oPIyyS+ioHDjgkecJGj5zyiVwpps7xxR0NL3JQDP948obN2sld5/C8+foT9Riv4YVSH+EcbUVIH9+tfWtCLEkMTIOjflmY370PL0cIZsTUuNKwROtC74vtBYRQdYksBvvgBBVhDaHLykjYV86GnWAxhqEt0= google-ssh {"userName":"projectcloudbristol@gmail.com","expireOn":"2017-01-05T13:19:35+0000"}', u'projectcloudbristol:ecdsa-sha2-nistp256 AAAAE2VjZHNhLXNoYTItbmlzdHAyNTYAAAAIbmlzdHAyNTYAAABBBBFoi55EN+jUz+zJ6AKk5v0yoYrhDSKFZqQdfhV2u3/6PtKMtHSnw9qVjr2MP4uFbxHAXo1sH1Q/dO1vO86TPK4= google-ssh {"userName":"projectcloudbristol@gmail.com","expireOn":"2017-01-05T13:19:33+0000"}', u'projectcloudbristol:ssh-rsa AAAAB3NzaC1yc2EAAAADAQABAAABAQCHKQ89xNIo+WTOm6pTH0C3AgIpzwp6+yR3Z7720BxIKi1Mx8bxGxLRw1gDTsD2dSxqFHFAZZ8psskSnW9Stfo8u/kkMhF9bd1qBgHo8szPEs+I0RXHd/irya82iWFPjBSKNA1JMkGO53R4/QRncII/wk0D8bcmWiMoIIemQ12o0Q6vsRyUAfk+oPu1M7TnlZmyUvxvHiQ4X/HaeeMg4aiomxWPkZirg8GNalIBLAsNiLNKX/kM80u2OgcNVbZzJWrYzgd0JesvyVbMWgPNZIL9lnUiSUS7iCGRkhI70lailcgcB9MGW09DK+BNGfzZ5ou7EaUkTLdcxRyysZ6O7rHD google-ssh {"userName":"projectcloudbristol@gmail.com","expireOn":"2017-01-05T13:17:29+0000"}', u'projectcloudbristol:ecdsa-sha2-nistp256 AAAAE2VjZHNhLXNoYTItbmlzdHAyNTYAAAAIbmlzdHAyNTYAAABBBMLvTqo16z2EEJyXrkvO3DLrvQ9KcaBxZD6VL8bqqhUdK2tQA62JPgUZAntUViktBd396PrL2a4xHb8gD16jaUo= google-ssh {"userName":"projectcloudbristol@gmail.com","expireOn":"2017-01-05T13:17:22+0000"}', u'projectcloudbristol:ssh-rsa AAAAB3NzaC1yc2EAAAADAQABAAABAQDQ/EXI9pAqMuYCQX5cAxdjrmzrGJj6yF8SKPYVhxDYwmnSw54IUluPXu6pNARDKgRdd5lZlVDEgcmKDu1ZIyf02Bl/qTzYhAUFDuUoreaWLdcdfdVVPZ+oYqJ9BXAHLKy+6uwAHoOlXDIMvcyDmdRe77fb+1unJ4zws9w+q0H5Oq5fycsOPPnLsj144kAGiBH21uXMWx3aKgncKrsTYleMWvuz8h1VqE0kkaFvI4lay6pgNimQsGzx+PRjWwsSqObQz/2OfxUGEbWrzeohp4yrsvJryXvJLjNQ2tdnoOP5eUqjwM/oZmJ0pKtDNxYA2rxoCeupm0NOYM/4AurlUe2n projectcloudbristol@blender-worker1', u'root:ssh-rsa AAAAB3NzaC1yc2EAAAADAQABAAABAQDQ/EXI9pAqMuYCQX5cAxdjrmzrGJj6yF8SKPYVhxDYwmnSw54IUluPXu6pNARDKgRdd5lZlVDEgcmKDu1ZIyf02Bl/qTzYhAUFDuUoreaWLdcdfdVVPZ+oYqJ9BXAHLKy+6uwAHoOlXDIMvcyDmdRe77fb+1unJ4zws9w+q0H5Oq5fycsOPPnLsj144kAGiBH21uXMWx3aKgncKrsTYleMWvuz8h1VqE0kkaFvI4lay6pgNimQsGzx+PRjWwsSqObQz/2OfxUGEbWrzeohp4yrsvJryXvJLjNQ2tdnoOP5eUqjwM/oZmJ0pKtDNxYA2rxoCeupm0NOYM/4AurlUe2n projectcloudbristol@blender-worker1']
2017-01-05 13:18:52,824 DEBUG    root            /usr/bin/ssh command: /usr/bin/ssh -i /home/projectcloudbristol/.ssh/google_compute_engine -o UserKnownHostsFile=/home/projectcloudbristol/.ssh/google_compute_known_hosts -o IdentitiesOnly=yes -o CheckHostIP=no -o HostKeyAlias=compute.2361594190945425002 -o StrictHostKeyChecking=no root@104.199.94.139
2017-01-05 13:18:52,889 DEBUG    root            (gcloud.compute.ssh) [/usr/bin/ssh] exited with return code [255]. See https://cloud.google.com/compute/docs/troubleshooting#ssherrors for troubleshooting hints.
Traceback (most recent call last):
  File "/usr/lib/google-cloud-sdk/lib/googlecloudsdk/calliope/cli.py", line 740, in Execute
    resources = args.calliope_command.Run(cli=self, args=args)
  File "/usr/lib/google-cloud-sdk/lib/googlecloudsdk/calliope/backend.py", line 1684, in Run
    resources = command_instance.Run(args)
  File "/usr/lib/google-cloud-sdk/lib/surface/compute/ssh.py", line 176, in Run
    use_account_service=self._use_accounts_service)
  File "/usr/lib/google-cloud-sdk/lib/googlecloudsdk/api_lib/compute/ssh_utils.py", line 1192, in ActuallyRun
    ignore_ssh_errors=ignore_ssh_errors)
  File "/usr/lib/google-cloud-sdk/lib/googlecloudsdk/api_lib/compute/ssh_utils.py", line 437, in _RunExecutable
    raise SshLikeCmdFailed(cmd_args[0], return_code=returncode)
SshLikeCmdFailed: [/usr/bin/ssh] exited with return code [255]. See https://cloud.google.com/compute/docs/troubleshooting#ssherrors for troubleshooting hints.
2017-01-05 13:18:52,951 ERROR    root            (gcloud.compute.ssh) [/usr/bin/ssh] exited with return code [255]. See https://cloud.google.com/compute/docs/troubleshooting#ssherrors for troubleshooting hints.
2017-01-05 13:18:52,957 DEBUG    root            Metrics reporting process started...
